#
# There is insufficient memory for the Java Runtime Environment to continue.
# Native memory allocation (mmap) failed to map 2481979392 bytes for committing reserved memory.
# Possible reasons:
#   The system is out of physical RAM or swap space
#   In 32 bit mode, the process size limit was hit
# Possible solutions:
#   Reduce memory load on the system
#   Increase physical memory or swap space
#   Check if swap backing store is full
#   Use 64 bit Java on a 64 bit OS
#   Decrease Java heap size (-Xmx/-Xms)
#   Decrease number of Java threads
#   Decrease Java thread stack sizes (-Xss)
#   Set larger code cache with -XX:ReservedCodeCacheSize=
# This output file may be truncated or incomplete.
#
#  Out of Memory Error (os_linux.cpp:2651), pid=9140, tid=0x00007fac9b229700
#
# JRE version:  (8.0_141-b16) (build )
# Java VM: OpenJDK 64-Bit Server VM (25.141-b16 mixed mode linux-amd64 compressed oops)
# Failed to write core dump. Core dumps have been disabled. To enable core dumping, try "ulimit -c unlimited" before starting Java again
#

---------------  T H R E A D  ---------------

Current thread (0x00007fac94009000):  JavaThread "Unknown thread" [_thread_in_vm, id=9141, stack(0x00007fac9b129000,0x00007fac9b22a000)]

Stack: [0x00007fac9b129000,0x00007fac9b22a000],  sp=0x00007fac9b2285c0,  free space=1021k
Native frames: (J=compiled Java code, j=interpreted, Vv=VM code, C=native code)
V  [libjvm.so+0xa181cd]
V  [libjvm.so+0x4c998a]
V  [libjvm.so+0x878690]
V  [libjvm.so+0x872d8e]
V  [libjvm.so+0x8eabab]
V  [libjvm.so+0x8dc6a8]
V  [libjvm.so+0x2cc863]
V  [libjvm.so+0x89cdc0]
V  [libjvm.so+0x9e24c9]
V  [libjvm.so+0x9e26d2]
V  [libjvm.so+0x5f5785]
V  [libjvm.so+0x9c5dde]
V  [libjvm.so+0x66878f]  JNI_CreateJavaVM+0x5f
C  [libjli.so+0x3057]
C  [libpthread.so.0+0x7dc5]  start_thread+0xc5


---------------  P R O C E S S  ---------------

Java Threads: ( => current thread )

Other Threads:

=>0x00007fac94009000 (exited) JavaThread "Unknown thread" [_thread_in_vm, id=9141, stack(0x00007fac9b129000,0x00007fac9b22a000)]

VM state:not at safepoint (not fully initialized)

VM Mutex/Monitor currently owned by a thread: None

GC Heap History (0 events):
No events

Deoptimization events (0 events):
No events

Internal exceptions (0 events):
No events

Events (0 events):
No events


Dynamic libraries:
00400000-00401000 r-xp 00000000 fd:01 1063009                            /usr/lib/jvm/java-1.8.0-openjdk-1.8.0.141-1.b16.el7_3.x86_64/jre/bin/java
00600000-00601000 r--p 00000000 fd:01 1063009                            /usr/lib/jvm/java-1.8.0-openjdk-1.8.0.141-1.b16.el7_3.x86_64/jre/bin/java
00601000-00602000 rw-p 00001000 fd:01 1063009                            /usr/lib/jvm/java-1.8.0-openjdk-1.8.0.141-1.b16.el7_3.x86_64/jre/bin/java
01d6d000-01d8e000 rw-p 00000000 00:00 0                                  [heap]
776100000-7c0000000 rw-p 00000000 00:00 0 
7fac84550000-7fac849ef000 ---p 00000000 00:00 0 
7fac849ef000-7fac84c4a000 rw-p 00000000 00:00 0 
7fac84c4a000-7fac85000000 ---p 00000000 00:00 0 
7fac85000000-7fac85270000 rwxp 00000000 00:00 0 
7fac85270000-7fac94000000 ---p 00000000 00:00 0 
7fac94000000-7fac94030000 rw-p 00000000 00:00 0 
7fac94030000-7fac98000000 ---p 00000000 00:00 0 
7fac98285000-7fac9828d000 r-xp 00000000 fd:01 1063054                    /usr/lib/jvm/java-1.8.0-openjdk-1.8.0.141-1.b16.el7_3.x86_64/jre/lib/amd64/libzip.so
7fac9828d000-7fac9848c000 ---p 00008000 fd:01 1063054                    /usr/lib/jvm/java-1.8.0-openjdk-1.8.0.141-1.b16.el7_3.x86_64/jre/lib/amd64/libzip.so
7fac9848c000-7fac9848d000 r--p 00007000 fd:01 1063054                    /usr/lib/jvm/java-1.8.0-openjdk-1.8.0.141-1.b16.el7_3.x86_64/jre/lib/amd64/libzip.so
7fac9848d000-7fac9848e000 rw-p 00008000 fd:01 1063054                    /usr/lib/jvm/java-1.8.0-openjdk-1.8.0.141-1.b16.el7_3.x86_64/jre/lib/amd64/libzip.so
7fac9848e000-7fac9849a000 r-xp 00000000 fd:01 1050030                    /usr/lib64/libnss_files-2.17.so
7fac9849a000-7fac98699000 ---p 0000c000 fd:01 1050030                    /usr/lib64/libnss_files-2.17.so
7fac98699000-7fac9869a000 r--p 0000b000 fd:01 1050030                    /usr/lib64/libnss_files-2.17.so
7fac9869a000-7fac9869b000 rw-p 0000c000 fd:01 1050030                    /usr/lib64/libnss_files-2.17.so
7fac9869b000-7fac986a1000 rw-p 00000000 00:00 0 
7fac986a1000-7fac986ce000 r-xp 00000000 fd:01 1063036                    /usr/lib/jvm/java-1.8.0-openjdk-1.8.0.141-1.b16.el7_3.x86_64/jre/lib/amd64/libjava.so
7fac986ce000-7fac988ce000 ---p 0002d000 fd:01 1063036                    /usr/lib/jvm/java-1.8.0-openjdk-1.8.0.141-1.b16.el7_3.x86_64/jre/lib/amd64/libjava.so
7fac988ce000-7fac988cf000 r--p 0002d000 fd:01 1063036                    /usr/lib/jvm/java-1.8.0-openjdk-1.8.0.141-1.b16.el7_3.x86_64/jre/lib/amd64/libjava.so
7fac988cf000-7fac988d1000 rw-p 0002e000 fd:01 1063036                    /usr/lib/jvm/java-1.8.0-openjdk-1.8.0.141-1.b16.el7_3.x86_64/jre/lib/amd64/libjava.so
7fac988d1000-7fac988de000 r-xp 00000000 fd:01 1063053                    /usr/lib/jvm/java-1.8.0-openjdk-1.8.0.141-1.b16.el7_3.x86_64/jre/lib/amd64/libverify.so
7fac988de000-7fac98add000 ---p 0000d000 fd:01 1063053                    /usr/lib/jvm/java-1.8.0-openjdk-1.8.0.141-1.b16.el7_3.x86_64/jre/lib/amd64/libverify.so
7fac98add000-7fac98adf000 r--p 0000c000 fd:01 1063053                    /usr/lib/jvm/java-1.8.0-openjdk-1.8.0.141-1.b16.el7_3.x86_64/jre/lib/amd64/libverify.so
7fac98adf000-7fac98ae0000 rw-p 0000e000 fd:01 1063053                    /usr/lib/jvm/java-1.8.0-openjdk-1.8.0.141-1.b16.el7_3.x86_64/jre/lib/amd64/libverify.so
7fac98ae0000-7fac98ae7000 r-xp 00000000 fd:01 1050042                    /usr/lib64/librt-2.17.so
7fac98ae7000-7fac98ce6000 ---p 00007000 fd:01 1050042                    /usr/lib64/librt-2.17.so
7fac98ce6000-7fac98ce7000 r--p 00006000 fd:01 1050042                    /usr/lib64/librt-2.17.so
7fac98ce7000-7fac98ce8000 rw-p 00007000 fd:01 1050042                    /usr/lib64/librt-2.17.so
7fac98ce8000-7fac98cfd000 r-xp 00000000 fd:01 1051651                    /usr/lib64/libgcc_s-4.8.5-20150702.so.1
7fac98cfd000-7fac98efc000 ---p 00015000 fd:01 1051651                    /usr/lib64/libgcc_s-4.8.5-20150702.so.1
7fac98efc000-7fac98efd000 r--p 00014000 fd:01 1051651                    /usr/lib64/libgcc_s-4.8.5-20150702.so.1
7fac98efd000-7fac98efe000 rw-p 00015000 fd:01 1051651                    /usr/lib64/libgcc_s-4.8.5-20150702.so.1
7fac98efe000-7fac98ffe000 r-xp 00000000 fd:01 1050020                    /usr/lib64/libm-2.17.so
7fac98ffe000-7fac991fe000 ---p 00100000 fd:01 1050020                    /usr/lib64/libm-2.17.so
7fac991fe000-7fac991ff000 r--p 00100000 fd:01 1050020                    /usr/lib64/libm-2.17.so
7fac991ff000-7fac99200000 rw-p 00101000 fd:01 1050020                    /usr/lib64/libm-2.17.so
7fac99200000-7fac992e9000 r-xp 00000000 fd:01 1050304                    /usr/lib64/libstdc++.so.6.0.19
7fac992e9000-7fac994e9000 ---p 000e9000 fd:01 1050304                    /usr/lib64/libstdc++.so.6.0.19
7fac994e9000-7fac994f2000 r--p 000e9000 fd:01 1050304                    /usr/lib64/libstdc++.so.6.0.19
7fac994f2000-7fac994f4000 rw-p 000f2000 fd:01 1050304                    /usr/lib64/libstdc++.so.6.0.19
7fac994f4000-7fac99509000 rw-p 00000000 00:00 0 
7fac99509000-7fac9a11f000 r-xp 00000000 fd:01 1063058                    /usr/lib/jvm/java-1.8.0-openjdk-1.8.0.141-1.b16.el7_3.x86_64/jre/lib/amd64/server/libjvm.so
7fac9a11f000-7fac9a31e000 ---p 00c16000 fd:01 1063058                    /usr/lib/jvm/java-1.8.0-openjdk-1.8.0.141-1.b16.el7_3.x86_64/jre/lib/amd64/server/libjvm.so
7fac9a31e000-7fac9a3bd000 r--p 00c15000 fd:01 1063058                    /usr/lib/jvm/java-1.8.0-openjdk-1.8.0.141-1.b16.el7_3.x86_64/jre/lib/amd64/server/libjvm.so
7fac9a3bd000-7fac9a3e6000 rw-p 00cb4000 fd:01 1063058                    /usr/lib/jvm/java-1.8.0-openjdk-1.8.0.141-1.b16.el7_3.x86_64/jre/lib/amd64/server/libjvm.so
7fac9a3e6000-7fac9a418000 rw-p 00000000 00:00 0 
7fac9a418000-7fac9a5cf000 r-xp 00000000 fd:01 1050012                    /usr/lib64/libc-2.17.so
7fac9a5cf000-7fac9a7ce000 ---p 001b7000 fd:01 1050012                    /usr/lib64/libc-2.17.so
7fac9a7ce000-7fac9a7d2000 r--p 001b6000 fd:01 1050012                    /usr/lib64/libc-2.17.so
7fac9a7d2000-7fac9a7d4000 rw-p 001ba000 fd:01 1050012                    /usr/lib64/libc-2.17.so
7fac9a7d4000-7fac9a7d9000 rw-p 00000000 00:00 0 
7fac9a7d9000-7fac9a7db000 r-xp 00000000 fd:01 1050018                    /usr/lib64/libdl-2.17.so
7fac9a7db000-7fac9a9db000 ---p 00002000 fd:01 1050018                    /usr/lib64/libdl-2.17.so
7fac9a9db000-7fac9a9dc000 r--p 00002000 fd:01 1050018                    /usr/lib64/libdl-2.17.so
7fac9a9dc000-7fac9a9dd000 rw-p 00003000 fd:01 1050018                    /usr/lib64/libdl-2.17.so
7fac9a9dd000-7fac9a9eb000 r-xp 00000000 fd:01 1063023                    /usr/lib/jvm/java-1.8.0-openjdk-1.8.0.141-1.b16.el7_3.x86_64/jre/lib/amd64/jli/libjli.so
7fac9a9eb000-7fac9abea000 ---p 0000e000 fd:01 1063023                    /usr/lib/jvm/java-1.8.0-openjdk-1.8.0.141-1.b16.el7_3.x86_64/jre/lib/amd64/jli/libjli.so
7fac9abea000-7fac9abeb000 r--p 0000d000 fd:01 1063023                    /usr/lib/jvm/java-1.8.0-openjdk-1.8.0.141-1.b16.el7_3.x86_64/jre/lib/amd64/jli/libjli.so
7fac9abeb000-7fac9abec000 rw-p 0000e000 fd:01 1063023                    /usr/lib/jvm/java-1.8.0-openjdk-1.8.0.141-1.b16.el7_3.x86_64/jre/lib/amd64/jli/libjli.so
7fac9abec000-7fac9ac01000 r-xp 00000000 fd:01 1050447                    /usr/lib64/libz.so.1.2.7
7fac9ac01000-7fac9ae00000 ---p 00015000 fd:01 1050447                    /usr/lib64/libz.so.1.2.7
7fac9ae00000-7fac9ae01000 r--p 00014000 fd:01 1050447                    /usr/lib64/libz.so.1.2.7
7fac9ae01000-7fac9ae02000 rw-p 00015000 fd:01 1050447                    /usr/lib64/libz.so.1.2.7
7fac9ae02000-7fac9ae19000 r-xp 00000000 fd:01 1050038                    /usr/lib64/libpthread-2.17.so
7fac9ae19000-7fac9b018000 ---p 00017000 fd:01 1050038                    /usr/lib64/libpthread-2.17.so
7fac9b018000-7fac9b019000 r--p 00016000 fd:01 1050038                    /usr/lib64/libpthread-2.17.so
7fac9b019000-7fac9b01a000 rw-p 00017000 fd:01 1050038                    /usr/lib64/libpthread-2.17.so
7fac9b01a000-7fac9b01e000 rw-p 00000000 00:00 0 
7fac9b01e000-7fac9b03e000 r-xp 00000000 fd:01 1050001                    /usr/lib64/ld-2.17.so
7fac9b129000-7fac9b12c000 ---p 00000000 00:00 0 
7fac9b12c000-7fac9b22f000 rw-p 00000000 00:00 0 
7fac9b230000-7fac9b233000 rw-p 00000000 00:00 0 
7fac9b233000-7fac9b23b000 rw-s 00000000 fd:01 1188363                    /tmp/hsperfdata_root/9140
7fac9b23b000-7fac9b23c000 rw-p 00000000 00:00 0 
7fac9b23c000-7fac9b23d000 r--p 00000000 00:00 0 
7fac9b23d000-7fac9b23e000 rw-p 00000000 00:00 0 
7fac9b23e000-7fac9b23f000 r--p 00020000 fd:01 1050001                    /usr/lib64/ld-2.17.so
7fac9b23f000-7fac9b240000 rw-p 00021000 fd:01 1050001                    /usr/lib64/ld-2.17.so
7fac9b240000-7fac9b241000 rw-p 00000000 00:00 0 
7ffe146da000-7ffe146fb000 rw-p 00000000 00:00 0                          [stack]
7ffe1477e000-7ffe14780000 r-xp 00000000 00:00 0                          [vdso]
ffffffffff600000-ffffffffff601000 r-xp 00000000 00:00 0                  [vsyscall]

VM Arguments:
jvm_args: -Xmx3550M -Xms3550M -XX:+AggressiveOpts -XX:+UseCompressedOops 
java_command: PaperSpigot-1.12-b1155.jar
java_class_path (initial): PaperSpigot-1.12-b1155.jar
Launcher Type: SUN_STANDARD

Environment Variables:
PATH=/usr/local/sbin:/usr/local/bin:/usr/sbin:/usr/bin:/root/bin
SHELL=/bin/bash

Signal Handlers:
SIGSEGV: [libjvm.so+0xa18ce0], sa_mask[0]=11111111011111111101111111111110, sa_flags=SA_RESTART|SA_SIGINFO
SIGBUS: [libjvm.so+0xa18ce0], sa_mask[0]=11111111011111111101111111111110, sa_flags=SA_RESTART|SA_SIGINFO
SIGFPE: [libjvm.so+0x873f50], sa_mask[0]=11111111011111111101111111111110, sa_flags=SA_RESTART|SA_SIGINFO
SIGPIPE: [libjvm.so+0x873f50], sa_mask[0]=11111111011111111101111111111110, sa_flags=SA_RESTART|SA_SIGINFO
SIGXFSZ: [libjvm.so+0x873f50], sa_mask[0]=11111111011111111101111111111110, sa_flags=SA_RESTART|SA_SIGINFO
SIGILL: [libjvm.so+0x873f50], sa_mask[0]=11111111011111111101111111111110, sa_flags=SA_RESTART|SA_SIGINFO
SIGUSR1: SIG_DFL, sa_mask[0]=00000000000000000000000000000000, sa_flags=none
SIGUSR2: [libjvm.so+0x873e00], sa_mask[0]=00100000000000000000000000000000, sa_flags=SA_RESTART|SA_SIGINFO
SIGHUP: SIG_DFL, sa_mask[0]=00000000000000000000000000000000, sa_flags=none
SIGINT: SIG_DFL, sa_mask[0]=00000000000000000000000000000000, sa_flags=none
SIGTERM: SIG_DFL, sa_mask[0]=00000000000000000000000000000000, sa_flags=none
SIGQUIT: SIG_DFL, sa_mask[0]=00000000000000000000000000000000, sa_flags=none


---------------  S Y S T E M  ---------------

OS:CentOS Linux release 7.3.1611 (Core) 

uname:Linux 3.10.0-514.6.2.el7.x86_64 #1 SMP Thu Feb 23 03:04:39 UTC 2017 x86_64
libc:glibc 2.17 NPTL 2.17 
rlimit: STACK 8192k, CORE 0k, NPROC 15084, NOFILE 4096, AS infinity
load average:0.02 0.04 0.05

/proc/meminfo:
MemTotal:        3882036 kB
MemFree:          396420 kB
MemAvailable:    1444372 kB
Buffers:          160772 kB
Cached:          1046488 kB
SwapCached:        13704 kB
Active:          2329256 kB
Inactive:         937536 kB
Active(anon):    1714444 kB
Inactive(anon):   367904 kB
Active(file):     614812 kB
Inactive(file):   569632 kB
Unevictable:           0 kB
Mlocked:               0 kB
SwapTotal:       1049596 kB
SwapFree:         796332 kB
Dirty:               252 kB
Writeback:             0 kB
AnonPages:       2043448 kB
Mapped:            46580 kB
Shmem:             22592 kB
Slab:             161464 kB
SReclaimable:     132448 kB
SUnreclaim:        29016 kB
KernelStack:        3808 kB
PageTables:        11472 kB
NFS_Unstable:          0 kB
Bounce:                0 kB
WritebackTmp:          0 kB
CommitLimit:     2990612 kB
Committed_AS:    6855828 kB
VmallocTotal:   34359738367 kB
VmallocUsed:       14448 kB
VmallocChunk:   34359715580 kB
HardwareCorrupted:     0 kB
AnonHugePages:   1867776 kB
HugePages_Total:       0
HugePages_Free:        0
HugePages_Rsvd:        0
HugePages_Surp:        0
Hugepagesize:       2048 kB
DirectMap4k:       79860 kB
DirectMap2M:     3065856 kB
DirectMap1G:     1048576 kB


CPU:total 2 (initial active 2) (1 cores per cpu, 1 threads per core) family 6 model 60 stepping 1, cmov, cx8, fxsr, mmx, sse, sse2, sse3, ssse3, sse4.1, sse4.2, popcnt, avx, avx2, aes, clmul, erms, rtm, 3dnowpref, lzcnt, tsc, bmi1, bmi2, adx

/proc/cpuinfo:
processor	: 0
vendor_id	: GenuineIntel
cpu family	: 6
model		: 60
model name	: Intel(R) Xeon(R) CPU E5-2620 v4 @ 2.10GHz
stepping	: 1
microcode	: 0x1
cpu MHz		: 2095.146
cache size	: 4096 KB
physical id	: 0
siblings	: 1
core id		: 0
cpu cores	: 1
apicid		: 0
initial apicid	: 0
fpu		: yes
fpu_exception	: yes
cpuid level	: 13
wp		: yes
flags		: fpu vme de pse tsc msr pae mce cx8 apic sep mtrr pge mca cmov pat pse36 clflush mmx fxsr sse sse2 ss syscall nx pdpe1gb lm constant_tsc nopl eagerfpu pni pclmulqdq ssse3 fma cx16 pcid sse4_1 sse4_2 x2apic movbe popcnt tsc_deadline_timer aes xsave avx f16c rdrand hypervisor lahf_lm abm 3dnowprefetch fsgsbase bmi1 hle avx2 smep bmi2 invpcid rtm rdseed adx smap xsaveopt
bogomips	: 4190.29
clflush size	: 64
cache_alignment	: 64
address sizes	: 46 bits physical, 48 bits virtual
power management:

processor	: 1
vendor_id	: GenuineIntel
cpu family	: 6
model		: 60
model name	: Intel(R) Xeon(R) CPU E5-2620 v4 @ 2.10GHz
stepping	: 1
microcode	: 0x1
cpu MHz		: 2095.146
cache size	: 4096 KB
physical id	: 1
siblings	: 1
core id		: 0
cpu cores	: 1
apicid		: 1
initial apicid	: 1
fpu		: yes
fpu_exception	: yes
cpuid level	: 13
wp		: yes
flags		: fpu vme de pse tsc msr pae mce cx8 apic sep mtrr pge mca cmov pat pse36 clflush mmx fxsr sse sse2 ss syscall nx pdpe1gb lm constant_tsc nopl eagerfpu pni pclmulqdq ssse3 fma cx16 pcid sse4_1 sse4_2 x2apic movbe popcnt tsc_deadline_timer aes xsave avx f16c rdrand hypervisor lahf_lm abm 3dnowprefetch fsgsbase bmi1 hle avx2 smep bmi2 invpcid rtm rdseed adx smap xsaveopt
bogomips	: 4190.29
clflush size	: 64
cache_alignment	: 64
address sizes	: 46 bits physical, 48 bits virtual
power management:



Memory: 4k page, physical 3882036k(396420k free), swap 1049596k(796332k free)

vm_info: OpenJDK 64-Bit Server VM (25.141-b16) for linux-amd64 JRE (1.8.0_141-b16), built on Jul 20 2017 21:57:27 by "mockbuild" with gcc 4.8.5 20150623 (Red Hat 4.8.5-11)

time: Wed Aug  2 11:14:32 2017
elapsed time: 0 seconds (0d 0h 0m 0s)

