#
# There is insufficient memory for the Java Runtime Environment to continue.
# Native memory allocation (mmap) failed to map 2481979392 bytes for committing reserved memory.
# Possible reasons:
#   The system is out of physical RAM or swap space
#   In 32 bit mode, the process size limit was hit
# Possible solutions:
#   Reduce memory load on the system
#   Increase physical memory or swap space
#   Check if swap backing store is full
#   Use 64 bit Java on a 64 bit OS
#   Decrease Java heap size (-Xmx/-Xms)
#   Decrease number of Java threads
#   Decrease Java thread stack sizes (-Xss)
#   Set larger code cache with -XX:ReservedCodeCacheSize=
# This output file may be truncated or incomplete.
#
#  Out of Memory Error (os_linux.cpp:2651), pid=9276, tid=0x00007f6add0a4700
#
# JRE version:  (8.0_141-b16) (build )
# Java VM: OpenJDK 64-Bit Server VM (25.141-b16 mixed mode linux-amd64 compressed oops)
# Failed to write core dump. Core dumps have been disabled. To enable core dumping, try "ulimit -c unlimited" before starting Java again
#

---------------  T H R E A D  ---------------

Current thread (0x00007f6ad4009000):  JavaThread "Unknown thread" [_thread_in_vm, id=9277, stack(0x00007f6adcfa4000,0x00007f6add0a5000)]

Stack: [0x00007f6adcfa4000,0x00007f6add0a5000],  sp=0x00007f6add0a35c0,  free space=1021k
Native frames: (J=compiled Java code, j=interpreted, Vv=VM code, C=native code)
V  [libjvm.so+0xa181cd]
V  [libjvm.so+0x4c998a]
V  [libjvm.so+0x878690]
V  [libjvm.so+0x872d8e]
V  [libjvm.so+0x8eabab]
V  [libjvm.so+0x8dc6a8]
V  [libjvm.so+0x2cc863]
V  [libjvm.so+0x89cdc0]
V  [libjvm.so+0x9e24c9]
V  [libjvm.so+0x9e26d2]
V  [libjvm.so+0x5f5785]
V  [libjvm.so+0x9c5dde]
V  [libjvm.so+0x66878f]  JNI_CreateJavaVM+0x5f
C  [libjli.so+0x3057]
C  [libpthread.so.0+0x7dc5]  start_thread+0xc5


---------------  P R O C E S S  ---------------

Java Threads: ( => current thread )

Other Threads:

=>0x00007f6ad4009000 (exited) JavaThread "Unknown thread" [_thread_in_vm, id=9277, stack(0x00007f6adcfa4000,0x00007f6add0a5000)]

VM state:not at safepoint (not fully initialized)

VM Mutex/Monitor currently owned by a thread: None

GC Heap History (0 events):
No events

Deoptimization events (0 events):
No events

Internal exceptions (0 events):
No events

Events (0 events):
No events


Dynamic libraries:
00400000-00401000 r-xp 00000000 fd:01 1063009                            /usr/lib/jvm/java-1.8.0-openjdk-1.8.0.141-1.b16.el7_3.x86_64/jre/bin/java
00600000-00601000 r--p 00000000 fd:01 1063009                            /usr/lib/jvm/java-1.8.0-openjdk-1.8.0.141-1.b16.el7_3.x86_64/jre/bin/java
00601000-00602000 rw-p 00001000 fd:01 1063009                            /usr/lib/jvm/java-1.8.0-openjdk-1.8.0.141-1.b16.el7_3.x86_64/jre/bin/java
00ce1000-00d02000 rw-p 00000000 00:00 0                                  [heap]
776100000-7c0000000 rw-p 00000000 00:00 0 
7f6ac5000000-7f6ac5270000 rwxp 00000000 00:00 0 
7f6ac5270000-7f6ad4000000 ---p 00000000 00:00 0 
7f6ad4000000-7f6ad4030000 rw-p 00000000 00:00 0 
7f6ad4030000-7f6ad8000000 ---p 00000000 00:00 0 
7f6ad9650000-7f6ad9aef000 ---p 00000000 00:00 0 
7f6ad9aef000-7f6ad9d4a000 rw-p 00000000 00:00 0 
7f6ad9d4a000-7f6ada100000 ---p 00000000 00:00 0 
7f6ada100000-7f6ada108000 r-xp 00000000 fd:01 1063054                    /usr/lib/jvm/java-1.8.0-openjdk-1.8.0.141-1.b16.el7_3.x86_64/jre/lib/amd64/libzip.so
7f6ada108000-7f6ada307000 ---p 00008000 fd:01 1063054                    /usr/lib/jvm/java-1.8.0-openjdk-1.8.0.141-1.b16.el7_3.x86_64/jre/lib/amd64/libzip.so
7f6ada307000-7f6ada308000 r--p 00007000 fd:01 1063054                    /usr/lib/jvm/java-1.8.0-openjdk-1.8.0.141-1.b16.el7_3.x86_64/jre/lib/amd64/libzip.so
7f6ada308000-7f6ada309000 rw-p 00008000 fd:01 1063054                    /usr/lib/jvm/java-1.8.0-openjdk-1.8.0.141-1.b16.el7_3.x86_64/jre/lib/amd64/libzip.so
7f6ada309000-7f6ada315000 r-xp 00000000 fd:01 1050030                    /usr/lib64/libnss_files-2.17.so
7f6ada315000-7f6ada514000 ---p 0000c000 fd:01 1050030                    /usr/lib64/libnss_files-2.17.so
7f6ada514000-7f6ada515000 r--p 0000b000 fd:01 1050030                    /usr/lib64/libnss_files-2.17.so
7f6ada515000-7f6ada516000 rw-p 0000c000 fd:01 1050030                    /usr/lib64/libnss_files-2.17.so
7f6ada516000-7f6ada51c000 rw-p 00000000 00:00 0 
7f6ada51c000-7f6ada549000 r-xp 00000000 fd:01 1063036                    /usr/lib/jvm/java-1.8.0-openjdk-1.8.0.141-1.b16.el7_3.x86_64/jre/lib/amd64/libjava.so
7f6ada549000-7f6ada749000 ---p 0002d000 fd:01 1063036                    /usr/lib/jvm/java-1.8.0-openjdk-1.8.0.141-1.b16.el7_3.x86_64/jre/lib/amd64/libjava.so
7f6ada749000-7f6ada74a000 r--p 0002d000 fd:01 1063036                    /usr/lib/jvm/java-1.8.0-openjdk-1.8.0.141-1.b16.el7_3.x86_64/jre/lib/amd64/libjava.so
7f6ada74a000-7f6ada74c000 rw-p 0002e000 fd:01 1063036                    /usr/lib/jvm/java-1.8.0-openjdk-1.8.0.141-1.b16.el7_3.x86_64/jre/lib/amd64/libjava.so
7f6ada74c000-7f6ada759000 r-xp 00000000 fd:01 1063053                    /usr/lib/jvm/java-1.8.0-openjdk-1.8.0.141-1.b16.el7_3.x86_64/jre/lib/amd64/libverify.so
7f6ada759000-7f6ada958000 ---p 0000d000 fd:01 1063053                    /usr/lib/jvm/java-1.8.0-openjdk-1.8.0.141-1.b16.el7_3.x86_64/jre/lib/amd64/libverify.so
7f6ada958000-7f6ada95a000 r--p 0000c000 fd:01 1063053                    /usr/lib/jvm/java-1.8.0-openjdk-1.8.0.141-1.b16.el7_3.x86_64/jre/lib/amd64/libverify.so
7f6ada95a000-7f6ada95b000 rw-p 0000e000 fd:01 1063053                    /usr/lib/jvm/java-1.8.0-openjdk-1.8.0.141-1.b16.el7_3.x86_64/jre/lib/amd64/libverify.so
7f6ada95b000-7f6ada962000 r-xp 00000000 fd:01 1050042                    /usr/lib64/librt-2.17.so
7f6ada962000-7f6adab61000 ---p 00007000 fd:01 1050042                    /usr/lib64/librt-2.17.so
7f6adab61000-7f6adab62000 r--p 00006000 fd:01 1050042                    /usr/lib64/librt-2.17.so
7f6adab62000-7f6adab63000 rw-p 00007000 fd:01 1050042                    /usr/lib64/librt-2.17.so
7f6adab63000-7f6adab78000 r-xp 00000000 fd:01 1051651                    /usr/lib64/libgcc_s-4.8.5-20150702.so.1
7f6adab78000-7f6adad77000 ---p 00015000 fd:01 1051651                    /usr/lib64/libgcc_s-4.8.5-20150702.so.1
7f6adad77000-7f6adad78000 r--p 00014000 fd:01 1051651                    /usr/lib64/libgcc_s-4.8.5-20150702.so.1
7f6adad78000-7f6adad79000 rw-p 00015000 fd:01 1051651                    /usr/lib64/libgcc_s-4.8.5-20150702.so.1
7f6adad79000-7f6adae79000 r-xp 00000000 fd:01 1050020                    /usr/lib64/libm-2.17.so
7f6adae79000-7f6adb079000 ---p 00100000 fd:01 1050020                    /usr/lib64/libm-2.17.so
7f6adb079000-7f6adb07a000 r--p 00100000 fd:01 1050020                    /usr/lib64/libm-2.17.so
7f6adb07a000-7f6adb07b000 rw-p 00101000 fd:01 1050020                    /usr/lib64/libm-2.17.so
7f6adb07b000-7f6adb164000 r-xp 00000000 fd:01 1050304                    /usr/lib64/libstdc++.so.6.0.19
7f6adb164000-7f6adb364000 ---p 000e9000 fd:01 1050304                    /usr/lib64/libstdc++.so.6.0.19
7f6adb364000-7f6adb36d000 r--p 000e9000 fd:01 1050304                    /usr/lib64/libstdc++.so.6.0.19
7f6adb36d000-7f6adb36f000 rw-p 000f2000 fd:01 1050304                    /usr/lib64/libstdc++.so.6.0.19
7f6adb36f000-7f6adb384000 rw-p 00000000 00:00 0 
7f6adb384000-7f6adbf9a000 r-xp 00000000 fd:01 1063058                    /usr/lib/jvm/java-1.8.0-openjdk-1.8.0.141-1.b16.el7_3.x86_64/jre/lib/amd64/server/libjvm.so
7f6adbf9a000-7f6adc199000 ---p 00c16000 fd:01 1063058                    /usr/lib/jvm/java-1.8.0-openjdk-1.8.0.141-1.b16.el7_3.x86_64/jre/lib/amd64/server/libjvm.so
7f6adc199000-7f6adc238000 r--p 00c15000 fd:01 1063058                    /usr/lib/jvm/java-1.8.0-openjdk-1.8.0.141-1.b16.el7_3.x86_64/jre/lib/amd64/server/libjvm.so
7f6adc238000-7f6adc261000 rw-p 00cb4000 fd:01 1063058                    /usr/lib/jvm/java-1.8.0-openjdk-1.8.0.141-1.b16.el7_3.x86_64/jre/lib/amd64/server/libjvm.so
7f6adc261000-7f6adc293000 rw-p 00000000 00:00 0 
7f6adc293000-7f6adc44a000 r-xp 00000000 fd:01 1050012                    /usr/lib64/libc-2.17.so
7f6adc44a000-7f6adc649000 ---p 001b7000 fd:01 1050012                    /usr/lib64/libc-2.17.so
7f6adc649000-7f6adc64d000 r--p 001b6000 fd:01 1050012                    /usr/lib64/libc-2.17.so
7f6adc64d000-7f6adc64f000 rw-p 001ba000 fd:01 1050012                    /usr/lib64/libc-2.17.so
7f6adc64f000-7f6adc654000 rw-p 00000000 00:00 0 
7f6adc654000-7f6adc656000 r-xp 00000000 fd:01 1050018                    /usr/lib64/libdl-2.17.so
7f6adc656000-7f6adc856000 ---p 00002000 fd:01 1050018                    /usr/lib64/libdl-2.17.so
7f6adc856000-7f6adc857000 r--p 00002000 fd:01 1050018                    /usr/lib64/libdl-2.17.so
7f6adc857000-7f6adc858000 rw-p 00003000 fd:01 1050018                    /usr/lib64/libdl-2.17.so
7f6adc858000-7f6adc866000 r-xp 00000000 fd:01 1063023                    /usr/lib/jvm/java-1.8.0-openjdk-1.8.0.141-1.b16.el7_3.x86_64/jre/lib/amd64/jli/libjli.so
7f6adc866000-7f6adca65000 ---p 0000e000 fd:01 1063023                    /usr/lib/jvm/java-1.8.0-openjdk-1.8.0.141-1.b16.el7_3.x86_64/jre/lib/amd64/jli/libjli.so
7f6adca65000-7f6adca66000 r--p 0000d000 fd:01 1063023                    /usr/lib/jvm/java-1.8.0-openjdk-1.8.0.141-1.b16.el7_3.x86_64/jre/lib/amd64/jli/libjli.so
7f6adca66000-7f6adca67000 rw-p 0000e000 fd:01 1063023                    /usr/lib/jvm/java-1.8.0-openjdk-1.8.0.141-1.b16.el7_3.x86_64/jre/lib/amd64/jli/libjli.so
7f6adca67000-7f6adca7c000 r-xp 00000000 fd:01 1050447                    /usr/lib64/libz.so.1.2.7
7f6adca7c000-7f6adcc7b000 ---p 00015000 fd:01 1050447                    /usr/lib64/libz.so.1.2.7
7f6adcc7b000-7f6adcc7c000 r--p 00014000 fd:01 1050447                    /usr/lib64/libz.so.1.2.7
7f6adcc7c000-7f6adcc7d000 rw-p 00015000 fd:01 1050447                    /usr/lib64/libz.so.1.2.7
7f6adcc7d000-7f6adcc94000 r-xp 00000000 fd:01 1050038                    /usr/lib64/libpthread-2.17.so
7f6adcc94000-7f6adce93000 ---p 00017000 fd:01 1050038                    /usr/lib64/libpthread-2.17.so
7f6adce93000-7f6adce94000 r--p 00016000 fd:01 1050038                    /usr/lib64/libpthread-2.17.so
7f6adce94000-7f6adce95000 rw-p 00017000 fd:01 1050038                    /usr/lib64/libpthread-2.17.so
7f6adce95000-7f6adce99000 rw-p 00000000 00:00 0 
7f6adce99000-7f6adceb9000 r-xp 00000000 fd:01 1050001                    /usr/lib64/ld-2.17.so
7f6adcfa4000-7f6adcfa7000 ---p 00000000 00:00 0 
7f6adcfa7000-7f6add0aa000 rw-p 00000000 00:00 0 
7f6add0ab000-7f6add0ae000 rw-p 00000000 00:00 0 
7f6add0ae000-7f6add0b6000 rw-s 00000000 fd:01 1188363                    /tmp/hsperfdata_root/9276
7f6add0b6000-7f6add0b7000 rw-p 00000000 00:00 0 
7f6add0b7000-7f6add0b8000 r--p 00000000 00:00 0 
7f6add0b8000-7f6add0b9000 rw-p 00000000 00:00 0 
7f6add0b9000-7f6add0ba000 r--p 00020000 fd:01 1050001                    /usr/lib64/ld-2.17.so
7f6add0ba000-7f6add0bb000 rw-p 00021000 fd:01 1050001                    /usr/lib64/ld-2.17.so
7f6add0bb000-7f6add0bc000 rw-p 00000000 00:00 0 
7fffe4c11000-7fffe4c32000 rw-p 00000000 00:00 0                          [stack]
7fffe4d90000-7fffe4d92000 r-xp 00000000 00:00 0                          [vdso]
ffffffffff600000-ffffffffff601000 r-xp 00000000 00:00 0                  [vsyscall]

VM Arguments:
jvm_args: -Xmx3550M -Xms3550M -XX:+AggressiveOpts -XX:+UseCompressedOops 
java_command: PaperSpigot-1.12-b1155.jar
java_class_path (initial): PaperSpigot-1.12-b1155.jar
Launcher Type: SUN_STANDARD

Environment Variables:
PATH=/usr/local/sbin:/usr/local/bin:/usr/sbin:/usr/bin:/root/bin
SHELL=/bin/bash

Signal Handlers:
SIGSEGV: [libjvm.so+0xa18ce0], sa_mask[0]=11111111011111111101111111111110, sa_flags=SA_RESTART|SA_SIGINFO
SIGBUS: [libjvm.so+0xa18ce0], sa_mask[0]=11111111011111111101111111111110, sa_flags=SA_RESTART|SA_SIGINFO
SIGFPE: [libjvm.so+0x873f50], sa_mask[0]=11111111011111111101111111111110, sa_flags=SA_RESTART|SA_SIGINFO
SIGPIPE: [libjvm.so+0x873f50], sa_mask[0]=11111111011111111101111111111110, sa_flags=SA_RESTART|SA_SIGINFO
SIGXFSZ: [libjvm.so+0x873f50], sa_mask[0]=11111111011111111101111111111110, sa_flags=SA_RESTART|SA_SIGINFO
SIGILL: [libjvm.so+0x873f50], sa_mask[0]=11111111011111111101111111111110, sa_flags=SA_RESTART|SA_SIGINFO
SIGUSR1: SIG_DFL, sa_mask[0]=00000000000000000000000000000000, sa_flags=none
SIGUSR2: [libjvm.so+0x873e00], sa_mask[0]=00100000000000000000000000000000, sa_flags=SA_RESTART|SA_SIGINFO
SIGHUP: SIG_DFL, sa_mask[0]=00000000000000000000000000000000, sa_flags=none
SIGINT: SIG_DFL, sa_mask[0]=00000000000000000000000000000000, sa_flags=none
SIGTERM: SIG_DFL, sa_mask[0]=00000000000000000000000000000000, sa_flags=none
SIGQUIT: SIG_DFL, sa_mask[0]=00000000000000000000000000000000, sa_flags=none


---------------  S Y S T E M  ---------------

OS:CentOS Linux release 7.3.1611 (Core) 

uname:Linux 3.10.0-514.6.2.el7.x86_64 #1 SMP Thu Feb 23 03:04:39 UTC 2017 x86_64
libc:glibc 2.17 NPTL 2.17 
rlimit: STACK 8192k, CORE 0k, NPROC 15084, NOFILE 4096, AS infinity
load average:0.09 0.05 0.05

/proc/meminfo:
MemTotal:        3882036 kB
MemFree:          394732 kB
MemAvailable:    1444160 kB
Buffers:          160772 kB
Cached:          1047832 kB
SwapCached:        13704 kB
Active:          2330668 kB
Inactive:         937556 kB
Active(anon):    1714424 kB
Inactive(anon):   367904 kB
Active(file):     616244 kB
Inactive(file):   569652 kB
Unevictable:           0 kB
Mlocked:               0 kB
SwapTotal:       1049596 kB
SwapFree:         796332 kB
Dirty:              1560 kB
Writeback:            32 kB
AnonPages:       2045424 kB
Mapped:            46580 kB
Shmem:             22592 kB
Slab:             161508 kB
SReclaimable:     132492 kB
SUnreclaim:        29016 kB
KernelStack:        3888 kB
PageTables:        11664 kB
NFS_Unstable:          0 kB
Bounce:                0 kB
WritebackTmp:          0 kB
CommitLimit:     2990612 kB
Committed_AS:    6855828 kB
VmallocTotal:   34359738367 kB
VmallocUsed:       14448 kB
VmallocChunk:   34359715580 kB
HardwareCorrupted:     0 kB
AnonHugePages:   1867776 kB
HugePages_Total:       0
HugePages_Free:        0
HugePages_Rsvd:        0
HugePages_Surp:        0
Hugepagesize:       2048 kB
DirectMap4k:       79860 kB
DirectMap2M:     3065856 kB
DirectMap1G:     1048576 kB


CPU:total 2 (initial active 2) (1 cores per cpu, 1 threads per core) family 6 model 60 stepping 1, cmov, cx8, fxsr, mmx, sse, sse2, sse3, ssse3, sse4.1, sse4.2, popcnt, avx, avx2, aes, clmul, erms, rtm, 3dnowpref, lzcnt, tsc, bmi1, bmi2, adx

/proc/cpuinfo:
processor	: 0
vendor_id	: GenuineIntel
cpu family	: 6
model		: 60
model name	: Intel(R) Xeon(R) CPU E5-2620 v4 @ 2.10GHz
stepping	: 1
microcode	: 0x1
cpu MHz		: 2095.146
cache size	: 4096 KB
physical id	: 0
siblings	: 1
core id		: 0
cpu cores	: 1
apicid		: 0
initial apicid	: 0
fpu		: yes
fpu_exception	: yes
cpuid level	: 13
wp		: yes
flags		: fpu vme de pse tsc msr pae mce cx8 apic sep mtrr pge mca cmov pat pse36 clflush mmx fxsr sse sse2 ss syscall nx pdpe1gb lm constant_tsc nopl eagerfpu pni pclmulqdq ssse3 fma cx16 pcid sse4_1 sse4_2 x2apic movbe popcnt tsc_deadline_timer aes xsave avx f16c rdrand hypervisor lahf_lm abm 3dnowprefetch fsgsbase bmi1 hle avx2 smep bmi2 invpcid rtm rdseed adx smap xsaveopt
bogomips	: 4190.29
clflush size	: 64
cache_alignment	: 64
address sizes	: 46 bits physical, 48 bits virtual
power management:

processor	: 1
vendor_id	: GenuineIntel
cpu family	: 6
model		: 60
model name	: Intel(R) Xeon(R) CPU E5-2620 v4 @ 2.10GHz
stepping	: 1
microcode	: 0x1
cpu MHz		: 2095.146
cache size	: 4096 KB
physical id	: 1
siblings	: 1
core id		: 0
cpu cores	: 1
apicid		: 1
initial apicid	: 1
fpu		: yes
fpu_exception	: yes
cpuid level	: 13
wp		: yes
flags		: fpu vme de pse tsc msr pae mce cx8 apic sep mtrr pge mca cmov pat pse36 clflush mmx fxsr sse sse2 ss syscall nx pdpe1gb lm constant_tsc nopl eagerfpu pni pclmulqdq ssse3 fma cx16 pcid sse4_1 sse4_2 x2apic movbe popcnt tsc_deadline_timer aes xsave avx f16c rdrand hypervisor lahf_lm abm 3dnowprefetch fsgsbase bmi1 hle avx2 smep bmi2 invpcid rtm rdseed adx smap xsaveopt
bogomips	: 4190.29
clflush size	: 64
cache_alignment	: 64
address sizes	: 46 bits physical, 48 bits virtual
power management:



Memory: 4k page, physical 3882036k(394732k free), swap 1049596k(796332k free)

vm_info: OpenJDK 64-Bit Server VM (25.141-b16) for linux-amd64 JRE (1.8.0_141-b16), built on Jul 20 2017 21:57:27 by "mockbuild" with gcc 4.8.5 20150623 (Red Hat 4.8.5-11)

time: Wed Aug  2 11:14:33 2017
elapsed time: 0 seconds (0d 0h 0m 0s)

