#
# There is insufficient memory for the Java Runtime Environment to continue.
# Native memory allocation (mmap) failed to map 2481979392 bytes for committing reserved memory.
# Possible reasons:
#   The system is out of physical RAM or swap space
#   In 32 bit mode, the process size limit was hit
# Possible solutions:
#   Reduce memory load on the system
#   Increase physical memory or swap space
#   Check if swap backing store is full
#   Use 64 bit Java on a 64 bit OS
#   Decrease Java heap size (-Xmx/-Xms)
#   Decrease number of Java threads
#   Decrease Java thread stack sizes (-Xss)
#   Set larger code cache with -XX:ReservedCodeCacheSize=
# This output file may be truncated or incomplete.
#
#  Out of Memory Error (os_linux.cpp:2651), pid=9292, tid=0x00007f0afe495700
#
# JRE version:  (8.0_141-b16) (build )
# Java VM: OpenJDK 64-Bit Server VM (25.141-b16 mixed mode linux-amd64 compressed oops)
# Failed to write core dump. Core dumps have been disabled. To enable core dumping, try "ulimit -c unlimited" before starting Java again
#

---------------  T H R E A D  ---------------

Current thread (0x00007f0af4009000):  JavaThread "Unknown thread" [_thread_in_vm, id=9293, stack(0x00007f0afe395000,0x00007f0afe496000)]

Stack: [0x00007f0afe395000,0x00007f0afe496000],  sp=0x00007f0afe4945c0,  free space=1021k
Native frames: (J=compiled Java code, j=interpreted, Vv=VM code, C=native code)
V  [libjvm.so+0xa181cd]
V  [libjvm.so+0x4c998a]
V  [libjvm.so+0x878690]
V  [libjvm.so+0x872d8e]
V  [libjvm.so+0x8eabab]
V  [libjvm.so+0x8dc6a8]
V  [libjvm.so+0x2cc863]
V  [libjvm.so+0x89cdc0]
V  [libjvm.so+0x9e24c9]
V  [libjvm.so+0x9e26d2]
V  [libjvm.so+0x5f5785]
V  [libjvm.so+0x9c5dde]
V  [libjvm.so+0x66878f]  JNI_CreateJavaVM+0x5f
C  [libjli.so+0x3057]
C  [libpthread.so.0+0x7dc5]  start_thread+0xc5


---------------  P R O C E S S  ---------------

Java Threads: ( => current thread )

Other Threads:

=>0x00007f0af4009000 (exited) JavaThread "Unknown thread" [_thread_in_vm, id=9293, stack(0x00007f0afe395000,0x00007f0afe496000)]

VM state:not at safepoint (not fully initialized)

VM Mutex/Monitor currently owned by a thread: None

GC Heap History (0 events):
No events

Deoptimization events (0 events):
No events

Internal exceptions (0 events):
No events

Events (0 events):
No events


Dynamic libraries:
00400000-00401000 r-xp 00000000 fd:01 1063009                            /usr/lib/jvm/java-1.8.0-openjdk-1.8.0.141-1.b16.el7_3.x86_64/jre/bin/java
00600000-00601000 r--p 00000000 fd:01 1063009                            /usr/lib/jvm/java-1.8.0-openjdk-1.8.0.141-1.b16.el7_3.x86_64/jre/bin/java
00601000-00602000 rw-p 00001000 fd:01 1063009                            /usr/lib/jvm/java-1.8.0-openjdk-1.8.0.141-1.b16.el7_3.x86_64/jre/bin/java
02177000-02198000 rw-p 00000000 00:00 0                                  [heap]
776100000-7c0000000 rw-p 00000000 00:00 0 
7f0ae5000000-7f0ae5270000 rwxp 00000000 00:00 0 
7f0ae5270000-7f0af4000000 ---p 00000000 00:00 0 
7f0af4000000-7f0af4030000 rw-p 00000000 00:00 0 
7f0af4030000-7f0af8000000 ---p 00000000 00:00 0 
7f0afaa41000-7f0afaee0000 ---p 00000000 00:00 0 
7f0afaee0000-7f0afb13b000 rw-p 00000000 00:00 0 
7f0afb13b000-7f0afb4f1000 ---p 00000000 00:00 0 
7f0afb4f1000-7f0afb4f9000 r-xp 00000000 fd:01 1063054                    /usr/lib/jvm/java-1.8.0-openjdk-1.8.0.141-1.b16.el7_3.x86_64/jre/lib/amd64/libzip.so
7f0afb4f9000-7f0afb6f8000 ---p 00008000 fd:01 1063054                    /usr/lib/jvm/java-1.8.0-openjdk-1.8.0.141-1.b16.el7_3.x86_64/jre/lib/amd64/libzip.so
7f0afb6f8000-7f0afb6f9000 r--p 00007000 fd:01 1063054                    /usr/lib/jvm/java-1.8.0-openjdk-1.8.0.141-1.b16.el7_3.x86_64/jre/lib/amd64/libzip.so
7f0afb6f9000-7f0afb6fa000 rw-p 00008000 fd:01 1063054                    /usr/lib/jvm/java-1.8.0-openjdk-1.8.0.141-1.b16.el7_3.x86_64/jre/lib/amd64/libzip.so
7f0afb6fa000-7f0afb706000 r-xp 00000000 fd:01 1050030                    /usr/lib64/libnss_files-2.17.so
7f0afb706000-7f0afb905000 ---p 0000c000 fd:01 1050030                    /usr/lib64/libnss_files-2.17.so
7f0afb905000-7f0afb906000 r--p 0000b000 fd:01 1050030                    /usr/lib64/libnss_files-2.17.so
7f0afb906000-7f0afb907000 rw-p 0000c000 fd:01 1050030                    /usr/lib64/libnss_files-2.17.so
7f0afb907000-7f0afb90d000 rw-p 00000000 00:00 0 
7f0afb90d000-7f0afb93a000 r-xp 00000000 fd:01 1063036                    /usr/lib/jvm/java-1.8.0-openjdk-1.8.0.141-1.b16.el7_3.x86_64/jre/lib/amd64/libjava.so
7f0afb93a000-7f0afbb3a000 ---p 0002d000 fd:01 1063036                    /usr/lib/jvm/java-1.8.0-openjdk-1.8.0.141-1.b16.el7_3.x86_64/jre/lib/amd64/libjava.so
7f0afbb3a000-7f0afbb3b000 r--p 0002d000 fd:01 1063036                    /usr/lib/jvm/java-1.8.0-openjdk-1.8.0.141-1.b16.el7_3.x86_64/jre/lib/amd64/libjava.so
7f0afbb3b000-7f0afbb3d000 rw-p 0002e000 fd:01 1063036                    /usr/lib/jvm/java-1.8.0-openjdk-1.8.0.141-1.b16.el7_3.x86_64/jre/lib/amd64/libjava.so
7f0afbb3d000-7f0afbb4a000 r-xp 00000000 fd:01 1063053                    /usr/lib/jvm/java-1.8.0-openjdk-1.8.0.141-1.b16.el7_3.x86_64/jre/lib/amd64/libverify.so
7f0afbb4a000-7f0afbd49000 ---p 0000d000 fd:01 1063053                    /usr/lib/jvm/java-1.8.0-openjdk-1.8.0.141-1.b16.el7_3.x86_64/jre/lib/amd64/libverify.so
7f0afbd49000-7f0afbd4b000 r--p 0000c000 fd:01 1063053                    /usr/lib/jvm/java-1.8.0-openjdk-1.8.0.141-1.b16.el7_3.x86_64/jre/lib/amd64/libverify.so
7f0afbd4b000-7f0afbd4c000 rw-p 0000e000 fd:01 1063053                    /usr/lib/jvm/java-1.8.0-openjdk-1.8.0.141-1.b16.el7_3.x86_64/jre/lib/amd64/libverify.so
7f0afbd4c000-7f0afbd53000 r-xp 00000000 fd:01 1050042                    /usr/lib64/librt-2.17.so
7f0afbd53000-7f0afbf52000 ---p 00007000 fd:01 1050042                    /usr/lib64/librt-2.17.so
7f0afbf52000-7f0afbf53000 r--p 00006000 fd:01 1050042                    /usr/lib64/librt-2.17.so
7f0afbf53000-7f0afbf54000 rw-p 00007000 fd:01 1050042                    /usr/lib64/librt-2.17.so
7f0afbf54000-7f0afbf69000 r-xp 00000000 fd:01 1051651                    /usr/lib64/libgcc_s-4.8.5-20150702.so.1
7f0afbf69000-7f0afc168000 ---p 00015000 fd:01 1051651                    /usr/lib64/libgcc_s-4.8.5-20150702.so.1
7f0afc168000-7f0afc169000 r--p 00014000 fd:01 1051651                    /usr/lib64/libgcc_s-4.8.5-20150702.so.1
7f0afc169000-7f0afc16a000 rw-p 00015000 fd:01 1051651                    /usr/lib64/libgcc_s-4.8.5-20150702.so.1
7f0afc16a000-7f0afc26a000 r-xp 00000000 fd:01 1050020                    /usr/lib64/libm-2.17.so
7f0afc26a000-7f0afc46a000 ---p 00100000 fd:01 1050020                    /usr/lib64/libm-2.17.so
7f0afc46a000-7f0afc46b000 r--p 00100000 fd:01 1050020                    /usr/lib64/libm-2.17.so
7f0afc46b000-7f0afc46c000 rw-p 00101000 fd:01 1050020                    /usr/lib64/libm-2.17.so
7f0afc46c000-7f0afc555000 r-xp 00000000 fd:01 1050304                    /usr/lib64/libstdc++.so.6.0.19
7f0afc555000-7f0afc755000 ---p 000e9000 fd:01 1050304                    /usr/lib64/libstdc++.so.6.0.19
7f0afc755000-7f0afc75e000 r--p 000e9000 fd:01 1050304                    /usr/lib64/libstdc++.so.6.0.19
7f0afc75e000-7f0afc760000 rw-p 000f2000 fd:01 1050304                    /usr/lib64/libstdc++.so.6.0.19
7f0afc760000-7f0afc775000 rw-p 00000000 00:00 0 
7f0afc775000-7f0afd38b000 r-xp 00000000 fd:01 1063058                    /usr/lib/jvm/java-1.8.0-openjdk-1.8.0.141-1.b16.el7_3.x86_64/jre/lib/amd64/server/libjvm.so
7f0afd38b000-7f0afd58a000 ---p 00c16000 fd:01 1063058                    /usr/lib/jvm/java-1.8.0-openjdk-1.8.0.141-1.b16.el7_3.x86_64/jre/lib/amd64/server/libjvm.so
7f0afd58a000-7f0afd629000 r--p 00c15000 fd:01 1063058                    /usr/lib/jvm/java-1.8.0-openjdk-1.8.0.141-1.b16.el7_3.x86_64/jre/lib/amd64/server/libjvm.so
7f0afd629000-7f0afd652000 rw-p 00cb4000 fd:01 1063058                    /usr/lib/jvm/java-1.8.0-openjdk-1.8.0.141-1.b16.el7_3.x86_64/jre/lib/amd64/server/libjvm.so
7f0afd652000-7f0afd684000 rw-p 00000000 00:00 0 
7f0afd684000-7f0afd83b000 r-xp 00000000 fd:01 1050012                    /usr/lib64/libc-2.17.so
7f0afd83b000-7f0afda3a000 ---p 001b7000 fd:01 1050012                    /usr/lib64/libc-2.17.so
7f0afda3a000-7f0afda3e000 r--p 001b6000 fd:01 1050012                    /usr/lib64/libc-2.17.so
7f0afda3e000-7f0afda40000 rw-p 001ba000 fd:01 1050012                    /usr/lib64/libc-2.17.so
7f0afda40000-7f0afda45000 rw-p 00000000 00:00 0 
7f0afda45000-7f0afda47000 r-xp 00000000 fd:01 1050018                    /usr/lib64/libdl-2.17.so
7f0afda47000-7f0afdc47000 ---p 00002000 fd:01 1050018                    /usr/lib64/libdl-2.17.so
7f0afdc47000-7f0afdc48000 r--p 00002000 fd:01 1050018                    /usr/lib64/libdl-2.17.so
7f0afdc48000-7f0afdc49000 rw-p 00003000 fd:01 1050018                    /usr/lib64/libdl-2.17.so
7f0afdc49000-7f0afdc57000 r-xp 00000000 fd:01 1063023                    /usr/lib/jvm/java-1.8.0-openjdk-1.8.0.141-1.b16.el7_3.x86_64/jre/lib/amd64/jli/libjli.so
7f0afdc57000-7f0afde56000 ---p 0000e000 fd:01 1063023                    /usr/lib/jvm/java-1.8.0-openjdk-1.8.0.141-1.b16.el7_3.x86_64/jre/lib/amd64/jli/libjli.so
7f0afde56000-7f0afde57000 r--p 0000d000 fd:01 1063023                    /usr/lib/jvm/java-1.8.0-openjdk-1.8.0.141-1.b16.el7_3.x86_64/jre/lib/amd64/jli/libjli.so
7f0afde57000-7f0afde58000 rw-p 0000e000 fd:01 1063023                    /usr/lib/jvm/java-1.8.0-openjdk-1.8.0.141-1.b16.el7_3.x86_64/jre/lib/amd64/jli/libjli.so
7f0afde58000-7f0afde6d000 r-xp 00000000 fd:01 1050447                    /usr/lib64/libz.so.1.2.7
7f0afde6d000-7f0afe06c000 ---p 00015000 fd:01 1050447                    /usr/lib64/libz.so.1.2.7
7f0afe06c000-7f0afe06d000 r--p 00014000 fd:01 1050447                    /usr/lib64/libz.so.1.2.7
7f0afe06d000-7f0afe06e000 rw-p 00015000 fd:01 1050447                    /usr/lib64/libz.so.1.2.7
7f0afe06e000-7f0afe085000 r-xp 00000000 fd:01 1050038                    /usr/lib64/libpthread-2.17.so
7f0afe085000-7f0afe284000 ---p 00017000 fd:01 1050038                    /usr/lib64/libpthread-2.17.so
7f0afe284000-7f0afe285000 r--p 00016000 fd:01 1050038                    /usr/lib64/libpthread-2.17.so
7f0afe285000-7f0afe286000 rw-p 00017000 fd:01 1050038                    /usr/lib64/libpthread-2.17.so
7f0afe286000-7f0afe28a000 rw-p 00000000 00:00 0 
7f0afe28a000-7f0afe2aa000 r-xp 00000000 fd:01 1050001                    /usr/lib64/ld-2.17.so
7f0afe395000-7f0afe398000 ---p 00000000 00:00 0 
7f0afe398000-7f0afe49b000 rw-p 00000000 00:00 0 
7f0afe49c000-7f0afe49f000 rw-p 00000000 00:00 0 
7f0afe49f000-7f0afe4a7000 rw-s 00000000 fd:01 1188363                    /tmp/hsperfdata_root/9292
7f0afe4a7000-7f0afe4a8000 rw-p 00000000 00:00 0 
7f0afe4a8000-7f0afe4a9000 r--p 00000000 00:00 0 
7f0afe4a9000-7f0afe4aa000 rw-p 00000000 00:00 0 
7f0afe4aa000-7f0afe4ab000 r--p 00020000 fd:01 1050001                    /usr/lib64/ld-2.17.so
7f0afe4ab000-7f0afe4ac000 rw-p 00021000 fd:01 1050001                    /usr/lib64/ld-2.17.so
7f0afe4ac000-7f0afe4ad000 rw-p 00000000 00:00 0 
7ffde2862000-7ffde2883000 rw-p 00000000 00:00 0                          [stack]
7ffde2946000-7ffde2948000 r-xp 00000000 00:00 0                          [vdso]
ffffffffff600000-ffffffffff601000 r-xp 00000000 00:00 0                  [vsyscall]

VM Arguments:
jvm_args: -Xmx3550M -Xms3550M -XX:+AggressiveOpts -XX:+UseCompressedOops 
java_command: PaperSpigot-1.12-b1155.jar
java_class_path (initial): PaperSpigot-1.12-b1155.jar
Launcher Type: SUN_STANDARD

Environment Variables:
PATH=/usr/local/sbin:/usr/local/bin:/usr/sbin:/usr/bin:/root/bin
SHELL=/bin/bash

Signal Handlers:
SIGSEGV: [libjvm.so+0xa18ce0], sa_mask[0]=11111111011111111101111111111110, sa_flags=SA_RESTART|SA_SIGINFO
SIGBUS: [libjvm.so+0xa18ce0], sa_mask[0]=11111111011111111101111111111110, sa_flags=SA_RESTART|SA_SIGINFO
SIGFPE: [libjvm.so+0x873f50], sa_mask[0]=11111111011111111101111111111110, sa_flags=SA_RESTART|SA_SIGINFO
SIGPIPE: [libjvm.so+0x873f50], sa_mask[0]=11111111011111111101111111111110, sa_flags=SA_RESTART|SA_SIGINFO
SIGXFSZ: [libjvm.so+0x873f50], sa_mask[0]=11111111011111111101111111111110, sa_flags=SA_RESTART|SA_SIGINFO
SIGILL: [libjvm.so+0x873f50], sa_mask[0]=11111111011111111101111111111110, sa_flags=SA_RESTART|SA_SIGINFO
SIGUSR1: SIG_DFL, sa_mask[0]=00000000000000000000000000000000, sa_flags=none
SIGUSR2: [libjvm.so+0x873e00], sa_mask[0]=00100000000000000000000000000000, sa_flags=SA_RESTART|SA_SIGINFO
SIGHUP: SIG_DFL, sa_mask[0]=00000000000000000000000000000000, sa_flags=none
SIGINT: SIG_DFL, sa_mask[0]=00000000000000000000000000000000, sa_flags=none
SIGTERM: SIG_DFL, sa_mask[0]=00000000000000000000000000000000, sa_flags=none
SIGQUIT: SIG_DFL, sa_mask[0]=00000000000000000000000000000000, sa_flags=none


---------------  S Y S T E M  ---------------

OS:CentOS Linux release 7.3.1611 (Core) 

uname:Linux 3.10.0-514.6.2.el7.x86_64 #1 SMP Thu Feb 23 03:04:39 UTC 2017 x86_64
libc:glibc 2.17 NPTL 2.17 
rlimit: STACK 8192k, CORE 0k, NPROC 15084, NOFILE 4096, AS infinity
load average:0.09 0.05 0.05

/proc/meminfo:
MemTotal:        3882036 kB
MemFree:          394724 kB
MemAvailable:    1444452 kB
Buffers:          160772 kB
Cached:          1047980 kB
SwapCached:        13704 kB
Active:          2330760 kB
Inactive:         937656 kB
Active(anon):    1714316 kB
Inactive(anon):   367904 kB
Active(file):     616444 kB
Inactive(file):   569752 kB
Unevictable:           0 kB
Mlocked:               0 kB
SwapTotal:       1049596 kB
SwapFree:         796332 kB
Dirty:              1708 kB
Writeback:            32 kB
AnonPages:       2045436 kB
Mapped:            46580 kB
Shmem:             22592 kB
Slab:             161508 kB
SReclaimable:     132492 kB
SUnreclaim:        29016 kB
KernelStack:        3888 kB
PageTables:        11664 kB
NFS_Unstable:          0 kB
Bounce:                0 kB
WritebackTmp:          0 kB
CommitLimit:     2990612 kB
Committed_AS:    6855828 kB
VmallocTotal:   34359738367 kB
VmallocUsed:       14448 kB
VmallocChunk:   34359715580 kB
HardwareCorrupted:     0 kB
AnonHugePages:   1867776 kB
HugePages_Total:       0
HugePages_Free:        0
HugePages_Rsvd:        0
HugePages_Surp:        0
Hugepagesize:       2048 kB
DirectMap4k:       79860 kB
DirectMap2M:     3065856 kB
DirectMap1G:     1048576 kB


CPU:total 2 (initial active 2) (1 cores per cpu, 1 threads per core) family 6 model 60 stepping 1, cmov, cx8, fxsr, mmx, sse, sse2, sse3, ssse3, sse4.1, sse4.2, popcnt, avx, avx2, aes, clmul, erms, rtm, 3dnowpref, lzcnt, tsc, bmi1, bmi2, adx

/proc/cpuinfo:
processor	: 0
vendor_id	: GenuineIntel
cpu family	: 6
model		: 60
model name	: Intel(R) Xeon(R) CPU E5-2620 v4 @ 2.10GHz
stepping	: 1
microcode	: 0x1
cpu MHz		: 2095.146
cache size	: 4096 KB
physical id	: 0
siblings	: 1
core id		: 0
cpu cores	: 1
apicid		: 0
initial apicid	: 0
fpu		: yes
fpu_exception	: yes
cpuid level	: 13
wp		: yes
flags		: fpu vme de pse tsc msr pae mce cx8 apic sep mtrr pge mca cmov pat pse36 clflush mmx fxsr sse sse2 ss syscall nx pdpe1gb lm constant_tsc nopl eagerfpu pni pclmulqdq ssse3 fma cx16 pcid sse4_1 sse4_2 x2apic movbe popcnt tsc_deadline_timer aes xsave avx f16c rdrand hypervisor lahf_lm abm 3dnowprefetch fsgsbase bmi1 hle avx2 smep bmi2 invpcid rtm rdseed adx smap xsaveopt
bogomips	: 4190.29
clflush size	: 64
cache_alignment	: 64
address sizes	: 46 bits physical, 48 bits virtual
power management:

processor	: 1
vendor_id	: GenuineIntel
cpu family	: 6
model		: 60
model name	: Intel(R) Xeon(R) CPU E5-2620 v4 @ 2.10GHz
stepping	: 1
microcode	: 0x1
cpu MHz		: 2095.146
cache size	: 4096 KB
physical id	: 1
siblings	: 1
core id		: 0
cpu cores	: 1
apicid		: 1
initial apicid	: 1
fpu		: yes
fpu_exception	: yes
cpuid level	: 13
wp		: yes
flags		: fpu vme de pse tsc msr pae mce cx8 apic sep mtrr pge mca cmov pat pse36 clflush mmx fxsr sse sse2 ss syscall nx pdpe1gb lm constant_tsc nopl eagerfpu pni pclmulqdq ssse3 fma cx16 pcid sse4_1 sse4_2 x2apic movbe popcnt tsc_deadline_timer aes xsave avx f16c rdrand hypervisor lahf_lm abm 3dnowprefetch fsgsbase bmi1 hle avx2 smep bmi2 invpcid rtm rdseed adx smap xsaveopt
bogomips	: 4190.29
clflush size	: 64
cache_alignment	: 64
address sizes	: 46 bits physical, 48 bits virtual
power management:



Memory: 4k page, physical 3882036k(394724k free), swap 1049596k(796332k free)

vm_info: OpenJDK 64-Bit Server VM (25.141-b16) for linux-amd64 JRE (1.8.0_141-b16), built on Jul 20 2017 21:57:27 by "mockbuild" with gcc 4.8.5 20150623 (Red Hat 4.8.5-11)

time: Wed Aug  2 11:14:33 2017
elapsed time: 0 seconds (0d 0h 0m 0s)

