#
# There is insufficient memory for the Java Runtime Environment to continue.
# Native memory allocation (mmap) failed to map 2481979392 bytes for committing reserved memory.
# Possible reasons:
#   The system is out of physical RAM or swap space
#   In 32 bit mode, the process size limit was hit
# Possible solutions:
#   Reduce memory load on the system
#   Increase physical memory or swap space
#   Check if swap backing store is full
#   Use 64 bit Java on a 64 bit OS
#   Decrease Java heap size (-Xmx/-Xms)
#   Decrease number of Java threads
#   Decrease Java thread stack sizes (-Xss)
#   Set larger code cache with -XX:ReservedCodeCacheSize=
# This output file may be truncated or incomplete.
#
#  Out of Memory Error (os_linux.cpp:2651), pid=9513, tid=0x00007fc892249700
#
# JRE version:  (8.0_141-b16) (build )
# Java VM: OpenJDK 64-Bit Server VM (25.141-b16 mixed mode linux-amd64 compressed oops)
# Failed to write core dump. Core dumps have been disabled. To enable core dumping, try "ulimit -c unlimited" before starting Java again
#

---------------  T H R E A D  ---------------

Current thread (0x00007fc888009000):  JavaThread "Unknown thread" [_thread_in_vm, id=9514, stack(0x00007fc892149000,0x00007fc89224a000)]

Stack: [0x00007fc892149000,0x00007fc89224a000],  sp=0x00007fc8922485c0,  free space=1021k
Native frames: (J=compiled Java code, j=interpreted, Vv=VM code, C=native code)
V  [libjvm.so+0xa181cd]
V  [libjvm.so+0x4c998a]
V  [libjvm.so+0x878690]
V  [libjvm.so+0x872d8e]
V  [libjvm.so+0x8eabab]
V  [libjvm.so+0x8dc6a8]
V  [libjvm.so+0x2cc863]
V  [libjvm.so+0x89cdc0]
V  [libjvm.so+0x9e24c9]
V  [libjvm.so+0x9e26d2]
V  [libjvm.so+0x5f5785]
V  [libjvm.so+0x9c5dde]
V  [libjvm.so+0x66878f]  JNI_CreateJavaVM+0x5f
C  [libjli.so+0x3057]
C  [libpthread.so.0+0x7dc5]  start_thread+0xc5


---------------  P R O C E S S  ---------------

Java Threads: ( => current thread )

Other Threads:

=>0x00007fc888009000 (exited) JavaThread "Unknown thread" [_thread_in_vm, id=9514, stack(0x00007fc892149000,0x00007fc89224a000)]

VM state:not at safepoint (not fully initialized)

VM Mutex/Monitor currently owned by a thread: None

GC Heap History (0 events):
No events

Deoptimization events (0 events):
No events

Internal exceptions (0 events):
No events

Events (0 events):
No events


Dynamic libraries:
00400000-00401000 r-xp 00000000 fd:01 1063009                            /usr/lib/jvm/java-1.8.0-openjdk-1.8.0.141-1.b16.el7_3.x86_64/jre/bin/java
00600000-00601000 r--p 00000000 fd:01 1063009                            /usr/lib/jvm/java-1.8.0-openjdk-1.8.0.141-1.b16.el7_3.x86_64/jre/bin/java
00601000-00602000 rw-p 00001000 fd:01 1063009                            /usr/lib/jvm/java-1.8.0-openjdk-1.8.0.141-1.b16.el7_3.x86_64/jre/bin/java
00fb6000-00fd7000 rw-p 00000000 00:00 0                                  [heap]
776100000-7c0000000 rw-p 00000000 00:00 0 
7fc879000000-7fc879270000 rwxp 00000000 00:00 0 
7fc879270000-7fc888000000 ---p 00000000 00:00 0 
7fc888000000-7fc888030000 rw-p 00000000 00:00 0 
7fc888030000-7fc88c000000 ---p 00000000 00:00 0 
7fc88e7f5000-7fc88ec94000 ---p 00000000 00:00 0 
7fc88ec94000-7fc88eeef000 rw-p 00000000 00:00 0 
7fc88eeef000-7fc88f2a5000 ---p 00000000 00:00 0 
7fc88f2a5000-7fc88f2ad000 r-xp 00000000 fd:01 1063054                    /usr/lib/jvm/java-1.8.0-openjdk-1.8.0.141-1.b16.el7_3.x86_64/jre/lib/amd64/libzip.so
7fc88f2ad000-7fc88f4ac000 ---p 00008000 fd:01 1063054                    /usr/lib/jvm/java-1.8.0-openjdk-1.8.0.141-1.b16.el7_3.x86_64/jre/lib/amd64/libzip.so
7fc88f4ac000-7fc88f4ad000 r--p 00007000 fd:01 1063054                    /usr/lib/jvm/java-1.8.0-openjdk-1.8.0.141-1.b16.el7_3.x86_64/jre/lib/amd64/libzip.so
7fc88f4ad000-7fc88f4ae000 rw-p 00008000 fd:01 1063054                    /usr/lib/jvm/java-1.8.0-openjdk-1.8.0.141-1.b16.el7_3.x86_64/jre/lib/amd64/libzip.so
7fc88f4ae000-7fc88f4ba000 r-xp 00000000 fd:01 1050030                    /usr/lib64/libnss_files-2.17.so
7fc88f4ba000-7fc88f6b9000 ---p 0000c000 fd:01 1050030                    /usr/lib64/libnss_files-2.17.so
7fc88f6b9000-7fc88f6ba000 r--p 0000b000 fd:01 1050030                    /usr/lib64/libnss_files-2.17.so
7fc88f6ba000-7fc88f6bb000 rw-p 0000c000 fd:01 1050030                    /usr/lib64/libnss_files-2.17.so
7fc88f6bb000-7fc88f6c1000 rw-p 00000000 00:00 0 
7fc88f6c1000-7fc88f6ee000 r-xp 00000000 fd:01 1063036                    /usr/lib/jvm/java-1.8.0-openjdk-1.8.0.141-1.b16.el7_3.x86_64/jre/lib/amd64/libjava.so
7fc88f6ee000-7fc88f8ee000 ---p 0002d000 fd:01 1063036                    /usr/lib/jvm/java-1.8.0-openjdk-1.8.0.141-1.b16.el7_3.x86_64/jre/lib/amd64/libjava.so
7fc88f8ee000-7fc88f8ef000 r--p 0002d000 fd:01 1063036                    /usr/lib/jvm/java-1.8.0-openjdk-1.8.0.141-1.b16.el7_3.x86_64/jre/lib/amd64/libjava.so
7fc88f8ef000-7fc88f8f1000 rw-p 0002e000 fd:01 1063036                    /usr/lib/jvm/java-1.8.0-openjdk-1.8.0.141-1.b16.el7_3.x86_64/jre/lib/amd64/libjava.so
7fc88f8f1000-7fc88f8fe000 r-xp 00000000 fd:01 1063053                    /usr/lib/jvm/java-1.8.0-openjdk-1.8.0.141-1.b16.el7_3.x86_64/jre/lib/amd64/libverify.so
7fc88f8fe000-7fc88fafd000 ---p 0000d000 fd:01 1063053                    /usr/lib/jvm/java-1.8.0-openjdk-1.8.0.141-1.b16.el7_3.x86_64/jre/lib/amd64/libverify.so
7fc88fafd000-7fc88faff000 r--p 0000c000 fd:01 1063053                    /usr/lib/jvm/java-1.8.0-openjdk-1.8.0.141-1.b16.el7_3.x86_64/jre/lib/amd64/libverify.so
7fc88faff000-7fc88fb00000 rw-p 0000e000 fd:01 1063053                    /usr/lib/jvm/java-1.8.0-openjdk-1.8.0.141-1.b16.el7_3.x86_64/jre/lib/amd64/libverify.so
7fc88fb00000-7fc88fb07000 r-xp 00000000 fd:01 1050042                    /usr/lib64/librt-2.17.so
7fc88fb07000-7fc88fd06000 ---p 00007000 fd:01 1050042                    /usr/lib64/librt-2.17.so
7fc88fd06000-7fc88fd07000 r--p 00006000 fd:01 1050042                    /usr/lib64/librt-2.17.so
7fc88fd07000-7fc88fd08000 rw-p 00007000 fd:01 1050042                    /usr/lib64/librt-2.17.so
7fc88fd08000-7fc88fd1d000 r-xp 00000000 fd:01 1051651                    /usr/lib64/libgcc_s-4.8.5-20150702.so.1
7fc88fd1d000-7fc88ff1c000 ---p 00015000 fd:01 1051651                    /usr/lib64/libgcc_s-4.8.5-20150702.so.1
7fc88ff1c000-7fc88ff1d000 r--p 00014000 fd:01 1051651                    /usr/lib64/libgcc_s-4.8.5-20150702.so.1
7fc88ff1d000-7fc88ff1e000 rw-p 00015000 fd:01 1051651                    /usr/lib64/libgcc_s-4.8.5-20150702.so.1
7fc88ff1e000-7fc89001e000 r-xp 00000000 fd:01 1050020                    /usr/lib64/libm-2.17.so
7fc89001e000-7fc89021e000 ---p 00100000 fd:01 1050020                    /usr/lib64/libm-2.17.so
7fc89021e000-7fc89021f000 r--p 00100000 fd:01 1050020                    /usr/lib64/libm-2.17.so
7fc89021f000-7fc890220000 rw-p 00101000 fd:01 1050020                    /usr/lib64/libm-2.17.so
7fc890220000-7fc890309000 r-xp 00000000 fd:01 1050304                    /usr/lib64/libstdc++.so.6.0.19
7fc890309000-7fc890509000 ---p 000e9000 fd:01 1050304                    /usr/lib64/libstdc++.so.6.0.19
7fc890509000-7fc890512000 r--p 000e9000 fd:01 1050304                    /usr/lib64/libstdc++.so.6.0.19
7fc890512000-7fc890514000 rw-p 000f2000 fd:01 1050304                    /usr/lib64/libstdc++.so.6.0.19
7fc890514000-7fc890529000 rw-p 00000000 00:00 0 
7fc890529000-7fc89113f000 r-xp 00000000 fd:01 1063058                    /usr/lib/jvm/java-1.8.0-openjdk-1.8.0.141-1.b16.el7_3.x86_64/jre/lib/amd64/server/libjvm.so
7fc89113f000-7fc89133e000 ---p 00c16000 fd:01 1063058                    /usr/lib/jvm/java-1.8.0-openjdk-1.8.0.141-1.b16.el7_3.x86_64/jre/lib/amd64/server/libjvm.so
7fc89133e000-7fc8913dd000 r--p 00c15000 fd:01 1063058                    /usr/lib/jvm/java-1.8.0-openjdk-1.8.0.141-1.b16.el7_3.x86_64/jre/lib/amd64/server/libjvm.so
7fc8913dd000-7fc891406000 rw-p 00cb4000 fd:01 1063058                    /usr/lib/jvm/java-1.8.0-openjdk-1.8.0.141-1.b16.el7_3.x86_64/jre/lib/amd64/server/libjvm.so
7fc891406000-7fc891438000 rw-p 00000000 00:00 0 
7fc891438000-7fc8915ef000 r-xp 00000000 fd:01 1050012                    /usr/lib64/libc-2.17.so
7fc8915ef000-7fc8917ee000 ---p 001b7000 fd:01 1050012                    /usr/lib64/libc-2.17.so
7fc8917ee000-7fc8917f2000 r--p 001b6000 fd:01 1050012                    /usr/lib64/libc-2.17.so
7fc8917f2000-7fc8917f4000 rw-p 001ba000 fd:01 1050012                    /usr/lib64/libc-2.17.so
7fc8917f4000-7fc8917f9000 rw-p 00000000 00:00 0 
7fc8917f9000-7fc8917fb000 r-xp 00000000 fd:01 1050018                    /usr/lib64/libdl-2.17.so
7fc8917fb000-7fc8919fb000 ---p 00002000 fd:01 1050018                    /usr/lib64/libdl-2.17.so
7fc8919fb000-7fc8919fc000 r--p 00002000 fd:01 1050018                    /usr/lib64/libdl-2.17.so
7fc8919fc000-7fc8919fd000 rw-p 00003000 fd:01 1050018                    /usr/lib64/libdl-2.17.so
7fc8919fd000-7fc891a0b000 r-xp 00000000 fd:01 1063023                    /usr/lib/jvm/java-1.8.0-openjdk-1.8.0.141-1.b16.el7_3.x86_64/jre/lib/amd64/jli/libjli.so
7fc891a0b000-7fc891c0a000 ---p 0000e000 fd:01 1063023                    /usr/lib/jvm/java-1.8.0-openjdk-1.8.0.141-1.b16.el7_3.x86_64/jre/lib/amd64/jli/libjli.so
7fc891c0a000-7fc891c0b000 r--p 0000d000 fd:01 1063023                    /usr/lib/jvm/java-1.8.0-openjdk-1.8.0.141-1.b16.el7_3.x86_64/jre/lib/amd64/jli/libjli.so
7fc891c0b000-7fc891c0c000 rw-p 0000e000 fd:01 1063023                    /usr/lib/jvm/java-1.8.0-openjdk-1.8.0.141-1.b16.el7_3.x86_64/jre/lib/amd64/jli/libjli.so
7fc891c0c000-7fc891c21000 r-xp 00000000 fd:01 1050447                    /usr/lib64/libz.so.1.2.7
7fc891c21000-7fc891e20000 ---p 00015000 fd:01 1050447                    /usr/lib64/libz.so.1.2.7
7fc891e20000-7fc891e21000 r--p 00014000 fd:01 1050447                    /usr/lib64/libz.so.1.2.7
7fc891e21000-7fc891e22000 rw-p 00015000 fd:01 1050447                    /usr/lib64/libz.so.1.2.7
7fc891e22000-7fc891e39000 r-xp 00000000 fd:01 1050038                    /usr/lib64/libpthread-2.17.so
7fc891e39000-7fc892038000 ---p 00017000 fd:01 1050038                    /usr/lib64/libpthread-2.17.so
7fc892038000-7fc892039000 r--p 00016000 fd:01 1050038                    /usr/lib64/libpthread-2.17.so
7fc892039000-7fc89203a000 rw-p 00017000 fd:01 1050038                    /usr/lib64/libpthread-2.17.so
7fc89203a000-7fc89203e000 rw-p 00000000 00:00 0 
7fc89203e000-7fc89205e000 r-xp 00000000 fd:01 1050001                    /usr/lib64/ld-2.17.so
7fc892149000-7fc89214c000 ---p 00000000 00:00 0 
7fc89214c000-7fc89224f000 rw-p 00000000 00:00 0 
7fc892250000-7fc892253000 rw-p 00000000 00:00 0 
7fc892253000-7fc89225b000 rw-s 00000000 fd:01 1188363                    /tmp/hsperfdata_root/9513
7fc89225b000-7fc89225c000 rw-p 00000000 00:00 0 
7fc89225c000-7fc89225d000 r--p 00000000 00:00 0 
7fc89225d000-7fc89225e000 rw-p 00000000 00:00 0 
7fc89225e000-7fc89225f000 r--p 00020000 fd:01 1050001                    /usr/lib64/ld-2.17.so
7fc89225f000-7fc892260000 rw-p 00021000 fd:01 1050001                    /usr/lib64/ld-2.17.so
7fc892260000-7fc892261000 rw-p 00000000 00:00 0 
7fff5d106000-7fff5d127000 rw-p 00000000 00:00 0                          [stack]
7fff5d1db000-7fff5d1dd000 r-xp 00000000 00:00 0                          [vdso]
ffffffffff600000-ffffffffff601000 r-xp 00000000 00:00 0                  [vsyscall]

VM Arguments:
jvm_args: -Xmx3550M -Xms3550M -XX:+AggressiveOpts -XX:+UseCompressedOops 
java_command: PaperSpigot-1.12-b1155.jar
java_class_path (initial): PaperSpigot-1.12-b1155.jar
Launcher Type: SUN_STANDARD

Environment Variables:
PATH=/usr/local/sbin:/usr/local/bin:/usr/sbin:/usr/bin:/root/bin
SHELL=/bin/bash

Signal Handlers:
SIGSEGV: [libjvm.so+0xa18ce0], sa_mask[0]=11111111011111111101111111111110, sa_flags=SA_RESTART|SA_SIGINFO
SIGBUS: [libjvm.so+0xa18ce0], sa_mask[0]=11111111011111111101111111111110, sa_flags=SA_RESTART|SA_SIGINFO
SIGFPE: [libjvm.so+0x873f50], sa_mask[0]=11111111011111111101111111111110, sa_flags=SA_RESTART|SA_SIGINFO
SIGPIPE: [libjvm.so+0x873f50], sa_mask[0]=11111111011111111101111111111110, sa_flags=SA_RESTART|SA_SIGINFO
SIGXFSZ: [libjvm.so+0x873f50], sa_mask[0]=11111111011111111101111111111110, sa_flags=SA_RESTART|SA_SIGINFO
SIGILL: [libjvm.so+0x873f50], sa_mask[0]=11111111011111111101111111111110, sa_flags=SA_RESTART|SA_SIGINFO
SIGUSR1: SIG_DFL, sa_mask[0]=00000000000000000000000000000000, sa_flags=none
SIGUSR2: [libjvm.so+0x873e00], sa_mask[0]=00100000000000000000000000000000, sa_flags=SA_RESTART|SA_SIGINFO
SIGHUP: SIG_DFL, sa_mask[0]=00000000000000000000000000000000, sa_flags=none
SIGINT: SIG_DFL, sa_mask[0]=00000000000000000000000000000000, sa_flags=none
SIGTERM: SIG_DFL, sa_mask[0]=00000000000000000000000000000000, sa_flags=none
SIGQUIT: SIG_DFL, sa_mask[0]=00000000000000000000000000000000, sa_flags=none


---------------  S Y S T E M  ---------------

OS:CentOS Linux release 7.3.1611 (Core) 

uname:Linux 3.10.0-514.6.2.el7.x86_64 #1 SMP Thu Feb 23 03:04:39 UTC 2017 x86_64
libc:glibc 2.17 NPTL 2.17 
rlimit: STACK 8192k, CORE 0k, NPROC 15084, NOFILE 4096, AS infinity
load average:0.09 0.05 0.05

/proc/meminfo:
MemTotal:        3882036 kB
MemFree:          392708 kB
MemAvailable:    1444392 kB
Buffers:          160772 kB
Cached:          1050036 kB
SwapCached:        13704 kB
Active:          2332744 kB
Inactive:         937604 kB
Active(anon):    1714332 kB
Inactive(anon):   367904 kB
Active(file):     618412 kB
Inactive(file):   569700 kB
Unevictable:           0 kB
Mlocked:               0 kB
SwapTotal:       1049596 kB
SwapFree:         796332 kB
Dirty:              3764 kB
Writeback:            32 kB
AnonPages:       2045528 kB
Mapped:            46656 kB
Shmem:             22592 kB
Slab:             161592 kB
SReclaimable:     132576 kB
SUnreclaim:        29016 kB
KernelStack:        3888 kB
PageTables:        11516 kB
NFS_Unstable:          0 kB
Bounce:                0 kB
WritebackTmp:          0 kB
CommitLimit:     2990612 kB
Committed_AS:    6855828 kB
VmallocTotal:   34359738367 kB
VmallocUsed:       14448 kB
VmallocChunk:   34359715580 kB
HardwareCorrupted:     0 kB
AnonHugePages:   1867776 kB
HugePages_Total:       0
HugePages_Free:        0
HugePages_Rsvd:        0
HugePages_Surp:        0
Hugepagesize:       2048 kB
DirectMap4k:       79860 kB
DirectMap2M:     3065856 kB
DirectMap1G:     1048576 kB


CPU:total 2 (initial active 2) (1 cores per cpu, 1 threads per core) family 6 model 60 stepping 1, cmov, cx8, fxsr, mmx, sse, sse2, sse3, ssse3, sse4.1, sse4.2, popcnt, avx, avx2, aes, clmul, erms, rtm, 3dnowpref, lzcnt, tsc, bmi1, bmi2, adx

/proc/cpuinfo:
processor	: 0
vendor_id	: GenuineIntel
cpu family	: 6
model		: 60
model name	: Intel(R) Xeon(R) CPU E5-2620 v4 @ 2.10GHz
stepping	: 1
microcode	: 0x1
cpu MHz		: 2095.146
cache size	: 4096 KB
physical id	: 0
siblings	: 1
core id		: 0
cpu cores	: 1
apicid		: 0
initial apicid	: 0
fpu		: yes
fpu_exception	: yes
cpuid level	: 13
wp		: yes
flags		: fpu vme de pse tsc msr pae mce cx8 apic sep mtrr pge mca cmov pat pse36 clflush mmx fxsr sse sse2 ss syscall nx pdpe1gb lm constant_tsc nopl eagerfpu pni pclmulqdq ssse3 fma cx16 pcid sse4_1 sse4_2 x2apic movbe popcnt tsc_deadline_timer aes xsave avx f16c rdrand hypervisor lahf_lm abm 3dnowprefetch fsgsbase bmi1 hle avx2 smep bmi2 invpcid rtm rdseed adx smap xsaveopt
bogomips	: 4190.29
clflush size	: 64
cache_alignment	: 64
address sizes	: 46 bits physical, 48 bits virtual
power management:

processor	: 1
vendor_id	: GenuineIntel
cpu family	: 6
model		: 60
model name	: Intel(R) Xeon(R) CPU E5-2620 v4 @ 2.10GHz
stepping	: 1
microcode	: 0x1
cpu MHz		: 2095.146
cache size	: 4096 KB
physical id	: 1
siblings	: 1
core id		: 0
cpu cores	: 1
apicid		: 1
initial apicid	: 1
fpu		: yes
fpu_exception	: yes
cpuid level	: 13
wp		: yes
flags		: fpu vme de pse tsc msr pae mce cx8 apic sep mtrr pge mca cmov pat pse36 clflush mmx fxsr sse sse2 ss syscall nx pdpe1gb lm constant_tsc nopl eagerfpu pni pclmulqdq ssse3 fma cx16 pcid sse4_1 sse4_2 x2apic movbe popcnt tsc_deadline_timer aes xsave avx f16c rdrand hypervisor lahf_lm abm 3dnowprefetch fsgsbase bmi1 hle avx2 smep bmi2 invpcid rtm rdseed adx smap xsaveopt
bogomips	: 4190.29
clflush size	: 64
cache_alignment	: 64
address sizes	: 46 bits physical, 48 bits virtual
power management:



Memory: 4k page, physical 3882036k(392708k free), swap 1049596k(796332k free)

vm_info: OpenJDK 64-Bit Server VM (25.141-b16) for linux-amd64 JRE (1.8.0_141-b16), built on Jul 20 2017 21:57:27 by "mockbuild" with gcc 4.8.5 20150623 (Red Hat 4.8.5-11)

time: Wed Aug  2 11:14:34 2017
elapsed time: 0 seconds (0d 0h 0m 0s)

