#
# There is insufficient memory for the Java Runtime Environment to continue.
# Native memory allocation (mmap) failed to map 2481979392 bytes for committing reserved memory.
# Possible reasons:
#   The system is out of physical RAM or swap space
#   In 32 bit mode, the process size limit was hit
# Possible solutions:
#   Reduce memory load on the system
#   Increase physical memory or swap space
#   Check if swap backing store is full
#   Use 64 bit Java on a 64 bit OS
#   Decrease Java heap size (-Xmx/-Xms)
#   Decrease number of Java threads
#   Decrease Java thread stack sizes (-Xss)
#   Set larger code cache with -XX:ReservedCodeCacheSize=
# This output file may be truncated or incomplete.
#
#  Out of Memory Error (os_linux.cpp:2651), pid=9320, tid=0x00007f15a135d700
#
# JRE version:  (8.0_141-b16) (build )
# Java VM: OpenJDK 64-Bit Server VM (25.141-b16 mixed mode linux-amd64 compressed oops)
# Failed to write core dump. Core dumps have been disabled. To enable core dumping, try "ulimit -c unlimited" before starting Java again
#

---------------  T H R E A D  ---------------

Current thread (0x00007f1598009000):  JavaThread "Unknown thread" [_thread_in_vm, id=9321, stack(0x00007f15a125d000,0x00007f15a135e000)]

Stack: [0x00007f15a125d000,0x00007f15a135e000],  sp=0x00007f15a135c5c0,  free space=1021k
Native frames: (J=compiled Java code, j=interpreted, Vv=VM code, C=native code)
V  [libjvm.so+0xa181cd]
V  [libjvm.so+0x4c998a]
V  [libjvm.so+0x878690]
V  [libjvm.so+0x872d8e]
V  [libjvm.so+0x8eabab]
V  [libjvm.so+0x8dc6a8]
V  [libjvm.so+0x2cc863]
V  [libjvm.so+0x89cdc0]
V  [libjvm.so+0x9e24c9]
V  [libjvm.so+0x9e26d2]
V  [libjvm.so+0x5f5785]
V  [libjvm.so+0x9c5dde]
V  [libjvm.so+0x66878f]  JNI_CreateJavaVM+0x5f
C  [libjli.so+0x3057]
C  [libpthread.so.0+0x7dc5]  start_thread+0xc5


---------------  P R O C E S S  ---------------

Java Threads: ( => current thread )

Other Threads:

=>0x00007f1598009000 (exited) JavaThread "Unknown thread" [_thread_in_vm, id=9321, stack(0x00007f15a125d000,0x00007f15a135e000)]

VM state:not at safepoint (not fully initialized)

VM Mutex/Monitor currently owned by a thread: None

GC Heap History (0 events):
No events

Deoptimization events (0 events):
No events

Internal exceptions (0 events):
No events

Events (0 events):
No events


Dynamic libraries:
00400000-00401000 r-xp 00000000 fd:01 1063009                            /usr/lib/jvm/java-1.8.0-openjdk-1.8.0.141-1.b16.el7_3.x86_64/jre/bin/java
00600000-00601000 r--p 00000000 fd:01 1063009                            /usr/lib/jvm/java-1.8.0-openjdk-1.8.0.141-1.b16.el7_3.x86_64/jre/bin/java
00601000-00602000 rw-p 00001000 fd:01 1063009                            /usr/lib/jvm/java-1.8.0-openjdk-1.8.0.141-1.b16.el7_3.x86_64/jre/bin/java
0093d000-0095e000 rw-p 00000000 00:00 0                                  [heap]
776100000-7c0000000 rw-p 00000000 00:00 0 
7f1589000000-7f1589270000 rwxp 00000000 00:00 0 
7f1589270000-7f1598000000 ---p 00000000 00:00 0 
7f1598000000-7f1598030000 rw-p 00000000 00:00 0 
7f1598030000-7f159c000000 ---p 00000000 00:00 0 
7f159d909000-7f159dda8000 ---p 00000000 00:00 0 
7f159dda8000-7f159e003000 rw-p 00000000 00:00 0 
7f159e003000-7f159e3b9000 ---p 00000000 00:00 0 
7f159e3b9000-7f159e3c1000 r-xp 00000000 fd:01 1063054                    /usr/lib/jvm/java-1.8.0-openjdk-1.8.0.141-1.b16.el7_3.x86_64/jre/lib/amd64/libzip.so
7f159e3c1000-7f159e5c0000 ---p 00008000 fd:01 1063054                    /usr/lib/jvm/java-1.8.0-openjdk-1.8.0.141-1.b16.el7_3.x86_64/jre/lib/amd64/libzip.so
7f159e5c0000-7f159e5c1000 r--p 00007000 fd:01 1063054                    /usr/lib/jvm/java-1.8.0-openjdk-1.8.0.141-1.b16.el7_3.x86_64/jre/lib/amd64/libzip.so
7f159e5c1000-7f159e5c2000 rw-p 00008000 fd:01 1063054                    /usr/lib/jvm/java-1.8.0-openjdk-1.8.0.141-1.b16.el7_3.x86_64/jre/lib/amd64/libzip.so
7f159e5c2000-7f159e5ce000 r-xp 00000000 fd:01 1050030                    /usr/lib64/libnss_files-2.17.so
7f159e5ce000-7f159e7cd000 ---p 0000c000 fd:01 1050030                    /usr/lib64/libnss_files-2.17.so
7f159e7cd000-7f159e7ce000 r--p 0000b000 fd:01 1050030                    /usr/lib64/libnss_files-2.17.so
7f159e7ce000-7f159e7cf000 rw-p 0000c000 fd:01 1050030                    /usr/lib64/libnss_files-2.17.so
7f159e7cf000-7f159e7d5000 rw-p 00000000 00:00 0 
7f159e7d5000-7f159e802000 r-xp 00000000 fd:01 1063036                    /usr/lib/jvm/java-1.8.0-openjdk-1.8.0.141-1.b16.el7_3.x86_64/jre/lib/amd64/libjava.so
7f159e802000-7f159ea02000 ---p 0002d000 fd:01 1063036                    /usr/lib/jvm/java-1.8.0-openjdk-1.8.0.141-1.b16.el7_3.x86_64/jre/lib/amd64/libjava.so
7f159ea02000-7f159ea03000 r--p 0002d000 fd:01 1063036                    /usr/lib/jvm/java-1.8.0-openjdk-1.8.0.141-1.b16.el7_3.x86_64/jre/lib/amd64/libjava.so
7f159ea03000-7f159ea05000 rw-p 0002e000 fd:01 1063036                    /usr/lib/jvm/java-1.8.0-openjdk-1.8.0.141-1.b16.el7_3.x86_64/jre/lib/amd64/libjava.so
7f159ea05000-7f159ea12000 r-xp 00000000 fd:01 1063053                    /usr/lib/jvm/java-1.8.0-openjdk-1.8.0.141-1.b16.el7_3.x86_64/jre/lib/amd64/libverify.so
7f159ea12000-7f159ec11000 ---p 0000d000 fd:01 1063053                    /usr/lib/jvm/java-1.8.0-openjdk-1.8.0.141-1.b16.el7_3.x86_64/jre/lib/amd64/libverify.so
7f159ec11000-7f159ec13000 r--p 0000c000 fd:01 1063053                    /usr/lib/jvm/java-1.8.0-openjdk-1.8.0.141-1.b16.el7_3.x86_64/jre/lib/amd64/libverify.so
7f159ec13000-7f159ec14000 rw-p 0000e000 fd:01 1063053                    /usr/lib/jvm/java-1.8.0-openjdk-1.8.0.141-1.b16.el7_3.x86_64/jre/lib/amd64/libverify.so
7f159ec14000-7f159ec1b000 r-xp 00000000 fd:01 1050042                    /usr/lib64/librt-2.17.so
7f159ec1b000-7f159ee1a000 ---p 00007000 fd:01 1050042                    /usr/lib64/librt-2.17.so
7f159ee1a000-7f159ee1b000 r--p 00006000 fd:01 1050042                    /usr/lib64/librt-2.17.so
7f159ee1b000-7f159ee1c000 rw-p 00007000 fd:01 1050042                    /usr/lib64/librt-2.17.so
7f159ee1c000-7f159ee31000 r-xp 00000000 fd:01 1051651                    /usr/lib64/libgcc_s-4.8.5-20150702.so.1
7f159ee31000-7f159f030000 ---p 00015000 fd:01 1051651                    /usr/lib64/libgcc_s-4.8.5-20150702.so.1
7f159f030000-7f159f031000 r--p 00014000 fd:01 1051651                    /usr/lib64/libgcc_s-4.8.5-20150702.so.1
7f159f031000-7f159f032000 rw-p 00015000 fd:01 1051651                    /usr/lib64/libgcc_s-4.8.5-20150702.so.1
7f159f032000-7f159f132000 r-xp 00000000 fd:01 1050020                    /usr/lib64/libm-2.17.so
7f159f132000-7f159f332000 ---p 00100000 fd:01 1050020                    /usr/lib64/libm-2.17.so
7f159f332000-7f159f333000 r--p 00100000 fd:01 1050020                    /usr/lib64/libm-2.17.so
7f159f333000-7f159f334000 rw-p 00101000 fd:01 1050020                    /usr/lib64/libm-2.17.so
7f159f334000-7f159f41d000 r-xp 00000000 fd:01 1050304                    /usr/lib64/libstdc++.so.6.0.19
7f159f41d000-7f159f61d000 ---p 000e9000 fd:01 1050304                    /usr/lib64/libstdc++.so.6.0.19
7f159f61d000-7f159f626000 r--p 000e9000 fd:01 1050304                    /usr/lib64/libstdc++.so.6.0.19
7f159f626000-7f159f628000 rw-p 000f2000 fd:01 1050304                    /usr/lib64/libstdc++.so.6.0.19
7f159f628000-7f159f63d000 rw-p 00000000 00:00 0 
7f159f63d000-7f15a0253000 r-xp 00000000 fd:01 1063058                    /usr/lib/jvm/java-1.8.0-openjdk-1.8.0.141-1.b16.el7_3.x86_64/jre/lib/amd64/server/libjvm.so
7f15a0253000-7f15a0452000 ---p 00c16000 fd:01 1063058                    /usr/lib/jvm/java-1.8.0-openjdk-1.8.0.141-1.b16.el7_3.x86_64/jre/lib/amd64/server/libjvm.so
7f15a0452000-7f15a04f1000 r--p 00c15000 fd:01 1063058                    /usr/lib/jvm/java-1.8.0-openjdk-1.8.0.141-1.b16.el7_3.x86_64/jre/lib/amd64/server/libjvm.so
7f15a04f1000-7f15a051a000 rw-p 00cb4000 fd:01 1063058                    /usr/lib/jvm/java-1.8.0-openjdk-1.8.0.141-1.b16.el7_3.x86_64/jre/lib/amd64/server/libjvm.so
7f15a051a000-7f15a054c000 rw-p 00000000 00:00 0 
7f15a054c000-7f15a0703000 r-xp 00000000 fd:01 1050012                    /usr/lib64/libc-2.17.so
7f15a0703000-7f15a0902000 ---p 001b7000 fd:01 1050012                    /usr/lib64/libc-2.17.so
7f15a0902000-7f15a0906000 r--p 001b6000 fd:01 1050012                    /usr/lib64/libc-2.17.so
7f15a0906000-7f15a0908000 rw-p 001ba000 fd:01 1050012                    /usr/lib64/libc-2.17.so
7f15a0908000-7f15a090d000 rw-p 00000000 00:00 0 
7f15a090d000-7f15a090f000 r-xp 00000000 fd:01 1050018                    /usr/lib64/libdl-2.17.so
7f15a090f000-7f15a0b0f000 ---p 00002000 fd:01 1050018                    /usr/lib64/libdl-2.17.so
7f15a0b0f000-7f15a0b10000 r--p 00002000 fd:01 1050018                    /usr/lib64/libdl-2.17.so
7f15a0b10000-7f15a0b11000 rw-p 00003000 fd:01 1050018                    /usr/lib64/libdl-2.17.so
7f15a0b11000-7f15a0b1f000 r-xp 00000000 fd:01 1063023                    /usr/lib/jvm/java-1.8.0-openjdk-1.8.0.141-1.b16.el7_3.x86_64/jre/lib/amd64/jli/libjli.so
7f15a0b1f000-7f15a0d1e000 ---p 0000e000 fd:01 1063023                    /usr/lib/jvm/java-1.8.0-openjdk-1.8.0.141-1.b16.el7_3.x86_64/jre/lib/amd64/jli/libjli.so
7f15a0d1e000-7f15a0d1f000 r--p 0000d000 fd:01 1063023                    /usr/lib/jvm/java-1.8.0-openjdk-1.8.0.141-1.b16.el7_3.x86_64/jre/lib/amd64/jli/libjli.so
7f15a0d1f000-7f15a0d20000 rw-p 0000e000 fd:01 1063023                    /usr/lib/jvm/java-1.8.0-openjdk-1.8.0.141-1.b16.el7_3.x86_64/jre/lib/amd64/jli/libjli.so
7f15a0d20000-7f15a0d35000 r-xp 00000000 fd:01 1050447                    /usr/lib64/libz.so.1.2.7
7f15a0d35000-7f15a0f34000 ---p 00015000 fd:01 1050447                    /usr/lib64/libz.so.1.2.7
7f15a0f34000-7f15a0f35000 r--p 00014000 fd:01 1050447                    /usr/lib64/libz.so.1.2.7
7f15a0f35000-7f15a0f36000 rw-p 00015000 fd:01 1050447                    /usr/lib64/libz.so.1.2.7
7f15a0f36000-7f15a0f4d000 r-xp 00000000 fd:01 1050038                    /usr/lib64/libpthread-2.17.so
7f15a0f4d000-7f15a114c000 ---p 00017000 fd:01 1050038                    /usr/lib64/libpthread-2.17.so
7f15a114c000-7f15a114d000 r--p 00016000 fd:01 1050038                    /usr/lib64/libpthread-2.17.so
7f15a114d000-7f15a114e000 rw-p 00017000 fd:01 1050038                    /usr/lib64/libpthread-2.17.so
7f15a114e000-7f15a1152000 rw-p 00000000 00:00 0 
7f15a1152000-7f15a1172000 r-xp 00000000 fd:01 1050001                    /usr/lib64/ld-2.17.so
7f15a125d000-7f15a1260000 ---p 00000000 00:00 0 
7f15a1260000-7f15a1363000 rw-p 00000000 00:00 0 
7f15a1364000-7f15a1367000 rw-p 00000000 00:00 0 
7f15a1367000-7f15a136f000 rw-s 00000000 fd:01 1188363                    /tmp/hsperfdata_root/9320
7f15a136f000-7f15a1370000 rw-p 00000000 00:00 0 
7f15a1370000-7f15a1371000 r--p 00000000 00:00 0 
7f15a1371000-7f15a1372000 rw-p 00000000 00:00 0 
7f15a1372000-7f15a1373000 r--p 00020000 fd:01 1050001                    /usr/lib64/ld-2.17.so
7f15a1373000-7f15a1374000 rw-p 00021000 fd:01 1050001                    /usr/lib64/ld-2.17.so
7f15a1374000-7f15a1375000 rw-p 00000000 00:00 0 
7ffd7e987000-7ffd7e9a8000 rw-p 00000000 00:00 0                          [stack]
7ffd7e9ec000-7ffd7e9ee000 r-xp 00000000 00:00 0                          [vdso]
ffffffffff600000-ffffffffff601000 r-xp 00000000 00:00 0                  [vsyscall]

VM Arguments:
jvm_args: -Xmx3550M -Xms3550M -XX:+AggressiveOpts -XX:+UseCompressedOops 
java_command: PaperSpigot-1.12-b1155.jar
java_class_path (initial): PaperSpigot-1.12-b1155.jar
Launcher Type: SUN_STANDARD

Environment Variables:
PATH=/usr/local/sbin:/usr/local/bin:/usr/sbin:/usr/bin:/root/bin
SHELL=/bin/bash

Signal Handlers:
SIGSEGV: [libjvm.so+0xa18ce0], sa_mask[0]=11111111011111111101111111111110, sa_flags=SA_RESTART|SA_SIGINFO
SIGBUS: [libjvm.so+0xa18ce0], sa_mask[0]=11111111011111111101111111111110, sa_flags=SA_RESTART|SA_SIGINFO
SIGFPE: [libjvm.so+0x873f50], sa_mask[0]=11111111011111111101111111111110, sa_flags=SA_RESTART|SA_SIGINFO
SIGPIPE: [libjvm.so+0x873f50], sa_mask[0]=11111111011111111101111111111110, sa_flags=SA_RESTART|SA_SIGINFO
SIGXFSZ: [libjvm.so+0x873f50], sa_mask[0]=11111111011111111101111111111110, sa_flags=SA_RESTART|SA_SIGINFO
SIGILL: [libjvm.so+0x873f50], sa_mask[0]=11111111011111111101111111111110, sa_flags=SA_RESTART|SA_SIGINFO
SIGUSR1: SIG_DFL, sa_mask[0]=00000000000000000000000000000000, sa_flags=none
SIGUSR2: [libjvm.so+0x873e00], sa_mask[0]=00100000000000000000000000000000, sa_flags=SA_RESTART|SA_SIGINFO
SIGHUP: SIG_DFL, sa_mask[0]=00000000000000000000000000000000, sa_flags=none
SIGINT: SIG_DFL, sa_mask[0]=00000000000000000000000000000000, sa_flags=none
SIGTERM: SIG_DFL, sa_mask[0]=00000000000000000000000000000000, sa_flags=none
SIGQUIT: SIG_DFL, sa_mask[0]=00000000000000000000000000000000, sa_flags=none


---------------  S Y S T E M  ---------------

OS:CentOS Linux release 7.3.1611 (Core) 

uname:Linux 3.10.0-514.6.2.el7.x86_64 #1 SMP Thu Feb 23 03:04:39 UTC 2017 x86_64
libc:glibc 2.17 NPTL 2.17 
rlimit: STACK 8192k, CORE 0k, NPROC 15084, NOFILE 4096, AS infinity
load average:0.09 0.05 0.05

/proc/meminfo:
MemTotal:        3882036 kB
MemFree:          394332 kB
MemAvailable:    1444212 kB
Buffers:          160772 kB
Cached:          1048128 kB
SwapCached:        13704 kB
Active:          2331088 kB
Inactive:         937556 kB
Active(anon):    1714392 kB
Inactive(anon):   367904 kB
Active(file):     616696 kB
Inactive(file):   569652 kB
Unevictable:           0 kB
Mlocked:               0 kB
SwapTotal:       1049596 kB
SwapFree:         796332 kB
Dirty:              2004 kB
Writeback:            32 kB
AnonPages:       2045508 kB
Mapped:            46580 kB
Shmem:             22592 kB
Slab:             161508 kB
SReclaimable:     132492 kB
SUnreclaim:        29016 kB
KernelStack:        3888 kB
PageTables:        11516 kB
NFS_Unstable:          0 kB
Bounce:                0 kB
WritebackTmp:          0 kB
CommitLimit:     2990612 kB
Committed_AS:    6855828 kB
VmallocTotal:   34359738367 kB
VmallocUsed:       14448 kB
VmallocChunk:   34359715580 kB
HardwareCorrupted:     0 kB
AnonHugePages:   1867776 kB
HugePages_Total:       0
HugePages_Free:        0
HugePages_Rsvd:        0
HugePages_Surp:        0
Hugepagesize:       2048 kB
DirectMap4k:       79860 kB
DirectMap2M:     3065856 kB
DirectMap1G:     1048576 kB


CPU:total 2 (initial active 2) (1 cores per cpu, 1 threads per core) family 6 model 60 stepping 1, cmov, cx8, fxsr, mmx, sse, sse2, sse3, ssse3, sse4.1, sse4.2, popcnt, avx, avx2, aes, clmul, erms, rtm, 3dnowpref, lzcnt, tsc, bmi1, bmi2, adx

/proc/cpuinfo:
processor	: 0
vendor_id	: GenuineIntel
cpu family	: 6
model		: 60
model name	: Intel(R) Xeon(R) CPU E5-2620 v4 @ 2.10GHz
stepping	: 1
microcode	: 0x1
cpu MHz		: 2095.146
cache size	: 4096 KB
physical id	: 0
siblings	: 1
core id		: 0
cpu cores	: 1
apicid		: 0
initial apicid	: 0
fpu		: yes
fpu_exception	: yes
cpuid level	: 13
wp		: yes
flags		: fpu vme de pse tsc msr pae mce cx8 apic sep mtrr pge mca cmov pat pse36 clflush mmx fxsr sse sse2 ss syscall nx pdpe1gb lm constant_tsc nopl eagerfpu pni pclmulqdq ssse3 fma cx16 pcid sse4_1 sse4_2 x2apic movbe popcnt tsc_deadline_timer aes xsave avx f16c rdrand hypervisor lahf_lm abm 3dnowprefetch fsgsbase bmi1 hle avx2 smep bmi2 invpcid rtm rdseed adx smap xsaveopt
bogomips	: 4190.29
clflush size	: 64
cache_alignment	: 64
address sizes	: 46 bits physical, 48 bits virtual
power management:

processor	: 1
vendor_id	: GenuineIntel
cpu family	: 6
model		: 60
model name	: Intel(R) Xeon(R) CPU E5-2620 v4 @ 2.10GHz
stepping	: 1
microcode	: 0x1
cpu MHz		: 2095.146
cache size	: 4096 KB
physical id	: 1
siblings	: 1
core id		: 0
cpu cores	: 1
apicid		: 1
initial apicid	: 1
fpu		: yes
fpu_exception	: yes
cpuid level	: 13
wp		: yes
flags		: fpu vme de pse tsc msr pae mce cx8 apic sep mtrr pge mca cmov pat pse36 clflush mmx fxsr sse sse2 ss syscall nx pdpe1gb lm constant_tsc nopl eagerfpu pni pclmulqdq ssse3 fma cx16 pcid sse4_1 sse4_2 x2apic movbe popcnt tsc_deadline_timer aes xsave avx f16c rdrand hypervisor lahf_lm abm 3dnowprefetch fsgsbase bmi1 hle avx2 smep bmi2 invpcid rtm rdseed adx smap xsaveopt
bogomips	: 4190.29
clflush size	: 64
cache_alignment	: 64
address sizes	: 46 bits physical, 48 bits virtual
power management:



Memory: 4k page, physical 3882036k(394332k free), swap 1049596k(796332k free)

vm_info: OpenJDK 64-Bit Server VM (25.141-b16) for linux-amd64 JRE (1.8.0_141-b16), built on Jul 20 2017 21:57:27 by "mockbuild" with gcc 4.8.5 20150623 (Red Hat 4.8.5-11)

time: Wed Aug  2 11:14:33 2017
elapsed time: 0 seconds (0d 0h 0m 0s)

