#
# There is insufficient memory for the Java Runtime Environment to continue.
# Native memory allocation (mmap) failed to map 2481979392 bytes for committing reserved memory.
# Possible reasons:
#   The system is out of physical RAM or swap space
#   In 32 bit mode, the process size limit was hit
# Possible solutions:
#   Reduce memory load on the system
#   Increase physical memory or swap space
#   Check if swap backing store is full
#   Use 64 bit Java on a 64 bit OS
#   Decrease Java heap size (-Xmx/-Xms)
#   Decrease number of Java threads
#   Decrease Java thread stack sizes (-Xss)
#   Set larger code cache with -XX:ReservedCodeCacheSize=
# This output file may be truncated or incomplete.
#
#  Out of Memory Error (os_linux.cpp:2651), pid=9473, tid=0x00007f811b450700
#
# JRE version:  (8.0_141-b16) (build )
# Java VM: OpenJDK 64-Bit Server VM (25.141-b16 mixed mode linux-amd64 compressed oops)
# Failed to write core dump. Core dumps have been disabled. To enable core dumping, try "ulimit -c unlimited" before starting Java again
#

---------------  T H R E A D  ---------------

Current thread (0x00007f8114009000):  JavaThread "Unknown thread" [_thread_in_vm, id=9474, stack(0x00007f811b350000,0x00007f811b451000)]

Stack: [0x00007f811b350000,0x00007f811b451000],  sp=0x00007f811b44f5c0,  free space=1021k
Native frames: (J=compiled Java code, j=interpreted, Vv=VM code, C=native code)
V  [libjvm.so+0xa181cd]
V  [libjvm.so+0x4c998a]
V  [libjvm.so+0x878690]
V  [libjvm.so+0x872d8e]
V  [libjvm.so+0x8eabab]
V  [libjvm.so+0x8dc6a8]
V  [libjvm.so+0x2cc863]
V  [libjvm.so+0x89cdc0]
V  [libjvm.so+0x9e24c9]
V  [libjvm.so+0x9e26d2]
V  [libjvm.so+0x5f5785]
V  [libjvm.so+0x9c5dde]
V  [libjvm.so+0x66878f]  JNI_CreateJavaVM+0x5f
C  [libjli.so+0x3057]
C  [libpthread.so.0+0x7dc5]  start_thread+0xc5


---------------  P R O C E S S  ---------------

Java Threads: ( => current thread )

Other Threads:

=>0x00007f8114009000 (exited) JavaThread "Unknown thread" [_thread_in_vm, id=9474, stack(0x00007f811b350000,0x00007f811b451000)]

VM state:not at safepoint (not fully initialized)

VM Mutex/Monitor currently owned by a thread: None

GC Heap History (0 events):
No events

Deoptimization events (0 events):
No events

Internal exceptions (0 events):
No events

Events (0 events):
No events


Dynamic libraries:
00400000-00401000 r-xp 00000000 fd:01 1063009                            /usr/lib/jvm/java-1.8.0-openjdk-1.8.0.141-1.b16.el7_3.x86_64/jre/bin/java
00600000-00601000 r--p 00000000 fd:01 1063009                            /usr/lib/jvm/java-1.8.0-openjdk-1.8.0.141-1.b16.el7_3.x86_64/jre/bin/java
00601000-00602000 rw-p 00001000 fd:01 1063009                            /usr/lib/jvm/java-1.8.0-openjdk-1.8.0.141-1.b16.el7_3.x86_64/jre/bin/java
00ff4000-01015000 rw-p 00000000 00:00 0                                  [heap]
776100000-7c0000000 rw-p 00000000 00:00 0 
7f8104910000-7f8104daf000 ---p 00000000 00:00 0 
7f8104daf000-7f8105000000 rw-p 00000000 00:00 0 
7f8105000000-7f8105270000 rwxp 00000000 00:00 0 
7f8105270000-7f8114000000 ---p 00000000 00:00 0 
7f8114000000-7f8114030000 rw-p 00000000 00:00 0 
7f8114030000-7f8118000000 ---p 00000000 00:00 0 
7f81180ec000-7f81180f6000 rw-p 00000000 00:00 0 
7f81180f6000-7f81184ac000 ---p 00000000 00:00 0 
7f81184ac000-7f81184b4000 r-xp 00000000 fd:01 1063054                    /usr/lib/jvm/java-1.8.0-openjdk-1.8.0.141-1.b16.el7_3.x86_64/jre/lib/amd64/libzip.so
7f81184b4000-7f81186b3000 ---p 00008000 fd:01 1063054                    /usr/lib/jvm/java-1.8.0-openjdk-1.8.0.141-1.b16.el7_3.x86_64/jre/lib/amd64/libzip.so
7f81186b3000-7f81186b4000 r--p 00007000 fd:01 1063054                    /usr/lib/jvm/java-1.8.0-openjdk-1.8.0.141-1.b16.el7_3.x86_64/jre/lib/amd64/libzip.so
7f81186b4000-7f81186b5000 rw-p 00008000 fd:01 1063054                    /usr/lib/jvm/java-1.8.0-openjdk-1.8.0.141-1.b16.el7_3.x86_64/jre/lib/amd64/libzip.so
7f81186b5000-7f81186c1000 r-xp 00000000 fd:01 1050030                    /usr/lib64/libnss_files-2.17.so
7f81186c1000-7f81188c0000 ---p 0000c000 fd:01 1050030                    /usr/lib64/libnss_files-2.17.so
7f81188c0000-7f81188c1000 r--p 0000b000 fd:01 1050030                    /usr/lib64/libnss_files-2.17.so
7f81188c1000-7f81188c2000 rw-p 0000c000 fd:01 1050030                    /usr/lib64/libnss_files-2.17.so
7f81188c2000-7f81188c8000 rw-p 00000000 00:00 0 
7f81188c8000-7f81188f5000 r-xp 00000000 fd:01 1063036                    /usr/lib/jvm/java-1.8.0-openjdk-1.8.0.141-1.b16.el7_3.x86_64/jre/lib/amd64/libjava.so
7f81188f5000-7f8118af5000 ---p 0002d000 fd:01 1063036                    /usr/lib/jvm/java-1.8.0-openjdk-1.8.0.141-1.b16.el7_3.x86_64/jre/lib/amd64/libjava.so
7f8118af5000-7f8118af6000 r--p 0002d000 fd:01 1063036                    /usr/lib/jvm/java-1.8.0-openjdk-1.8.0.141-1.b16.el7_3.x86_64/jre/lib/amd64/libjava.so
7f8118af6000-7f8118af8000 rw-p 0002e000 fd:01 1063036                    /usr/lib/jvm/java-1.8.0-openjdk-1.8.0.141-1.b16.el7_3.x86_64/jre/lib/amd64/libjava.so
7f8118af8000-7f8118b05000 r-xp 00000000 fd:01 1063053                    /usr/lib/jvm/java-1.8.0-openjdk-1.8.0.141-1.b16.el7_3.x86_64/jre/lib/amd64/libverify.so
7f8118b05000-7f8118d04000 ---p 0000d000 fd:01 1063053                    /usr/lib/jvm/java-1.8.0-openjdk-1.8.0.141-1.b16.el7_3.x86_64/jre/lib/amd64/libverify.so
7f8118d04000-7f8118d06000 r--p 0000c000 fd:01 1063053                    /usr/lib/jvm/java-1.8.0-openjdk-1.8.0.141-1.b16.el7_3.x86_64/jre/lib/amd64/libverify.so
7f8118d06000-7f8118d07000 rw-p 0000e000 fd:01 1063053                    /usr/lib/jvm/java-1.8.0-openjdk-1.8.0.141-1.b16.el7_3.x86_64/jre/lib/amd64/libverify.so
7f8118d07000-7f8118d0e000 r-xp 00000000 fd:01 1050042                    /usr/lib64/librt-2.17.so
7f8118d0e000-7f8118f0d000 ---p 00007000 fd:01 1050042                    /usr/lib64/librt-2.17.so
7f8118f0d000-7f8118f0e000 r--p 00006000 fd:01 1050042                    /usr/lib64/librt-2.17.so
7f8118f0e000-7f8118f0f000 rw-p 00007000 fd:01 1050042                    /usr/lib64/librt-2.17.so
7f8118f0f000-7f8118f24000 r-xp 00000000 fd:01 1051651                    /usr/lib64/libgcc_s-4.8.5-20150702.so.1
7f8118f24000-7f8119123000 ---p 00015000 fd:01 1051651                    /usr/lib64/libgcc_s-4.8.5-20150702.so.1
7f8119123000-7f8119124000 r--p 00014000 fd:01 1051651                    /usr/lib64/libgcc_s-4.8.5-20150702.so.1
7f8119124000-7f8119125000 rw-p 00015000 fd:01 1051651                    /usr/lib64/libgcc_s-4.8.5-20150702.so.1
7f8119125000-7f8119225000 r-xp 00000000 fd:01 1050020                    /usr/lib64/libm-2.17.so
7f8119225000-7f8119425000 ---p 00100000 fd:01 1050020                    /usr/lib64/libm-2.17.so
7f8119425000-7f8119426000 r--p 00100000 fd:01 1050020                    /usr/lib64/libm-2.17.so
7f8119426000-7f8119427000 rw-p 00101000 fd:01 1050020                    /usr/lib64/libm-2.17.so
7f8119427000-7f8119510000 r-xp 00000000 fd:01 1050304                    /usr/lib64/libstdc++.so.6.0.19
7f8119510000-7f8119710000 ---p 000e9000 fd:01 1050304                    /usr/lib64/libstdc++.so.6.0.19
7f8119710000-7f8119719000 r--p 000e9000 fd:01 1050304                    /usr/lib64/libstdc++.so.6.0.19
7f8119719000-7f811971b000 rw-p 000f2000 fd:01 1050304                    /usr/lib64/libstdc++.so.6.0.19
7f811971b000-7f8119730000 rw-p 00000000 00:00 0 
7f8119730000-7f811a346000 r-xp 00000000 fd:01 1063058                    /usr/lib/jvm/java-1.8.0-openjdk-1.8.0.141-1.b16.el7_3.x86_64/jre/lib/amd64/server/libjvm.so
7f811a346000-7f811a545000 ---p 00c16000 fd:01 1063058                    /usr/lib/jvm/java-1.8.0-openjdk-1.8.0.141-1.b16.el7_3.x86_64/jre/lib/amd64/server/libjvm.so
7f811a545000-7f811a5e4000 r--p 00c15000 fd:01 1063058                    /usr/lib/jvm/java-1.8.0-openjdk-1.8.0.141-1.b16.el7_3.x86_64/jre/lib/amd64/server/libjvm.so
7f811a5e4000-7f811a60d000 rw-p 00cb4000 fd:01 1063058                    /usr/lib/jvm/java-1.8.0-openjdk-1.8.0.141-1.b16.el7_3.x86_64/jre/lib/amd64/server/libjvm.so
7f811a60d000-7f811a63f000 rw-p 00000000 00:00 0 
7f811a63f000-7f811a7f6000 r-xp 00000000 fd:01 1050012                    /usr/lib64/libc-2.17.so
7f811a7f6000-7f811a9f5000 ---p 001b7000 fd:01 1050012                    /usr/lib64/libc-2.17.so
7f811a9f5000-7f811a9f9000 r--p 001b6000 fd:01 1050012                    /usr/lib64/libc-2.17.so
7f811a9f9000-7f811a9fb000 rw-p 001ba000 fd:01 1050012                    /usr/lib64/libc-2.17.so
7f811a9fb000-7f811aa00000 rw-p 00000000 00:00 0 
7f811aa00000-7f811aa02000 r-xp 00000000 fd:01 1050018                    /usr/lib64/libdl-2.17.so
7f811aa02000-7f811ac02000 ---p 00002000 fd:01 1050018                    /usr/lib64/libdl-2.17.so
7f811ac02000-7f811ac03000 r--p 00002000 fd:01 1050018                    /usr/lib64/libdl-2.17.so
7f811ac03000-7f811ac04000 rw-p 00003000 fd:01 1050018                    /usr/lib64/libdl-2.17.so
7f811ac04000-7f811ac12000 r-xp 00000000 fd:01 1063023                    /usr/lib/jvm/java-1.8.0-openjdk-1.8.0.141-1.b16.el7_3.x86_64/jre/lib/amd64/jli/libjli.so
7f811ac12000-7f811ae11000 ---p 0000e000 fd:01 1063023                    /usr/lib/jvm/java-1.8.0-openjdk-1.8.0.141-1.b16.el7_3.x86_64/jre/lib/amd64/jli/libjli.so
7f811ae11000-7f811ae12000 r--p 0000d000 fd:01 1063023                    /usr/lib/jvm/java-1.8.0-openjdk-1.8.0.141-1.b16.el7_3.x86_64/jre/lib/amd64/jli/libjli.so
7f811ae12000-7f811ae13000 rw-p 0000e000 fd:01 1063023                    /usr/lib/jvm/java-1.8.0-openjdk-1.8.0.141-1.b16.el7_3.x86_64/jre/lib/amd64/jli/libjli.so
7f811ae13000-7f811ae28000 r-xp 00000000 fd:01 1050447                    /usr/lib64/libz.so.1.2.7
7f811ae28000-7f811b027000 ---p 00015000 fd:01 1050447                    /usr/lib64/libz.so.1.2.7
7f811b027000-7f811b028000 r--p 00014000 fd:01 1050447                    /usr/lib64/libz.so.1.2.7
7f811b028000-7f811b029000 rw-p 00015000 fd:01 1050447                    /usr/lib64/libz.so.1.2.7
7f811b029000-7f811b040000 r-xp 00000000 fd:01 1050038                    /usr/lib64/libpthread-2.17.so
7f811b040000-7f811b23f000 ---p 00017000 fd:01 1050038                    /usr/lib64/libpthread-2.17.so
7f811b23f000-7f811b240000 r--p 00016000 fd:01 1050038                    /usr/lib64/libpthread-2.17.so
7f811b240000-7f811b241000 rw-p 00017000 fd:01 1050038                    /usr/lib64/libpthread-2.17.so
7f811b241000-7f811b245000 rw-p 00000000 00:00 0 
7f811b245000-7f811b265000 r-xp 00000000 fd:01 1050001                    /usr/lib64/ld-2.17.so
7f811b350000-7f811b353000 ---p 00000000 00:00 0 
7f811b353000-7f811b456000 rw-p 00000000 00:00 0 
7f811b457000-7f811b45a000 rw-p 00000000 00:00 0 
7f811b45a000-7f811b462000 rw-s 00000000 fd:01 1188363                    /tmp/hsperfdata_root/9473
7f811b462000-7f811b463000 rw-p 00000000 00:00 0 
7f811b463000-7f811b464000 r--p 00000000 00:00 0 
7f811b464000-7f811b465000 rw-p 00000000 00:00 0 
7f811b465000-7f811b466000 r--p 00020000 fd:01 1050001                    /usr/lib64/ld-2.17.so
7f811b466000-7f811b467000 rw-p 00021000 fd:01 1050001                    /usr/lib64/ld-2.17.so
7f811b467000-7f811b468000 rw-p 00000000 00:00 0 
7ffd213c0000-7ffd213e1000 rw-p 00000000 00:00 0                          [stack]
7ffd213e4000-7ffd213e6000 r-xp 00000000 00:00 0                          [vdso]
ffffffffff600000-ffffffffff601000 r-xp 00000000 00:00 0                  [vsyscall]

VM Arguments:
jvm_args: -Xmx3550M -Xms3550M -XX:+AggressiveOpts -XX:+UseCompressedOops 
java_command: PaperSpigot-1.12-b1155.jar
java_class_path (initial): PaperSpigot-1.12-b1155.jar
Launcher Type: SUN_STANDARD

Environment Variables:
PATH=/usr/local/sbin:/usr/local/bin:/usr/sbin:/usr/bin:/root/bin
SHELL=/bin/bash

Signal Handlers:
SIGSEGV: [libjvm.so+0xa18ce0], sa_mask[0]=11111111011111111101111111111110, sa_flags=SA_RESTART|SA_SIGINFO
SIGBUS: [libjvm.so+0xa18ce0], sa_mask[0]=11111111011111111101111111111110, sa_flags=SA_RESTART|SA_SIGINFO
SIGFPE: [libjvm.so+0x873f50], sa_mask[0]=11111111011111111101111111111110, sa_flags=SA_RESTART|SA_SIGINFO
SIGPIPE: [libjvm.so+0x873f50], sa_mask[0]=11111111011111111101111111111110, sa_flags=SA_RESTART|SA_SIGINFO
SIGXFSZ: [libjvm.so+0x873f50], sa_mask[0]=11111111011111111101111111111110, sa_flags=SA_RESTART|SA_SIGINFO
SIGILL: [libjvm.so+0x873f50], sa_mask[0]=11111111011111111101111111111110, sa_flags=SA_RESTART|SA_SIGINFO
SIGUSR1: SIG_DFL, sa_mask[0]=00000000000000000000000000000000, sa_flags=none
SIGUSR2: [libjvm.so+0x873e00], sa_mask[0]=00100000000000000000000000000000, sa_flags=SA_RESTART|SA_SIGINFO
SIGHUP: SIG_DFL, sa_mask[0]=00000000000000000000000000000000, sa_flags=none
SIGINT: SIG_DFL, sa_mask[0]=00000000000000000000000000000000, sa_flags=none
SIGTERM: SIG_DFL, sa_mask[0]=00000000000000000000000000000000, sa_flags=none
SIGQUIT: SIG_DFL, sa_mask[0]=00000000000000000000000000000000, sa_flags=none


---------------  S Y S T E M  ---------------

OS:CentOS Linux release 7.3.1611 (Core) 

uname:Linux 3.10.0-514.6.2.el7.x86_64 #1 SMP Thu Feb 23 03:04:39 UTC 2017 x86_64
libc:glibc 2.17 NPTL 2.17 
rlimit: STACK 8192k, CORE 0k, NPROC 15084, NOFILE 4096, AS infinity
load average:0.09 0.05 0.05

/proc/meminfo:
MemTotal:        3882036 kB
MemFree:          392764 kB
MemAvailable:    1444192 kB
Buffers:          160772 kB
Cached:          1049736 kB
SwapCached:        13704 kB
Active:          2332556 kB
Inactive:         937652 kB
Active(anon):    1714448 kB
Inactive(anon):   367904 kB
Active(file):     618108 kB
Inactive(file):   569748 kB
Unevictable:           0 kB
Mlocked:               0 kB
SwapTotal:       1049596 kB
SwapFree:         796332 kB
Dirty:              3464 kB
Writeback:            32 kB
AnonPages:       2045576 kB
Mapped:            46656 kB
Shmem:             22592 kB
Slab:             161592 kB
SReclaimable:     132576 kB
SUnreclaim:        29016 kB
KernelStack:        3888 kB
PageTables:        11516 kB
NFS_Unstable:          0 kB
Bounce:                0 kB
WritebackTmp:          0 kB
CommitLimit:     2990612 kB
Committed_AS:    6855828 kB
VmallocTotal:   34359738367 kB
VmallocUsed:       14448 kB
VmallocChunk:   34359715580 kB
HardwareCorrupted:     0 kB
AnonHugePages:   1867776 kB
HugePages_Total:       0
HugePages_Free:        0
HugePages_Rsvd:        0
HugePages_Surp:        0
Hugepagesize:       2048 kB
DirectMap4k:       79860 kB
DirectMap2M:     3065856 kB
DirectMap1G:     1048576 kB


CPU:total 2 (initial active 2) (1 cores per cpu, 1 threads per core) family 6 model 60 stepping 1, cmov, cx8, fxsr, mmx, sse, sse2, sse3, ssse3, sse4.1, sse4.2, popcnt, avx, avx2, aes, clmul, erms, rtm, 3dnowpref, lzcnt, tsc, bmi1, bmi2, adx

/proc/cpuinfo:
processor	: 0
vendor_id	: GenuineIntel
cpu family	: 6
model		: 60
model name	: Intel(R) Xeon(R) CPU E5-2620 v4 @ 2.10GHz
stepping	: 1
microcode	: 0x1
cpu MHz		: 2095.146
cache size	: 4096 KB
physical id	: 0
siblings	: 1
core id		: 0
cpu cores	: 1
apicid		: 0
initial apicid	: 0
fpu		: yes
fpu_exception	: yes
cpuid level	: 13
wp		: yes
flags		: fpu vme de pse tsc msr pae mce cx8 apic sep mtrr pge mca cmov pat pse36 clflush mmx fxsr sse sse2 ss syscall nx pdpe1gb lm constant_tsc nopl eagerfpu pni pclmulqdq ssse3 fma cx16 pcid sse4_1 sse4_2 x2apic movbe popcnt tsc_deadline_timer aes xsave avx f16c rdrand hypervisor lahf_lm abm 3dnowprefetch fsgsbase bmi1 hle avx2 smep bmi2 invpcid rtm rdseed adx smap xsaveopt
bogomips	: 4190.29
clflush size	: 64
cache_alignment	: 64
address sizes	: 46 bits physical, 48 bits virtual
power management:

processor	: 1
vendor_id	: GenuineIntel
cpu family	: 6
model		: 60
model name	: Intel(R) Xeon(R) CPU E5-2620 v4 @ 2.10GHz
stepping	: 1
microcode	: 0x1
cpu MHz		: 2095.146
cache size	: 4096 KB
physical id	: 1
siblings	: 1
core id		: 0
cpu cores	: 1
apicid		: 1
initial apicid	: 1
fpu		: yes
fpu_exception	: yes
cpuid level	: 13
wp		: yes
flags		: fpu vme de pse tsc msr pae mce cx8 apic sep mtrr pge mca cmov pat pse36 clflush mmx fxsr sse sse2 ss syscall nx pdpe1gb lm constant_tsc nopl eagerfpu pni pclmulqdq ssse3 fma cx16 pcid sse4_1 sse4_2 x2apic movbe popcnt tsc_deadline_timer aes xsave avx f16c rdrand hypervisor lahf_lm abm 3dnowprefetch fsgsbase bmi1 hle avx2 smep bmi2 invpcid rtm rdseed adx smap xsaveopt
bogomips	: 4190.29
clflush size	: 64
cache_alignment	: 64
address sizes	: 46 bits physical, 48 bits virtual
power management:



Memory: 4k page, physical 3882036k(392764k free), swap 1049596k(796332k free)

vm_info: OpenJDK 64-Bit Server VM (25.141-b16) for linux-amd64 JRE (1.8.0_141-b16), built on Jul 20 2017 21:57:27 by "mockbuild" with gcc 4.8.5 20150623 (Red Hat 4.8.5-11)

time: Wed Aug  2 11:14:34 2017
elapsed time: 0 seconds (0d 0h 0m 0s)

