[00:06:08] [User Authenticator #43/INFO]: UUID of player HailayLin is 3c8bba07-75a6-31c0-a418-3d80014af2ca
[00:06:08] [Server thread/INFO]: HailayLin[/121.68.118.126:51228] logged in with entity id 315027 at ([world]-123.76460147916762, 64.0, 221.53496518690105)
[00:06:08] [Dynmap Render Thread/INFO]: [Yum] [Yum 网络管理] 插件 dynmap 尝试访问网络 请注意服务器网络安全!
[00:06:08] [Dynmap Render Thread/INFO]: [Yum] [Yum 网络管理] 地址: http://skins.minecraft.net/MinecraftSkins/HailayLin.png
[00:06:19] [Craft Scheduler Thread - 314/INFO]: [AuthMe] HailayLin logged in!
[00:09:17] [Craft Scheduler Thread - 315/INFO]: [Yum] [Yum 网络管理] 插件 ColorMOTD 尝试访问网络 请注意服务器网络安全!
[00:09:17] [Craft Scheduler Thread - 315/INFO]: [Yum] [Yum 网络管理] 地址: http://vcheck.windit.net/mc_plugin/andylizi/colormotd/update.json
[00:09:17] [Server thread/INFO]: [Yum] [Yum 能耗监控] 注意! 插件 VLagger 处理 ChunkUnloader 任务 耗时 23ms 平均耗时 38ms!
[00:09:47] [Server thread/INFO]: [Yum] [Yum 能耗监控] 注意! 插件 VLagger 处理 ChunkUnloader 任务 耗时 32ms 平均耗时 38ms!
[00:10:17] [Server thread/INFO]: [Yum] [Yum 能耗监控] 注意! 插件 VLagger 处理 ChunkUnloader 任务 耗时 25ms 平均耗时 38ms!
[00:37:28] [Server thread/INFO]: HailayLin lost connection: Timed out
[00:37:28] [Server thread/INFO]: HailayLin left the game
[00:37:48] [Server thread/INFO]: [Yum] [Yum 能耗监控] 注意! 插件 VLagger 处理 ChunkUnloader 任务 耗时 91ms 平均耗时 37ms!
[01:09:18] [Craft Scheduler Thread - 348/INFO]: [Yum] [Yum 网络管理] 插件 ColorMOTD 尝试访问网络 请注意服务器网络安全!
[01:09:18] [Craft Scheduler Thread - 348/INFO]: [Yum] [Yum 网络管理] 地址: http://vcheck.windit.net/mc_plugin/andylizi/colormotd/update.json
[02:08:09] [Server thread/INFO]: CONSOLE issued server command: /gc 
[02:08:09] [Server thread/INFO]: 运行时间: 10 小时 59 分钟 55 秒
[02:08:09] [Server thread/INFO]: 当前 TPS = 19.99
[02:08:09] [Server thread/INFO]: 最大内存: 3,341 MB.
[02:08:09] [Server thread/INFO]: 已分配内存: 3,341 MB.
[02:08:09] [Server thread/INFO]: 空闲内存: 2,070 MB
[02:08:09] [Server thread/INFO]: World "world": 3 区块, 3 实体, 75 tiles.
[02:08:09] [Server thread/INFO]: Nether "world_nether": 0 区块, 0 实体, 0 tiles.
[02:08:09] [Server thread/INFO]: The End "world_the_end": 0 区块, 0 实体, 0 tiles.
[02:08:09] [Server thread/INFO]: World "zy": 8 区块, 0 实体, 0 tiles.
[02:09:19] [Craft Scheduler Thread - 377/INFO]: [Yum] [Yum 网络管理] 插件 ColorMOTD 尝试访问网络 请注意服务器网络安全!
[02:09:19] [Craft Scheduler Thread - 377/INFO]: [Yum] [Yum 网络管理] 地址: http://vcheck.windit.net/mc_plugin/andylizi/colormotd/update.json
