2021年7月22日下午4:59:45[Yum 事件监控] 插件 EasyBot_Reloaded 处理 GroupMessageReceiveEvent 事件时发生异常!
2021年7月22日下午4:59:45异常名称: net.sf.json.JSONException
2021年7月22日下午4:59:45异常说明: JSONObject["name"] not found.
2021年7月22日下午4:59:45简易错误信息如下:
2021年7月22日下午4:59:45    位于 net.sf.json.JSONObject.getString(JSONObject.java:2092)
2021年7月22日下午4:59:45    位于 me.ed333.easyBot.utils.PlaceHolders.onPlaceholderRequest(PlaceHolders.java:32)
2021年7月22日下午4:59:45    位于 me.clip.placeholderapi.PlaceholderHook.onRequest(PlaceholderHook.java:34)
2021年7月22日下午4:59:45    位于 me.clip.placeholderapi.replacer.CharsReplacer.apply(CharsReplacer.java:160)
2021年7月22日下午4:59:45    位于 me.clip.placeholderapi.PlaceholderAPI.setPlaceholders(PlaceholderAPI.java:70)
2021年7月23日下午5:17:35[Yum 事件监控] 插件 EasyBot_Reloaded 处理 GroupMessageReceiveEvent 事件时发生异常!
2021年7月23日下午5:17:35异常名称: net.sf.json.JSONException
2021年7月23日下午5:17:35异常说明: JSONObject["name"] not found.
2021年7月23日下午5:17:35简易错误信息如下:
2021年7月23日下午5:17:35    位于 net.sf.json.JSONObject.getString(JSONObject.java:2092)
2021年7月23日下午5:17:35    位于 me.ed333.easyBot.utils.PlaceHolders.onPlaceholderRequest(PlaceHolders.java:32)
2021年7月23日下午5:17:35    位于 me.clip.placeholderapi.PlaceholderHook.onRequest(PlaceholderHook.java:34)
2021年7月23日下午5:17:35    位于 me.clip.placeholderapi.replacer.CharsReplacer.apply(CharsReplacer.java:160)
2021年7月23日下午5:17:35    位于 me.clip.placeholderapi.PlaceholderAPI.setPlaceholders(PlaceholderAPI.java:70)
2021年7月23日下午6:28:21[Yum 事件监控] 插件 EasyBot_Reloaded 处理 GroupMessageReceiveEvent 事件时发生异常!
2021年7月23日下午6:28:21异常名称: net.sf.json.JSONException
2021年7月23日下午6:28:21异常说明: JSONObject["name"] not found.
2021年7月23日下午6:28:21简易错误信息如下:
2021年7月23日下午6:28:21    位于 net.sf.json.JSONObject.getString(JSONObject.java:2092)
2021年7月23日下午6:28:21    位于 me.ed333.easyBot.utils.PlaceHolders.onPlaceholderRequest(PlaceHolders.java:32)
2021年7月23日下午6:28:21    位于 me.clip.placeholderapi.PlaceholderHook.onRequest(PlaceholderHook.java:34)
2021年7月23日下午6:28:21    位于 me.clip.placeholderapi.replacer.CharsReplacer.apply(CharsReplacer.java:160)
2021年7月23日下午6:28:21    位于 me.clip.placeholderapi.PlaceholderAPI.setPlaceholders(PlaceholderAPI.java:70)
2021年7月23日下午6:35:15[Yum 事件监控] 插件 EasyBot_Reloaded 处理 GroupMessageReceiveEvent 事件时发生异常!
2021年7月23日下午6:35:15异常名称: net.sf.json.JSONException
2021年7月23日下午6:35:15异常说明: JSONObject["name"] not found.
2021年7月23日下午6:35:15简易错误信息如下:
2021年7月23日下午6:35:15    位于 net.sf.json.JSONObject.getString(JSONObject.java:2092)
2021年7月23日下午6:35:15    位于 me.ed333.easyBot.utils.PlaceHolders.onPlaceholderRequest(PlaceHolders.java:32)
2021年7月23日下午6:35:15    位于 me.clip.placeholderapi.PlaceholderHook.onRequest(PlaceholderHook.java:34)
2021年7月23日下午6:35:15    位于 me.clip.placeholderapi.replacer.CharsReplacer.apply(CharsReplacer.java:160)
2021年7月23日下午6:35:15    位于 me.clip.placeholderapi.PlaceholderAPI.setPlaceholders(PlaceholderAPI.java:70)
2021年7月23日下午7:23:20[Yum 事件监控] 插件 EasyBot_Reloaded 处理 GroupMessageReceiveEvent 事件时发生异常!
2021年7月23日下午7:23:20异常名称: net.sf.json.JSONException
2021年7月23日下午7:23:20异常说明: JSONObject["name"] not found.
2021年7月23日下午7:23:20简易错误信息如下:
2021年7月23日下午7:23:20    位于 net.sf.json.JSONObject.getString(JSONObject.java:2092)
2021年7月23日下午7:23:20    位于 me.ed333.easyBot.utils.PlaceHolders.onPlaceholderRequest(PlaceHolders.java:32)
2021年7月23日下午7:23:20    位于 me.clip.placeholderapi.PlaceholderHook.onRequest(PlaceholderHook.java:34)
2021年7月23日下午7:23:20    位于 me.clip.placeholderapi.replacer.CharsReplacer.apply(CharsReplacer.java:160)
2021年7月23日下午7:23:20    位于 me.clip.placeholderapi.PlaceholderAPI.setPlaceholders(PlaceholderAPI.java:70)
2021年7月25日上午11:46:14[Yum 事件监控] 插件 EasyBot_Reloaded 处理 GroupMessageReceiveEvent 事件时发生异常!
2021年7月25日上午11:46:14异常名称: net.sf.json.JSONException
2021年7月25日上午11:46:14异常说明: JSONObject["name"] not found.
2021年7月25日上午11:46:14简易错误信息如下:
2021年7月25日上午11:46:14    位于 net.sf.json.JSONObject.getString(JSONObject.java:2092)
2021年7月25日上午11:46:14    位于 me.ed333.easyBot.utils.PlaceHolders.onPlaceholderRequest(PlaceHolders.java:32)
2021年7月25日上午11:46:14    位于 me.clip.placeholderapi.PlaceholderHook.onRequest(PlaceholderHook.java:34)
2021年7月25日上午11:46:14    位于 me.clip.placeholderapi.replacer.CharsReplacer.apply(CharsReplacer.java:160)
2021年7月25日上午11:46:14    位于 me.clip.placeholderapi.PlaceholderAPI.setPlaceholders(PlaceholderAPI.java:70)
2021年7月25日下午9:08:01[Yum 事件监控] 插件 EasyBot_Reloaded 处理 GroupMessageReceiveEvent 事件时发生异常!
2021年7月25日下午9:08:01异常名称: net.sf.json.JSONException
2021年7月25日下午9:08:01异常说明: JSONObject["name"] not found.
2021年7月25日下午9:08:01简易错误信息如下:
2021年7月25日下午9:08:01    位于 net.sf.json.JSONObject.getString(JSONObject.java:2092)
2021年7月25日下午9:08:01    位于 me.ed333.easyBot.utils.PlaceHolders.onPlaceholderRequest(PlaceHolders.java:32)
2021年7月25日下午9:08:01    位于 me.clip.placeholderapi.PlaceholderHook.onRequest(PlaceholderHook.java:34)
2021年7月25日下午9:08:01    位于 me.clip.placeholderapi.replacer.CharsReplacer.apply(CharsReplacer.java:160)
2021年7月25日下午9:08:01    位于 me.clip.placeholderapi.PlaceholderAPI.setPlaceholders(PlaceholderAPI.java:70)
2021年7月25日下午9:37:08[Yum 事件监控] 插件 EasyBot_Reloaded 处理 GroupMessageReceiveEvent 事件时发生异常!
2021年7月25日下午9:37:08异常名称: net.sf.json.JSONException
2021年7月25日下午9:37:08异常说明: JSONObject["name"] not found.
2021年7月25日下午9:37:08简易错误信息如下:
2021年7月25日下午9:37:08    位于 net.sf.json.JSONObject.getString(JSONObject.java:2092)
2021年7月25日下午9:37:08    位于 me.ed333.easyBot.utils.PlaceHolders.onPlaceholderRequest(PlaceHolders.java:32)
2021年7月25日下午9:37:08    位于 me.clip.placeholderapi.PlaceholderHook.onRequest(PlaceholderHook.java:34)
2021年7月25日下午9:37:08    位于 me.clip.placeholderapi.replacer.CharsReplacer.apply(CharsReplacer.java:160)
2021年7月25日下午9:37:08    位于 me.clip.placeholderapi.PlaceholderAPI.setPlaceholders(PlaceholderAPI.java:70)
2021年7月27日下午10:53:20[Yum 事件监控] 插件 EasyBot_Reloaded 处理 GroupMessageReceiveEvent 事件时发生异常!
2021年7月27日下午10:53:20异常名称: net.sf.json.JSONException
2021年7月27日下午10:53:20异常说明: null object
2021年7月27日下午10:53:20简易错误信息如下:
2021年7月27日下午10:53:20    位于 net.sf.json.JSONObject.verifyIsNull(JSONObject.java:2744)
2021年7月27日下午10:53:20    位于 net.sf.json.JSONObject.getJSONObject(JSONObject.java:2050)
2021年7月27日下午10:53:20    位于 me.ed333.easyBot.utils.JsonParse.getSender_group_json(JsonParse.java:48)
2021年7月27日下午10:53:20    位于 me.ed333.easyBot.utils.JsonParse.getGroupID(JsonParse.java:75)
2021年7月27日下午10:53:20    位于 me.ed333.easyBot.events.bot.MessageEvent.MessageEvent.getGroupId(MessageEvent.java:73)
2021年7月28日上午10:32:56[Yum 事件监控] 插件 EasyBot_Reloaded 处理 GroupMessageReceiveEvent 事件时发生异常!
2021年7月28日上午10:32:56异常名称: net.sf.json.JSONException
2021年7月28日上午10:32:56异常说明: null object
2021年7月28日上午10:32:56简易错误信息如下:
2021年7月28日上午10:32:56    位于 net.sf.json.JSONObject.verifyIsNull(JSONObject.java:2744)
2021年7月28日上午10:32:56    位于 net.sf.json.JSONObject.getJSONObject(JSONObject.java:2050)
2021年7月28日上午10:32:56    位于 me.ed333.easyBot.utils.JsonParse.getSender_group_json(JsonParse.java:48)
2021年7月28日上午10:32:56    位于 me.ed333.easyBot.utils.JsonParse.getGroupID(JsonParse.java:75)
2021年7月28日上午10:32:56    位于 me.ed333.easyBot.events.bot.MessageEvent.MessageEvent.getGroupId(MessageEvent.java:73)
2021年7月28日下午2:48:54[Yum 事件监控] 插件 EasyBot_Reloaded 处理 GroupMessageReceiveEvent 事件时发生异常!
2021年7月28日下午2:48:54异常名称: net.sf.json.JSONException
2021年7月28日下午2:48:54异常说明: null object
2021年7月28日下午2:48:54简易错误信息如下:
2021年7月28日下午2:48:54    位于 net.sf.json.JSONObject.verifyIsNull(JSONObject.java:2744)
2021年7月28日下午2:48:54    位于 net.sf.json.JSONObject.getJSONObject(JSONObject.java:2050)
2021年7月28日下午2:48:54    位于 me.ed333.easyBot.utils.JsonParse.getSender_group_json(JsonParse.java:48)
2021年7月28日下午2:48:54    位于 me.ed333.easyBot.utils.JsonParse.getGroupID(JsonParse.java:75)
2021年7月28日下午2:48:54    位于 me.ed333.easyBot.events.bot.MessageEvent.MessageEvent.getGroupId(MessageEvent.java:73)
2021年7月28日下午3:26:39[Yum 事件监控] 插件 EasyBot_Reloaded 处理 GroupMessageReceiveEvent 事件时发生异常!
2021年7月28日下午3:26:39异常名称: net.sf.json.JSONException
2021年7月28日下午3:26:39异常说明: JSONObject["name"] not found.
2021年7月28日下午3:26:39简易错误信息如下:
2021年7月28日下午3:26:39    位于 net.sf.json.JSONObject.getString(JSONObject.java:2092)
2021年7月28日下午3:26:39    位于 me.ed333.easyBot.utils.PlaceHolders.onPlaceholderRequest(PlaceHolders.java:32)
2021年7月28日下午3:26:39    位于 me.clip.placeholderapi.PlaceholderHook.onRequest(PlaceholderHook.java:34)
2021年7月28日下午3:26:39    位于 me.clip.placeholderapi.replacer.CharsReplacer.apply(CharsReplacer.java:160)
2021年7月28日下午3:26:39    位于 me.clip.placeholderapi.PlaceholderAPI.setPlaceholders(PlaceholderAPI.java:70)
2021年7月28日下午3:29:43[Yum 事件监控] 插件 EasyBot_Reloaded 处理 GroupMessageReceiveEvent 事件时发生异常!
2021年7月28日下午3:29:43异常名称: net.sf.json.JSONException
2021年7月28日下午3:29:43异常说明: JSONObject["name"] not found.
2021年7月28日下午3:29:43简易错误信息如下:
2021年7月28日下午3:29:43    位于 net.sf.json.JSONObject.getString(JSONObject.java:2092)
2021年7月28日下午3:29:43    位于 me.ed333.easyBot.utils.PlaceHolders.onPlaceholderRequest(PlaceHolders.java:32)
2021年7月28日下午3:29:43    位于 me.clip.placeholderapi.PlaceholderHook.onRequest(PlaceholderHook.java:34)
2021年7月28日下午3:29:43    位于 me.clip.placeholderapi.replacer.CharsReplacer.apply(CharsReplacer.java:160)
2021年7月28日下午3:29:43    位于 me.clip.placeholderapi.PlaceholderAPI.setPlaceholders(PlaceholderAPI.java:70)
2021年7月28日下午4:44:26[Yum 事件监控] 插件 EasyBot_Reloaded 处理 GroupMessageReceiveEvent 事件时发生异常!
2021年7月28日下午4:44:26异常名称: net.sf.json.JSONException
2021年7月28日下午4:44:26异常说明: null object
2021年7月28日下午4:44:26简易错误信息如下:
2021年7月28日下午4:44:26    位于 net.sf.json.JSONObject.verifyIsNull(JSONObject.java:2744)
2021年7月28日下午4:44:26    位于 net.sf.json.JSONObject.getJSONObject(JSONObject.java:2050)
2021年7月28日下午4:44:26    位于 me.ed333.easyBot.utils.JsonParse.getSender_group_json(JsonParse.java:48)
2021年7月28日下午4:44:26    位于 me.ed333.easyBot.utils.JsonParse.getGroupID(JsonParse.java:75)
2021年7月28日下午4:44:26    位于 me.ed333.easyBot.events.bot.MessageEvent.MessageEvent.getGroupId(MessageEvent.java:73)
2021年7月28日下午5:06:13[Yum 事件监控] 插件 EasyBot_Reloaded 处理 GroupMessageReceiveEvent 事件时发生异常!
2021年7月28日下午5:06:13异常名称: net.sf.json.JSONException
2021年7月28日下午5:06:13异常说明: JSONObject["name"] not found.
2021年7月28日下午5:06:13简易错误信息如下:
2021年7月28日下午5:06:13    位于 net.sf.json.JSONObject.getString(JSONObject.java:2092)
2021年7月28日下午5:06:13    位于 me.ed333.easyBot.utils.PlaceHolders.onPlaceholderRequest(PlaceHolders.java:32)
2021年7月28日下午5:06:13    位于 me.clip.placeholderapi.PlaceholderHook.onRequest(PlaceholderHook.java:34)
2021年7月28日下午5:06:13    位于 me.clip.placeholderapi.replacer.CharsReplacer.apply(CharsReplacer.java:160)
2021年7月28日下午5:06:13    位于 me.clip.placeholderapi.PlaceholderAPI.setPlaceholders(PlaceholderAPI.java:70)
2021年7月31日下午1:11:23[Yum 事件监控] 插件 EasyBot_Reloaded 处理 GroupMessageReceiveEvent 事件时发生异常!
2021年7月31日下午1:11:23异常名称: net.sf.json.JSONException
2021年7月31日下午1:11:23异常说明: null object
2021年7月31日下午1:11:23简易错误信息如下:
2021年7月31日下午1:11:23    位于 net.sf.json.JSONObject.verifyIsNull(JSONObject.java:2744)
2021年7月31日下午1:11:23    位于 net.sf.json.JSONObject.getJSONObject(JSONObject.java:2050)
2021年7月31日下午1:11:23    位于 me.ed333.easyBot.utils.JsonParse.getSender_group_json(JsonParse.java:48)
2021年7月31日下午1:11:23    位于 me.ed333.easyBot.utils.JsonParse.getGroupID(JsonParse.java:75)
2021年7月31日下午1:11:23    位于 me.ed333.easyBot.events.bot.MessageEvent.MessageEvent.getGroupId(MessageEvent.java:73)
2021年7月31日下午1:12:38[Yum 事件监控] 插件 EasyBot_Reloaded 处理 GroupMessageReceiveEvent 事件时发生异常!
2021年7月31日下午1:12:38异常名称: net.sf.json.JSONException
2021年7月31日下午1:12:38异常说明: null object
2021年7月31日下午1:12:38简易错误信息如下:
2021年7月31日下午1:12:38    位于 net.sf.json.JSONObject.verifyIsNull(JSONObject.java:2744)
2021年7月31日下午1:12:38    位于 net.sf.json.JSONObject.getJSONObject(JSONObject.java:2050)
2021年7月31日下午1:12:38    位于 me.ed333.easyBot.utils.JsonParse.getSender_group_json(JsonParse.java:48)
2021年7月31日下午1:12:38    位于 me.ed333.easyBot.utils.JsonParse.getGroupID(JsonParse.java:75)
2021年7月31日下午1:12:38    位于 me.ed333.easyBot.events.bot.MessageEvent.MessageEvent.getGroupId(MessageEvent.java:73)
2021年7月31日下午2:06:47[Yum 事件监控] 插件 EasyBot_Reloaded 处理 GroupMessageReceiveEvent 事件时发生异常!
2021年7月31日下午2:06:47异常名称: net.sf.json.JSONException
2021年7月31日下午2:06:47异常说明: JSONObject["name"] not found.
2021年7月31日下午2:06:47简易错误信息如下:
2021年7月31日下午2:06:47    位于 net.sf.json.JSONObject.getString(JSONObject.java:2092)
2021年7月31日下午2:06:47    位于 me.ed333.easyBot.utils.PlaceHolders.onPlaceholderRequest(PlaceHolders.java:32)
2021年7月31日下午2:06:47    位于 me.clip.placeholderapi.PlaceholderHook.onRequest(PlaceholderHook.java:34)
2021年7月31日下午2:06:47    位于 me.clip.placeholderapi.replacer.CharsReplacer.apply(CharsReplacer.java:160)
2021年7月31日下午2:06:47    位于 me.clip.placeholderapi.PlaceholderAPI.setPlaceholders(PlaceholderAPI.java:70)
2021年7月31日下午2:26:50[Yum 事件监控] 插件 EasyBot_Reloaded 处理 GroupMessageReceiveEvent 事件时发生异常!
2021年7月31日下午2:26:50异常名称: net.sf.json.JSONException
2021年7月31日下午2:26:50异常说明: null object
2021年7月31日下午2:26:50简易错误信息如下:
2021年7月31日下午2:26:50    位于 net.sf.json.JSONObject.verifyIsNull(JSONObject.java:2744)
2021年7月31日下午2:26:50    位于 net.sf.json.JSONObject.getJSONObject(JSONObject.java:2050)
2021年7月31日下午2:26:50    位于 me.ed333.easyBot.utils.JsonParse.getSender_group_json(JsonParse.java:48)
2021年7月31日下午2:26:50    位于 me.ed333.easyBot.utils.JsonParse.getGroupID(JsonParse.java:75)
2021年7月31日下午2:26:50    位于 me.ed333.easyBot.events.bot.MessageEvent.MessageEvent.getGroupId(MessageEvent.java:73)
2021年7月31日下午2:27:52[Yum 事件监控] 插件 EasyBot_Reloaded 处理 GroupMessageReceiveEvent 事件时发生异常!
2021年7月31日下午2:27:52异常名称: net.sf.json.JSONException
2021年7月31日下午2:27:52异常说明: JSONObject["name"] not found.
2021年7月31日下午2:27:52简易错误信息如下:
2021年7月31日下午2:27:52    位于 net.sf.json.JSONObject.getString(JSONObject.java:2092)
2021年7月31日下午2:27:52    位于 me.ed333.easyBot.utils.PlaceHolders.onPlaceholderRequest(PlaceHolders.java:32)
2021年7月31日下午2:27:52    位于 me.clip.placeholderapi.PlaceholderHook.onRequest(PlaceholderHook.java:34)
2021年7月31日下午2:27:52    位于 me.clip.placeholderapi.replacer.CharsReplacer.apply(CharsReplacer.java:160)
2021年7月31日下午2:27:52    位于 me.clip.placeholderapi.PlaceholderAPI.setPlaceholders(PlaceholderAPI.java:70)
2021年7月31日下午4:35:04[Yum 事件监控] 插件 EasyBot_Reloaded 处理 GroupMessageReceiveEvent 事件时发生异常!
2021年7月31日下午4:35:04异常名称: net.sf.json.JSONException
2021年7月31日下午4:35:04异常说明: null object
2021年7月31日下午4:35:04简易错误信息如下:
2021年7月31日下午4:35:04    位于 net.sf.json.JSONObject.verifyIsNull(JSONObject.java:2744)
2021年7月31日下午4:35:04    位于 net.sf.json.JSONObject.getJSONObject(JSONObject.java:2050)
2021年7月31日下午4:35:04    位于 me.ed333.easyBot.utils.JsonParse.getSender_group_json(JsonParse.java:48)
2021年7月31日下午4:35:04    位于 me.ed333.easyBot.utils.JsonParse.getGroupID(JsonParse.java:75)
2021年7月31日下午4:35:04    位于 me.ed333.easyBot.events.bot.MessageEvent.MessageEvent.getGroupId(MessageEvent.java:73)
2021年8月1日下午7:29:29[Yum 事件监控] 插件 EasyBot_Reloaded 处理 GroupMessageReceiveEvent 事件时发生异常!
2021年8月1日下午7:29:29异常名称: net.sf.json.JSONException
2021年8月1日下午7:29:29异常说明: null object
2021年8月1日下午7:29:29简易错误信息如下:
2021年8月1日下午7:29:29    位于 net.sf.json.JSONObject.verifyIsNull(JSONObject.java:2744)
2021年8月1日下午7:29:29    位于 net.sf.json.JSONObject.getJSONObject(JSONObject.java:2050)
2021年8月1日下午7:29:29    位于 me.ed333.easyBot.utils.JsonParse.getSender_group_json(JsonParse.java:48)
2021年8月1日下午7:29:29    位于 me.ed333.easyBot.utils.JsonParse.getGroupID(JsonParse.java:75)
2021年8月1日下午7:29:29    位于 me.ed333.easyBot.events.bot.MessageEvent.MessageEvent.getGroupId(MessageEvent.java:73)
