2021年7月22日下午3:42:09[Yum 能耗监控] 注意! 玩家 CONSOLE 执行 AuthMe 插件 authme reload 命令 耗时 65ms 平均耗时 65ms!
2021年7月22日下午3:43:21[Yum 能耗监控] 注意! 玩家 HailayLin 执行 EasyBot_Reloaded 插件 bot bind 784298357 命令 耗时 472ms 平均耗时 79ms!
2021年7月22日下午3:55:29[Yum 能耗监控] 注意! 玩家 CONSOLE 执行 EasyBot_Reloaded 插件 bot on 命令 耗时 276ms 平均耗时 65ms!
2021年7月22日下午3:56:36[Yum 能耗监控] 注意! 玩家 HailayLin 执行 EasyBot_Reloaded 插件 bot bind 784298357 命令 耗时 97ms 平均耗时 55ms!
2021年7月22日下午3:56:59[Yum 能耗监控] 注意! 玩家 CONSOLE 执行 EasyBot_Reloaded 插件 bot reload 命令 耗时 40ms 平均耗时 54ms!
2021年7月22日下午3:57:18[Yum 能耗监控] 注意! 玩家 HailayLin 执行 EasyBot_Reloaded 插件 bot bind 784298357 命令 耗时 91ms 平均耗时 56ms!
2021年7月22日下午3:59:00[Yum 能耗监控] 注意! 玩家 HailayLin 执行 EasyBot_Reloaded 插件 bot on 命令 耗时 22ms 平均耗时 43ms!
2021年7月22日下午4:15:31[Yum 能耗监控] 注意! 玩家 CONSOLE 执行 EasyBot_Reloaded 插件 bot reload 命令 耗时 107ms 平均耗时 40ms!
2021年7月22日下午4:17:08[Yum 能耗监控] 注意! 玩家 CONSOLE 执行 EasyBot_Reloaded 插件 bot reload 命令 耗时 242ms 平均耗时 47ms!
2021年7月22日下午4:20:12[Yum 能耗监控] 注意! 玩家 HailayLin 执行 EasyBot_Reloaded 插件 bot on 命令 耗时 26ms 平均耗时 40ms!
2021年7月22日下午4:24:18[Yum 能耗监控] 注意! 玩家 HailayLin 执行 EasyBot_Reloaded 插件 bot on 命令 耗时 23ms 平均耗时 37ms!
2021年7月22日下午4:36:02[Yum 能耗监控] 注意! 玩家 CONSOLE 执行 Yum 插件 yum load EasyBot-Reloaded-1.6-all 命令 耗时 2218ms 平均耗时 557ms!
2021年7月22日下午4:37:19[Yum 能耗监控] 注意! 玩家 CONSOLE 执行 Yum 插件 yum load EasyBot-Reloaded-1.6-all 命令 耗时 22ms 平均耗时 321ms!
2021年7月22日下午4:39:13[Yum 能耗监控] 注意! 玩家 CONSOLE 执行 EasyBot_Reloaded 插件 bot on 命令 耗时 164ms 平均耗时 60ms!
2021年7月29日上午8:09:25[Yum 能耗监控] 注意! 插件 SkinsRestorer 处理 BukkitCommandManager$$Lambda$4697/0x0000000801963740 任务 耗时 60ms 平均耗时 60ms!
2021年8月1日下午2:40:32[Yum 能耗监控] 注意! 插件 UltiTools 处理 PlayerJoinEvent 事件 耗时 29ms 平均耗时 29ms!
2021年8月1日下午4:10:16[Yum 能耗监控] 注意! 插件 UltiTools 处理 PlayerJoinEvent 事件 耗时 43ms 平均耗时 43ms!
2021年8月1日下午4:10:38[Yum 能耗监控] 注意! 插件 UltiTools 处理 InventoryClickEvent 事件 耗时 535ms 平均耗时 36ms!
2021年8月1日下午4:22:55[Yum 能耗监控] 注意! 插件 UltiTools 处理 PlayerJoinEvent 事件 耗时 21ms 平均耗时 21ms!
2021年8月1日下午4:35:09[Yum 能耗监控] 注意! 插件 SkinsRestorer 处理 BukkitCommandManager$$Lambda$5324/0x0000000801a4f658 任务 耗时 39ms 平均耗时 39ms!
2021年8月1日下午4:35:09[Yum 能耗监控] 注意! 插件 UltiTools 处理 PlayerJoinEvent 事件 耗时 33ms 平均耗时 33ms!
2021年8月1日下午4:35:15[Yum 能耗监控] 注意! 插件 UltiTools 处理 InventoryClickEvent 事件 耗时 34ms 平均耗时 34ms!
2021年8月1日下午5:07:07[Yum 能耗监控] 注意! 插件 UltiTools 处理 PlayerJoinEvent 事件 耗时 32ms 平均耗时 32ms!
2021年8月1日下午5:07:07[Yum 能耗监控] 注意! 插件 UltiTools 处理 PlayerJoinEvent 事件 耗时 26ms 平均耗时 26ms!
2021年8月1日下午5:07:16[Yum 能耗监控] 注意! 插件 UltiTools 处理 InventoryClickEvent 事件 耗时 28ms 平均耗时 28ms!
2021年8月1日下午5:51:48[Yum 能耗监控] 注意! 插件 UltiTools 处理 PlayerJoinEvent 事件 耗时 48ms 平均耗时 48ms!
2021年8月1日下午5:51:48[Yum 能耗监控] 注意! 插件 WorldEdit 处理 PlayerGameModeChangeEvent 事件 耗时 23ms 平均耗时 23ms!
2021年8月1日下午5:51:48[Yum 能耗监控] 注意! 插件 UltiTools 处理 PlayerJoinEvent 事件 耗时 31ms 平均耗时 31ms!
2021年8月1日下午5:51:52[Yum 能耗监控] 注意! 插件 UltiTools 处理 InventoryClickEvent 事件 耗时 26ms 平均耗时 26ms!
2021年8月1日下午6:19:22[Yum 能耗监控] 注意! 插件 UltiTools 处理 PlayerJoinEvent 事件 耗时 37ms 平均耗时 37ms!
2021年8月1日下午6:19:22[Yum 能耗监控] 注意! 插件 UltiTools 处理 PlayerJoinEvent 事件 耗时 26ms 平均耗时 26ms!
2021年8月1日下午6:19:26[Yum 能耗监控] 注意! 插件 UltiTools 处理 InventoryClickEvent 事件 耗时 26ms 平均耗时 26ms!
2021年8月1日下午7:23:36[Yum 能耗监控] 注意! 插件 UltiTools 处理 PlayerJoinEvent 事件 耗时 27ms 平均耗时 27ms!
2021年8月1日下午7:23:52[Yum 能耗监控] 注意! 插件 UltiTools 处理 InventoryClickEvent 事件 耗时 26ms 平均耗时 26ms!
