[2017-07-26 22:10:58.927] Hailay created a Oak Log  shop at (world - -184.0,70.0,178.0)
[2017-07-26 22:11:32.455] Hailay created a Birch Log  shop at (world - -186.0,70.0,176.0)
[2017-07-26 22:11:36.008] Hailay created a Pine Log  shop at (world - -186.0,70.0,174.0)
[2017-07-26 22:11:41.609] Hailay created a Jungle Log  shop at (world - -186.0,70.0,172.0)
[2017-07-26 22:12:39.764] Hailay created a Pine Log  shop at (world - -186.0,70.0,174.0)
[2017-07-26 22:13:45.866] Hailay created a Coal shop at (world - -186.0,70.0,170.0)
[2017-07-26 22:15:20.173] Hailay created a Coal Block  shop at (world - -186.0,70.0,170.0)
[2017-07-26 22:16:02.324] Hailay created a Iron Block  shop at (world - -184.0,70.0,168.0)
[2017-07-26 22:16:17.664] Hailay created a Gold Block  shop at (world - -182.0,70.0,168.0)
[2017-07-26 22:17:06.195] Hailay created a Diamond Block  shop at (world - -180.0,70.0,168.0)
[2017-07-29 19:55:34.088] ServerText created a Bottle O' Enchanting  shop at (world - -179.0,70.0,176.0)
[2017-07-29 19:59:12.835] ServerText created a Redstone Block  shop at (world - -183.0,70.0,175.0)
[2017-07-29 19:59:32.17] ServerText created a Lapis Block  shop at (world - -183.0,70.0,173.0)
[2017-07-29 20:03:01.642] ServerText created a Emerald Block  shop at (world - -183.0,70.0,171.0)
[2017-07-29 20:03:20.692] ServerText created a Elytra shop at (world - -181.0,70.0,170.0)
[2017-07-29 20:21:38.639] Strick sold 20 for 600.0 to Shop world(-183, 70, 173) Owner: 系统商店 - b3767649-85b2-3afd-9e8e-1091d19e7734 Unlimited: true Price: 30.0 Item: ItemStack{LAPIS_BLOCK x 1}
[2017-07-29 20:21:49.398] Strick sold 48 for 720.0 to Shop world(-183, 70, 175) Owner: 系统商店 - b3767649-85b2-3afd-9e8e-1091d19e7734 Unlimited: true Price: 15.0 Item: ItemStack{REDSTONE_BLOCK x 1}
[2017-07-29 20:21:52.748] Strick sold 60 for 900.0 to Shop world(-183, 70, 175) Owner: 系统商店 - b3767649-85b2-3afd-9e8e-1091d19e7734 Unlimited: true Price: 15.0 Item: ItemStack{REDSTONE_BLOCK x 1}
[2017-07-29 20:21:59.751] Strick sold 4 for 60.0 to Shop world(-183, 70, 175) Owner: 系统商店 - b3767649-85b2-3afd-9e8e-1091d19e7734 Unlimited: true Price: 15.0 Item: ItemStack{REDSTONE_BLOCK x 1}
[2017-07-29 20:22:07.314] Strick sold 5 for 1000.0 to Shop world(-180, 70, 168) Owner: 系统商店 - b741858e-4ac8-31dc-9218-2cef4aebf7a0 Unlimited: true Price: 200.0 Item: ItemStack{DIAMOND_BLOCK x 1}
[2017-07-29 20:22:29.861] Strick bought 10 for 100.0 from Shop world(-179, 70, 176) Owner: 系统商店 - b3767649-85b2-3afd-9e8e-1091d19e7734 Unlimited: true Price: 10.0 Item: ItemStack{EXP_BOTTLE x 1}
[2017-07-29 20:22:57.638] Strick bought 50 for 500.0 from Shop world(-179, 70, 176) Owner: 系统商店 - b3767649-85b2-3afd-9e8e-1091d19e7734 Unlimited: true Price: 10.0 Item: ItemStack{EXP_BOTTLE x 1}
[2017-07-29 20:24:32.769] Strick bought 50 for 500.0 from Shop world(-179, 70, 176) Owner: 系统商店 - b3767649-85b2-3afd-9e8e-1091d19e7734 Unlimited: true Price: 10.0 Item: ItemStack{EXP_BOTTLE x 1}
[2017-07-29 20:32:13.915] Strick bought 50 for 500.0 from Shop world(-179, 70, 176) Owner: 系统商店 - b3767649-85b2-3afd-9e8e-1091d19e7734 Unlimited: true Price: 10.0 Item: ItemStack{EXP_BOTTLE x 1}
[2017-07-30 15:49:36.046] Strick sold 77 for 1155.0 to Shop world(-183, 70, 175) Owner: 系统商店 - b3767649-85b2-3afd-9e8e-1091d19e7734 Unlimited: true Price: 15.0 Item: ItemStack{REDSTONE_BLOCK x 1}
[2017-07-30 15:49:42.447] Strick sold 28 for 840.0 to Shop world(-183, 70, 173) Owner: 系统商店 - b3767649-85b2-3afd-9e8e-1091d19e7734 Unlimited: true Price: 30.0 Item: ItemStack{LAPIS_BLOCK x 1}
[2017-07-31 14:10:34.156] Strick created a Cooked Beef  shop at (world - -37.0,64.0,185.0)
[2017-07-31 14:11:01.188] Strick created a Cooked Mutton  shop at (world - -37.0,64.0,187.0)
[2017-07-31 14:18:30.025] Strick created a Cooked Chicken  shop at (world - -35.0,64.0,187.0)
[2017-07-31 14:18:47.473] Strick created a Sugar Cane  shop at (world - -37.0,64.0,189.0)
[2017-07-31 14:19:04.061] Strick created a Potato shop at (world - -35.0,64.0,189.0)
[2017-07-31 14:20:46.352] Strick created a Cooked Fish:1  shop at (world - -33.0,64.0,189.0)
[2017-07-31 14:20:56.296] Strick created a Cooked Fish  shop at (world - -33.0,64.0,187.0)
[2017-07-31 14:22:17.207] Strick created a Carrot shop at (world - -31.0,64.0,185.0)
[2017-07-31 14:22:33.144] Strick created a Bread shop at (world - -31.0,64.0,187.0)
[2017-07-31 14:22:41.945] Strick created a Melon shop at (world - -31.0,64.0,189.0)
[2017-07-31 18:29:21.946] Gua_xiao_ye bought 2 for 1.6 from Shop world(-31, 64, 185) Owner: Strick - 16fef344-06c8-3c27-b30a-f46390d529b6 Price: 0.8 Item: ItemStack{CARROT_ITEM x 1}
[2017-07-31 18:52:41.68] Strick created a Potato shop at (world - -35.0,64.0,189.0)
[2017-07-31 18:54:06.87] Strick created a Melon shop at (world - -31.0,64.0,189.0)
[2017-07-31 18:54:35.68] Strick created a Sugar Cane  shop at (world - -37.0,64.0,189.0)
[2017-07-31 18:55:55.538] Strick created a Cooked Fish  shop at (world - -33.0,64.0,187.0)
[2017-07-31 18:56:45.424] Strick created a Cooked Fish:1  shop at (world - -33.0,64.0,189.0)
[2017-07-31 19:02:02.102] Strick created a Cooked Beef  shop at (world - -37.0,64.0,185.0)
[2017-07-31 19:02:37.823] Strick created a Cooked Mutton  shop at (world - -37.0,64.0,187.0)
[2017-07-31 19:03:03.388] Strick created a Cooked Chicken  shop at (world - -35.0,64.0,187.0)
[2017-07-31 19:05:42.794] Strick created a Bread shop at (world - -31.0,64.0,187.0)
[2017-07-31 19:13:29.175] Hailay created a Iron Block  shop at (world - -184.0,70.0,168.0)
[2017-07-31 19:57:30.345] Gua_xiao_ye sold 14 for 840.0 to Shop world(-183, 70, 175) Owner: 系统商店 - b741858e-4ac8-31dc-9218-2cef4aebf7a0 Unlimited: true Price: 60.0 Item: ItemStack{REDSTONE_BLOCK x 1}
[2017-07-31 19:57:38.745] Gua_xiao_ye sold 2 for 380.0 to Shop world(-184, 70, 168) Owner: 系统商店 - b741858e-4ac8-31dc-9218-2cef4aebf7a0 Unlimited: true Price: 190.0 Item: ItemStack{IRON_BLOCK x 1}
[2017-07-31 19:57:42.798] Gua_xiao_ye sold 1 for 450.0 to Shop world(-182, 70, 168) Owner: 系统商店 - b741858e-4ac8-31dc-9218-2cef4aebf7a0 Unlimited: true Price: 450.0 Item: ItemStack{GOLD_BLOCK x 1}
[2017-07-31 23:10:19.153] JasonHung721 created a Cooked Mutton  shop at (world - -80.0,80.0,247.0)
[2017-08-01 01:26:56.906] Hailay created a Wheat shop at (world - -184.0,61.0,169.0)
[2017-08-01 01:28:43.67] Hailay created a Diamond shop at (world - -178.0,61.0,169.0)
[2017-08-01 01:29:59.614] Gua_xiao_ye bought 3 for 360.0 from Shop world(-178, 61, 169) Owner: 系统商店 - b741858e-4ac8-31dc-9218-2cef4aebf7a0 Unlimited: true Price: 120.0 Item: ItemStack{DIAMOND x 1}
[2017-08-01 01:30:59.91] Hailay created a Potato shop at (world - -184.0,61.0,167.0)
[2017-08-01 01:31:06.49] Hailay created a Melon shop at (world - -184.0,61.0,165.0)
[2017-08-01 01:31:10.939] Hailay created a Carrot shop at (world - -184.0,61.0,163.0)
[2017-08-01 01:32:41.518] Hailay created a Nether Wart shop at (world - -178.0,61.0,167.0)
[2017-08-01 01:32:51.684] Hailay created a Blaze Rod  shop at (world - -178.0,61.0,165.0)
[2017-08-01 01:34:38.544] Gua_xiao_ye bought 1 for 100.0 from Shop world(-178, 61, 167) Owner: 系统商店 - b741858e-4ac8-31dc-9218-2cef4aebf7a0 Unlimited: true Price: 100.0 Item: ItemStack{NETHER_STALK x 1}
[2017-08-01 01:34:43.494] Gua_xiao_ye bought 1 for 30.0 from Shop world(-178, 61, 165) Owner: 系统商店 - b741858e-4ac8-31dc-9218-2cef4aebf7a0 Unlimited: true Price: 30.0 Item: ItemStack{BLAZE_ROD x 1}
[2017-08-01 01:34:49.444] Gua_xiao_ye bought 5 for 150.0 from Shop world(-178, 61, 165) Owner: 系统商店 - b741858e-4ac8-31dc-9218-2cef4aebf7a0 Unlimited: true Price: 30.0 Item: ItemStack{BLAZE_ROD x 1}
[2017-08-01 01:34:52.346] Gua_xiao_ye bought 5 for 150.0 from Shop world(-178, 61, 165) Owner: 系统商店 - b741858e-4ac8-31dc-9218-2cef4aebf7a0 Unlimited: true Price: 30.0 Item: ItemStack{BLAZE_ROD x 1}
[2017-08-01 01:36:09.673] Hailay created a Raw Fish:1  shop at (world - -184.0,61.0,161.0)
[2017-08-01 01:36:14.986] Hailay created a Raw Fish  shop at (world - -186.0,61.0,171.0)
[2017-08-01 01:36:20.073] Hailay created a Raw Fish:1  shop at (world - -186.0,61.0,169.0)
[2017-08-01 05:28:57.167] Gua_xiao_ye sold 17 for 1020.0 to Shop world(-183, 70, 175) Owner: 系统商店 - b741858e-4ac8-31dc-9218-2cef4aebf7a0 Unlimited: true Price: 60.0 Item: ItemStack{REDSTONE_BLOCK x 1}
[2017-08-01 05:30:30.27] Gua_xiao_ye sold 7 for 6650.0 to Shop world(-183, 70, 173) Owner: 系统商店 - b741858e-4ac8-31dc-9218-2cef4aebf7a0 Unlimited: true Price: 950.0 Item: ItemStack{LAPIS_BLOCK x 1}
[2017-08-01 05:31:08.236] Gua_xiao_ye bought 1 for 30.0 from Shop world(-178, 61, 165) Owner: 系统商店 - b741858e-4ac8-31dc-9218-2cef4aebf7a0 Unlimited: true Price: 30.0 Item: ItemStack{BLAZE_ROD x 1}
[2017-08-01 05:32:09.633] Gua_xiao_ye bought 40 for 4800.0 from Shop world(-178, 61, 169) Owner: 系统商店 - b741858e-4ac8-31dc-9218-2cef4aebf7a0 Unlimited: true Price: 120.0 Item: ItemStack{DIAMOND x 1}
[2017-08-01 05:32:33.19] Gua_xiao_ye bought 20 for 2400.0 from Shop world(-178, 61, 169) Owner: 系统商店 - b741858e-4ac8-31dc-9218-2cef4aebf7a0 Unlimited: true Price: 120.0 Item: ItemStack{DIAMOND x 1}
[2017-08-01 05:32:48.841] Gua_xiao_ye bought 2 for 60.0 from Shop world(-178, 61, 165) Owner: 系统商店 - b741858e-4ac8-31dc-9218-2cef4aebf7a0 Unlimited: true Price: 30.0 Item: ItemStack{BLAZE_ROD x 1}
[2017-08-01 10:22:20.525] Grasscraft bought 10 for 8.0 from Shop world(-35, 64, 189) Owner: Strick - 16fef344-06c8-3c27-b30a-f46390d529b6 Price: 0.8 Item: ItemStack{POTATO_ITEM x 1}
[2017-08-01 10:22:24.983] Grasscraft bought 10 for 8.0 from Shop world(-37, 64, 189) Owner: Strick - 16fef344-06c8-3c27-b30a-f46390d529b6 Price: 0.8 Item: ItemStack{SUGAR_CANE x 1}
[2017-08-01 10:22:32.933] Grasscraft bought 10 for 8.0 from Shop world(-31, 64, 185) Owner: Strick - 16fef344-06c8-3c27-b30a-f46390d529b6 Price: 0.8 Item: ItemStack{CARROT_ITEM x 1}
[2017-08-01 10:22:57.811] Grasscraft bought 10 for 8.0 from Shop world(-31, 64, 189) Owner: Strick - 16fef344-06c8-3c27-b30a-f46390d529b6 Price: 0.8 Item: ItemStack{MELON x 1}
[2017-08-01 12:20:58.14] Eternal_Kingdom sold 64 for 64.0 to Shop world(-184, 70, 178) Owner: 系统商店 - b741858e-4ac8-31dc-9218-2cef4aebf7a0 Unlimited: true Price: 1.0 Item: ItemStack{LOG x 1}
[2017-08-01 12:20:59.94] Eternal_Kingdom sold 28 for 28.0 to Shop world(-184, 70, 178) Owner: 系统商店 - b741858e-4ac8-31dc-9218-2cef4aebf7a0 Unlimited: true Price: 1.0 Item: ItemStack{LOG x 1}
[2017-08-01 12:33:41.728] Eternal_Kingdom sold 64 for 64.0 to Shop world(-184, 70, 178) Owner: 系统商店 - b741858e-4ac8-31dc-9218-2cef4aebf7a0 Unlimited: true Price: 1.0 Item: ItemStack{LOG x 1}
[2017-08-01 12:33:44.078] Eternal_Kingdom sold 21 for 21.0 to Shop world(-184, 70, 178) Owner: 系统商店 - b741858e-4ac8-31dc-9218-2cef4aebf7a0 Unlimited: true Price: 1.0 Item: ItemStack{LOG x 1}
[2017-08-01 13:00:09.7] Eternal_Kingdom sold 6 for 240.0 to Shop world(-186, 70, 170) Owner: 系统商店 - b741858e-4ac8-31dc-9218-2cef4aebf7a0 Unlimited: true Price: 40.0 Item: ItemStack{COAL_BLOCK x 1}
[2017-08-01 13:00:34.123] Strick sold 14 for 4200.0 to Shop world(-183, 70, 173) Owner: 系统商店 - b741858e-4ac8-31dc-9218-2cef4aebf7a0 Unlimited: true Price: 300.0 Item: ItemStack{LAPIS_BLOCK x 1}
[2017-08-01 13:00:42.294] Strick sold 6 for 240.0 to Shop world(-183, 70, 175) Owner: 系统商店 - b741858e-4ac8-31dc-9218-2cef4aebf7a0 Unlimited: true Price: 40.0 Item: ItemStack{REDSTONE_BLOCK x 1}
[2017-08-01 13:07:45.938] Eternal_Kingdom sold 2 for 380.0 to Shop world(-184, 70, 168) Owner: 系统商店 - b741858e-4ac8-31dc-9218-2cef4aebf7a0 Unlimited: true Price: 190.0 Item: ItemStack{IRON_BLOCK x 1}
[2017-08-01 15:06:47.854] JasonHung721 sold 14 for 14.0 to Shop world(-184, 70, 178) Owner: 系统商店 - b741858e-4ac8-31dc-9218-2cef4aebf7a0 Unlimited: true Price: 1.0 Item: ItemStack{LOG x 1}
[2017-08-01 15:52:33.02] Strick created a Saddle shop at (world - -31.0,64.0,191.0)
[2017-08-01 15:53:17.163] JasonHung721 bought 1 for 100.0 from Shop world(-31, 64, 191) Owner: Strick - 16fef344-06c8-3c27-b30a-f46390d529b6 Price: 100.0 Item: ItemStack{SADDLE x 1}
[2017-08-01 16:09:07.375] Strick created a Diamond Barding  shop at (world - -33.0,64.0,191.0)
[2017-08-01 16:09:20.976] Strick created a Gold Barding  shop at (world - -35.0,64.0,191.0)
[2017-08-01 16:09:35.43] Strick created a Iron Barding  shop at (world - -37.0,64.0,191.0)
[2017-08-01 17:42:07.937] Grasscraft bought 5 for 10.0 from Shop world(-33, 64, 189) Owner: Strick - 16fef344-06c8-3c27-b30a-f46390d529b6 Price: 2.0 Item: ItemStack{COOKED_FISH x 1}
[2017-08-01 21:40:51.289] Xi_Luo sold 5 for 1500.0 to Shop world(-183, 70, 173) Owner: 系统商店 - b741858e-4ac8-31dc-9218-2cef4aebf7a0 Unlimited: true Price: 300.0 Item: ItemStack{LAPIS_BLOCK x 1}
[2017-08-01 21:41:10.543] Xi_Luo bought 1 for 30.0 from Shop world(-178, 61, 165) Owner: 系统商店 - b741858e-4ac8-31dc-9218-2cef4aebf7a0 Unlimited: true Price: 30.0 Item: ItemStack{BLAZE_ROD x 1}
[2017-08-01 21:41:25.768] Xi_Luo created a Blaze Rod  shop at (world - -186.0,61.0,167.0)
[2017-08-02 13:23:28.287] Xi_Luo bought 10 for 300.0 from Shop world(-178, 61, 165) Owner: 系统商店 - b741858e-4ac8-31dc-9218-2cef4aebf7a0 Unlimited: true Price: 30.0 Item: ItemStack{BLAZE_ROD x 1}
[2017-08-02 18:39:33.546] Gua_xiao_ye sold 2 for 1200.0 to Shop world(-180, 70, 168) Owner: 系统商店 - b741858e-4ac8-31dc-9218-2cef4aebf7a0 Unlimited: true Price: 600.0 Item: ItemStack{DIAMOND_BLOCK x 1}
[2017-08-02 20:15:57.616] Gua_xiao_ye bought 2 for 60.0 from Shop world(-178, 61, 165) Owner: 系统商店 - b741858e-4ac8-31dc-9218-2cef4aebf7a0 Unlimited: true Price: 30.0 Item: ItemStack{BLAZE_ROD x 1}
[2017-08-02 21:37:30.228] Gua_xiao_ye created a Chorus Fruit  shop at (world - -186.0,61.0,165.0)
[2017-08-02 21:37:44.48] Gua_xiao_ye created a Leather shop at (world - -186.0,61.0,163.0)
[2017-08-02 21:37:51.778] Gua_xiao_ye created a Ender Pearl  shop at (world - -186.0,61.0,161.0)
[2017-08-02 21:38:13.778] Gua_xiao_ye created a Ender Pearl  shop at (world - -188.0,61.0,161.0)
[2017-08-02 21:46:27.558] Gua_xiao_ye bought 5 for 2.5 from Shop world(-184, 61, 165) Owner: 系统商店 - b741858e-4ac8-31dc-9218-2cef4aebf7a0 Unlimited: true Price: 0.5 Item: ItemStack{MELON x 1}
[2017-08-02 21:47:46.381] Hailay created a Ghast Tear  shop at (world - -178.0,61.0,163.0)
[2017-08-03 07:39:05.804] biglod bought 1 for 100.0 from Shop world(-31, 64, 191) Owner: Strick - 16fef344-06c8-3c27-b30a-f46390d529b6 Price: 100.0 Item: ItemStack{SADDLE x 1}
[2017-08-03 10:29:01.914] biglod sold 1 for 160.0 to Shop world(-184, 70, 168) Owner: 系统商店 - b741858e-4ac8-31dc-9218-2cef4aebf7a0 Unlimited: true Price: 160.0 Item: ItemStack{IRON_BLOCK x 1}
[2017-08-03 10:33:04.714] biglod bought 50 for 100.0 from Shop world(-33, 64, 189) Owner: Strick - 16fef344-06c8-3c27-b30a-f46390d529b6 Price: 2.0 Item: ItemStack{COOKED_FISH x 1}
[2017-08-03 10:33:13.47] biglod bought 21 for 42.0 from Shop world(-33, 64, 189) Owner: Strick - 16fef344-06c8-3c27-b30a-f46390d529b6 Price: 2.0 Item: ItemStack{COOKED_FISH x 1}
[2017-08-03 10:33:20.094] biglod bought 5 for 10.0 from Shop world(-33, 64, 189) Owner: Strick - 16fef344-06c8-3c27-b30a-f46390d529b6 Price: 2.0 Item: ItemStack{COOKED_FISH x 1}
[2017-08-03 10:35:44.012] biglod sold 1 for 400.0 to Shop world(-182, 70, 168) Owner: 系统商店 - b741858e-4ac8-31dc-9218-2cef4aebf7a0 Unlimited: true Price: 400.0 Item: ItemStack{GOLD_BLOCK x 1}
[2017-08-03 12:08:53.46] biglod sold 1 for 600.0 to Shop world(-180, 70, 168) Owner: 系统商店 - b741858e-4ac8-31dc-9218-2cef4aebf7a0 Unlimited: true Price: 600.0 Item: ItemStack{DIAMOND_BLOCK x 1}
[2017-08-03 15:10:36.519] kid sold 32 for 16.0 to Shop world(-184, 61, 163) Owner: 系统商店 - b741858e-4ac8-31dc-9218-2cef4aebf7a0 Unlimited: true Price: 0.5 Item: ItemStack{CARROT_ITEM x 1}
[2017-08-03 15:11:47.499] kid bought 20 for 16.0 from Shop world(-35, 64, 189) Owner: Strick - 16fef344-06c8-3c27-b30a-f46390d529b6 Price: 0.8 Item: ItemStack{POTATO_ITEM x 1}
[2017-08-03 15:27:24.823] kid bought 12 for 9.600000000000001 from Shop world(-35, 64, 189) Owner: Strick - 16fef344-06c8-3c27-b30a-f46390d529b6 Price: 0.8 Item: ItemStack{POTATO_ITEM x 1}
[2017-08-03 15:27:44.887] kid bought 8 for 6.4 from Shop world(-35, 64, 189) Owner: Strick - 16fef344-06c8-3c27-b30a-f46390d529b6 Price: 0.8 Item: ItemStack{POTATO_ITEM x 1}
[2017-08-03 15:30:18.983] kid created a Torch shop at (world - -179.0,72.0,123.0)
[2017-08-03 15:44:38.194] lovely_FENGLIAO sold 6 for 3600.0 to Shop world(-180, 70, 168) Owner: 系统商店 - b741858e-4ac8-31dc-9218-2cef4aebf7a0 Unlimited: true Price: 600.0 Item: ItemStack{DIAMOND_BLOCK x 1}
[2017-08-03 15:53:09.951] kid sold 8 for 160.0 to Shop world(-186, 70, 170) Owner: 系统商店 - b741858e-4ac8-31dc-9218-2cef4aebf7a0 Unlimited: true Price: 20.0 Item: ItemStack{COAL_BLOCK x 1}
[2017-08-03 16:14:21.474] biglod sold 5 for 2000.0 to Shop world(-182, 70, 168) Owner: 系统商店 - b741858e-4ac8-31dc-9218-2cef4aebf7a0 Unlimited: true Price: 400.0 Item: ItemStack{GOLD_BLOCK x 1}
[2017-08-03 16:36:31.837] kid sold 30 for 600.0 to Shop world(-183, 70, 175) Owner: 系统商店 - b741858e-4ac8-31dc-9218-2cef4aebf7a0 Unlimited: true Price: 20.0 Item: ItemStack{REDSTONE_BLOCK x 1}
[2017-08-03 16:36:39.388] kid sold 14 for 280.0 to Shop world(-186, 70, 170) Owner: 系统商店 - b741858e-4ac8-31dc-9218-2cef4aebf7a0 Unlimited: true Price: 20.0 Item: ItemStack{COAL_BLOCK x 1}
[2017-08-03 18:46:13.615] Gua_xiao_ye sold 31 for 7750.0 to Shop world(-183, 70, 173) Owner: 系统商店 - b741858e-4ac8-31dc-9218-2cef4aebf7a0 Unlimited: true Price: 250.0 Item: ItemStack{LAPIS_BLOCK x 1}
[2017-08-03 19:19:30.38] Gua_xiao_ye created a Ender Pearl  shop at (world - -180.0,79.0,246.0)
[2017-08-03 19:19:50.22] lovely_FENGLIAO bought 10 for 250.0 from Shop world(-180, 79, 246) Owner: Gua_xiao_ye - d936b068-5204-3eda-a28c-4dc894e7fce8 Price: 25.0 Item: ItemStack{ENDER_PEARL x 1}
[2017-08-03 19:22:45.652] Gua_xiao_ye created a Chorus Fruit  shop at (world - -180.0,79.0,244.0)
[2017-08-03 19:23:05.506] Gua_xiao_ye created a Spectral Arrow  shop at (world - -180.0,79.0,242.0)
[2017-08-03 19:31:56.335] Gua_xiao_ye created a Blaze Rod  shop at (world - -180.0,79.0,240.0)
[2017-08-03 19:32:08.641] Gua_xiao_ye created a Strength Potion 2 shop at (world - -177.0,79.0,246.0)
[2017-08-03 19:34:03.814] Gua_xiao_ye created a Speed Potion+ shop at (world - -177.0,79.0,244.0)
[2017-08-03 19:46:37.686] Gua_xiao_ye created a Fire Resistance  Potion+ shop at (world - -177.0,79.0,242.0)
[2017-08-03 19:53:23.027] Gua_xiao_ye created a Night Vision  Potion+ shop at (world - -177.0,79.0,240.0)
[2017-08-03 19:58:07.853] Gua_xiao_ye created a Instant Heal  Potion 2 shop at (world - -182.0,79.0,244.0)
[2017-08-03 20:07:55.444] Gua_xiao_ye created a Glowstone Dust  shop at (world - -184.0,79.0,246.0)
[2017-08-03 21:11:00.172] 1025 bought 1 for 100.0 from Shop world(-31, 64, 191) Owner: Strick - 16fef344-06c8-3c27-b30a-f46390d529b6 Price: 100.0 Item: ItemStack{SADDLE x 1}
[2017-08-03 21:47:34.071] Jioke sold 3 for 1800.0 to Shop world(-180, 70, 168) Owner: 系统商店 - b741858e-4ac8-31dc-9218-2cef4aebf7a0 Unlimited: true Price: 600.0 Item: ItemStack{DIAMOND_BLOCK x 1}
[2017-08-03 21:50:50.203] Jioke sold 3 for 1800.0 to Shop world(-180, 70, 168) Owner: 系统商店 - b741858e-4ac8-31dc-9218-2cef4aebf7a0 Unlimited: true Price: 600.0 Item: ItemStack{DIAMOND_BLOCK x 1}
[2017-08-03 22:05:48.132] Gua_xiao_ye created a Chorus Fruit  shop at (world - -180.0,79.0,244.0)
[2017-08-03 22:06:30.541] Gua_xiao_ye created a Chorus Flower  shop at (world - -182.0,79.0,246.0)
[2017-08-03 22:34:18.538] Hailay created a Ghast Tear  shop at (world - -178.0,61.0,163.0)
[2017-08-04 09:32:09.208] Display item for Shop world(-179, 72, 123) Owner: kid - 7d0bbbcc-fe8e-31b2-b614-a5d97294de2f Price: 100.0 Item: ItemStack{TORCH x 1} is not on the correct location and has been removed. Probably someone is trying to cheat.
[2017-08-04 09:39:33.372] kid sold 46 for 23.0 to Shop world(-184, 61, 167) Owner: 系统商店 - b741858e-4ac8-31dc-9218-2cef4aebf7a0 Unlimited: true Price: 0.5 Item: ItemStack{POTATO_ITEM x 1}
[2017-08-04 10:23:51.342] kid sold 84 for 42.0 to Shop world(-184, 61, 167) Owner: 系统商店 - b741858e-4ac8-31dc-9218-2cef4aebf7a0 Unlimited: true Price: 0.5 Item: ItemStack{POTATO_ITEM x 1}
[2017-08-04 11:50:15.501] kid sold 128 for 64.0 to Shop world(-184, 61, 167) Owner: 系统商店 - b741858e-4ac8-31dc-9218-2cef4aebf7a0 Unlimited: true Price: 0.5 Item: ItemStack{POTATO_ITEM x 1}
[2017-08-04 11:50:24.634] kid sold 101 for 50.5 to Shop world(-184, 61, 167) Owner: 系统商店 - b741858e-4ac8-31dc-9218-2cef4aebf7a0 Unlimited: true Price: 0.5 Item: ItemStack{POTATO_ITEM x 1}
[2017-08-04 11:51:48.714] lovely_FENGLIAO sold 1 for 600.0 to Shop world(-180, 70, 168) Owner: 系统商店 - b741858e-4ac8-31dc-9218-2cef4aebf7a0 Unlimited: true Price: 600.0 Item: ItemStack{DIAMOND_BLOCK x 1}
[2017-08-04 11:54:18.376] lovely_FENGLIAO bought 100 for 80.0 from Shop world(-31, 64, 189) Owner: Strick - 16fef344-06c8-3c27-b30a-f46390d529b6 Price: 0.8 Item: ItemStack{MELON x 1}
[2017-08-04 12:11:11.163] kid sold 93 for 46.5 to Shop world(-184, 61, 167) Owner: 系统商店 - b741858e-4ac8-31dc-9218-2cef4aebf7a0 Unlimited: true Price: 0.5 Item: ItemStack{POTATO_ITEM x 1}
[2017-08-04 12:11:27.819] kid sold 13 for 260.0 to Shop world(-183, 70, 175) Owner: 系统商店 - b741858e-4ac8-31dc-9218-2cef4aebf7a0 Unlimited: true Price: 20.0 Item: ItemStack{REDSTONE_BLOCK x 1}
[2017-08-04 12:11:35.22] kid sold 1 for 600.0 to Shop world(-180, 70, 168) Owner: 系统商店 - b741858e-4ac8-31dc-9218-2cef4aebf7a0 Unlimited: true Price: 600.0 Item: ItemStack{DIAMOND_BLOCK x 1}
[2017-08-04 12:11:40.323] kid sold 1 for 400.0 to Shop world(-182, 70, 168) Owner: 系统商店 - b741858e-4ac8-31dc-9218-2cef4aebf7a0 Unlimited: true Price: 400.0 Item: ItemStack{GOLD_BLOCK x 1}
[2017-08-04 12:11:48.621] kid sold 8 for 1280.0 to Shop world(-184, 70, 168) Owner: 系统商店 - b741858e-4ac8-31dc-9218-2cef4aebf7a0 Unlimited: true Price: 160.0 Item: ItemStack{IRON_BLOCK x 1}
[2017-08-04 12:11:59.681] kid sold 15 for 300.0 to Shop world(-186, 70, 170) Owner: 系统商店 - b741858e-4ac8-31dc-9218-2cef4aebf7a0 Unlimited: true Price: 20.0 Item: ItemStack{COAL_BLOCK x 1}
[2017-08-04 12:28:42.413] Gua_xiao_ye created a Saddle shop at (world - -186.0,79.0,246.0)
[2017-08-04 12:28:54.601] Gua_xiao_ye created a Saddle shop at (world - -186.0,79.0,246.0)
[2017-08-04 12:29:51.301] Gua_xiao_ye created a Diamond Barding  shop at (world - -184.0,79.0,244.0)
[2017-08-04 12:30:02.588] Gua_xiao_ye created a Diamond Barding  shop at (world - -184.0,79.0,244.0)
[2017-08-04 12:31:59.885] Gua_xiao_ye bought 2 for 2400.0 from Shop world(-178, 61, 163) Owner: 系统商店 - b741858e-4ac8-31dc-9218-2cef4aebf7a0 Unlimited: true Price: 1200.0 Item: ItemStack{GHAST_TEAR x 1}
[2017-08-04 12:43:31.888] Gua_xiao_ye sold 8 for 4800.0 to Shop world(-180, 70, 168) Owner: 系统商店 - b741858e-4ac8-31dc-9218-2cef4aebf7a0 Unlimited: true Price: 600.0 Item: ItemStack{DIAMOND_BLOCK x 1}
[2017-08-04 12:43:39.037] Gua_xiao_ye bought 4 for 4800.0 from Shop world(-178, 61, 163) Owner: 系统商店 - b741858e-4ac8-31dc-9218-2cef4aebf7a0 Unlimited: true Price: 1200.0 Item: ItemStack{GHAST_TEAR x 1}
[2017-08-04 13:10:45.511] Hailay created a Sugar Cane  shop at (world - -186.0,61.0,167.0)
[2017-08-04 13:11:09.603] kid sold 128 for 64.0 to Shop world(-184, 61, 167) Owner: 系统商店 - b741858e-4ac8-31dc-9218-2cef4aebf7a0 Unlimited: true Price: 0.5 Item: ItemStack{POTATO_ITEM x 1}
[2017-08-04 13:11:43.971] kid sold 25 for 500.0 to Shop world(-183, 70, 175) Owner: 系统商店 - b741858e-4ac8-31dc-9218-2cef4aebf7a0 Unlimited: true Price: 20.0 Item: ItemStack{REDSTONE_BLOCK x 1}
[2017-08-04 13:11:49.47] kid sold 64 for 1280.0 to Shop world(-186, 70, 170) Owner: 系统商店 - b741858e-4ac8-31dc-9218-2cef4aebf7a0 Unlimited: true Price: 20.0 Item: ItemStack{COAL_BLOCK x 1}
[2017-08-04 13:11:53.82] kid sold 8 for 1280.0 to Shop world(-184, 70, 168) Owner: 系统商店 - b741858e-4ac8-31dc-9218-2cef4aebf7a0 Unlimited: true Price: 160.0 Item: ItemStack{IRON_BLOCK x 1}
[2017-08-04 13:11:56.82] kid sold 4 for 1600.0 to Shop world(-182, 70, 168) Owner: 系统商店 - b741858e-4ac8-31dc-9218-2cef4aebf7a0 Unlimited: true Price: 400.0 Item: ItemStack{GOLD_BLOCK x 1}
[2017-08-04 13:54:31.222] Gua_xiao_ye created a Skull Item:5  shop at (world - -186.0,79.0,244.0)
[2017-08-04 14:05:16.055] Gua_xiao_ye created a Shulker Shell  shop at (world - -197.0,79.0,238.0)
[2017-08-04 14:06:19.981] Gua_xiao_ye created a Invisibility+ shop at (world - -195.0,79.0,238.0)
[2017-08-04 14:06:41.388] Gua_xiao_ye created a End Rod  shop at (world - -193.0,79.0,238.0)
[2017-08-04 14:07:04.931] Gua_xiao_ye created a Purpur Pillar  shop at (world - -197.0,79.0,236.0)
[2017-08-04 14:07:24.103] Gua_xiao_ye created a Purpur Block  shop at (world - -195.0,79.0,236.0)
[2017-08-04 14:07:47.056] Gua_xiao_ye created a Diamond shop at (world - -197.0,79.0,234.0)
[2017-08-04 14:38:02.051] Strick sold 20 for 400.0 to Shop world(-183, 70, 175) Owner: 系统商店 - b741858e-4ac8-31dc-9218-2cef4aebf7a0 Unlimited: true Price: 20.0 Item: ItemStack{REDSTONE_BLOCK x 1}
[2017-08-04 14:38:04.802] Strick sold 11 for 2750.0 to Shop world(-183, 70, 173) Owner: 系统商店 - b741858e-4ac8-31dc-9218-2cef4aebf7a0 Unlimited: true Price: 250.0 Item: ItemStack{LAPIS_BLOCK x 1}
[2017-08-04 14:40:03.457] Strick created a Glowstone shop at (world - -37.0,64.0,187.0)
[2017-08-04 14:45:59.27] Strick sold 10 for 2500.0 to Shop world(-183, 70, 173) Owner: 系统商店 - b741858e-4ac8-31dc-9218-2cef4aebf7a0 Unlimited: true Price: 250.0 Item: ItemStack{LAPIS_BLOCK x 1}
[2017-08-04 15:11:47.478] Strick sold 12 for 240.0 to Shop world(-183, 70, 175) Owner: 系统商店 - b741858e-4ac8-31dc-9218-2cef4aebf7a0 Unlimited: true Price: 20.0 Item: ItemStack{REDSTONE_BLOCK x 1}
[2017-08-04 15:11:50.626] Strick sold 9 for 2250.0 to Shop world(-183, 70, 173) Owner: 系统商店 - b741858e-4ac8-31dc-9218-2cef4aebf7a0 Unlimited: true Price: 250.0 Item: ItemStack{LAPIS_BLOCK x 1}
[2017-08-04 15:32:42.056] Strick created a Cooked Fish  shop at (world - -33.0,64.0,189.0)
[2017-08-04 16:12:40.253] Strick sold 85 for 850.0 to Shop world(-186, 61, 171) Owner: 系统商店 - b741858e-4ac8-31dc-9218-2cef4aebf7a0 Unlimited: true Price: 10.0 Item: ItemStack{RAW_FISH x 1}
[2017-08-04 16:12:47.71] Strick sold 33 for 330.0 to Shop world(-186, 61, 169) Owner: 系统商店 - b741858e-4ac8-31dc-9218-2cef4aebf7a0 Unlimited: true Price: 10.0 Item: ItemStack{RAW_FISH x 1}
[2017-08-04 16:30:19.336] kid sold 375 for 187.5 to Shop world(-184, 61, 167) Owner: 系统商店 - b741858e-4ac8-31dc-9218-2cef4aebf7a0 Unlimited: true Price: 0.5 Item: ItemStack{POTATO_ITEM x 1}
[2017-08-04 16:30:35.789] kid sold 244 for 97.60000000000001 to Shop world(-186, 61, 167) Owner: 系统商店 - b741858e-4ac8-31dc-9218-2cef4aebf7a0 Unlimited: true Price: 0.4 Item: ItemStack{SUGAR_CANE x 1}
[2017-08-04 16:41:29.467] Strick created a Bow shop at (world - -35.0,64.0,187.0)
[2017-08-04 16:42:10.641] lovely_FENGLIAO bought 1 for 1600.0 from Shop world(-35, 64, 187) Owner: Strick - 16fef344-06c8-3c27-b30a-f46390d529b6 Price: 1600.0 Item: ItemStack{BOW x 1, UNSPECIFIC_META:{meta-type=UNSPECIFIC, enchants={DURABILITY=3, ARROW_DAMAGE=5, ARROW_KNOCKBACK=1, ARROW_INFINITE=1}, repair-cost=7}}
[2017-08-04 17:25:17.616] lovely_FENGLIAO bought 30 for 30.0 from Shop world(-33, 64, 189) Owner: Strick - 16fef344-06c8-3c27-b30a-f46390d529b6 Price: 1.0 Item: ItemStack{COOKED_FISH x 1}
[2017-08-04 17:36:44.595] HailayLin sold 1 for 600.0 to Shop world(-180, 70, 168) Owner: 系统商店 - b741858e-4ac8-31dc-9218-2cef4aebf7a0 Unlimited: true Price: 600.0 Item: ItemStack{DIAMOND_BLOCK x 1}
[2017-08-04 17:37:43.809] HailayLin sold 1 for 20.0 to Shop world(-183, 70, 175) Owner: 系统商店 - b741858e-4ac8-31dc-9218-2cef4aebf7a0 Unlimited: true Price: 20.0 Item: ItemStack{REDSTONE_BLOCK x 1}
[2017-08-04 17:37:48.843] HailayLin sold 1 for 20.0 to Shop world(-186, 70, 170) Owner: 系统商店 - b741858e-4ac8-31dc-9218-2cef4aebf7a0 Unlimited: true Price: 20.0 Item: ItemStack{COAL_BLOCK x 1}
[2017-08-04 17:40:25.071] Strick sold 110 for 1100.0 to Shop world(-186, 61, 171) Owner: 系统商店 - b741858e-4ac8-31dc-9218-2cef4aebf7a0 Unlimited: true Price: 10.0 Item: ItemStack{RAW_FISH x 1}
[2017-08-04 17:40:33.781] Strick sold 48 for 480.0 to Shop world(-186, 61, 169) Owner: 系统商店 - b741858e-4ac8-31dc-9218-2cef4aebf7a0 Unlimited: true Price: 10.0 Item: ItemStack{RAW_FISH x 1}
[2017-08-04 18:17:59.415] Strick created a Fishing Rod  shop at (world - -35.0,64.0,187.0)
[2017-08-04 18:19:03.368] Gua_xiao_ye bought 1 for 1000.0 from Shop world(-35, 64, 187) Owner: Strick - 16fef344-06c8-3c27-b30a-f46390d529b6 Price: 1000.0 Item: ItemStack{FISHING_ROD x 1, UNSPECIFIC_META:{meta-type=UNSPECIFIC, enchants={DURABILITY=3, LUCK=3, LURE=3, MENDING=1}, repair-cost=31}}
[2017-08-04 19:36:17.833] Strick created a Raw Fish:3  shop at (world - -35.0,64.0,187.0)
[2017-08-04 19:42:01.25] Gua_xiao_ye created a Shulker Shell  shop at (world - -197.0,79.0,238.0)
[2017-08-04 19:51:39.414] Strick sold 120 for 1200.0 to Shop world(-186, 61, 171) Owner: 系统商店 - b741858e-4ac8-31dc-9218-2cef4aebf7a0 Unlimited: true Price: 10.0 Item: ItemStack{RAW_FISH x 1}
[2017-08-04 19:51:45.017] Strick sold 51 for 510.0 to Shop world(-186, 61, 169) Owner: 系统商店 - b741858e-4ac8-31dc-9218-2cef4aebf7a0 Unlimited: true Price: 10.0 Item: ItemStack{RAW_FISH x 1}
[2017-08-04 19:58:10.837] Strick bought 1 for 800.0 from Shop world(-197, 79, 238) Owner: Gua_xiao_ye - d936b068-5204-3eda-a28c-4dc894e7fce8 Price: 800.0 Item: ItemStack{SHULKER_SHELL x 1}
[2017-08-04 19:58:36.508] Strick bought 3 for 2400.0 from Shop world(-197, 79, 238) Owner: Gua_xiao_ye - d936b068-5204-3eda-a28c-4dc894e7fce8 Price: 800.0 Item: ItemStack{SHULKER_SHELL x 1}
[2017-08-04 20:37:44.986] Strick sold 65 for 650.0 to Shop world(-186, 61, 171) Owner: 系统商店 - b741858e-4ac8-31dc-9218-2cef4aebf7a0 Unlimited: true Price: 10.0 Item: ItemStack{RAW_FISH x 1}
[2017-08-04 20:37:52.69] Strick sold 38 for 380.0 to Shop world(-186, 61, 169) Owner: 系统商店 - b741858e-4ac8-31dc-9218-2cef4aebf7a0 Unlimited: true Price: 10.0 Item: ItemStack{RAW_FISH x 1}
[2017-08-04 21:23:52.872] Sailay sold 1 for 600.0 to Shop world(-180, 70, 168) Owner: 系统商店 - b741858e-4ac8-31dc-9218-2cef4aebf7a0 Unlimited: true Price: 600.0 Item: ItemStack{DIAMOND_BLOCK x 1}
[2017-08-04 21:48:29.984] Handsome bought 32 for 6.4 from Shop world(-180, 79, 244) Owner: Gua_xiao_ye - d936b068-5204-3eda-a28c-4dc894e7fce8 Price: 0.2 Item: ItemStack{CHORUS_FRUIT x 1}
[2017-08-04 21:49:36.061] Handsome bought 32 for 6.4 from Shop world(-180, 79, 244) Owner: Gua_xiao_ye - d936b068-5204-3eda-a28c-4dc894e7fce8 Price: 0.2 Item: ItemStack{CHORUS_FRUIT x 1}
[2017-08-04 21:49:38.891] Handsome bought 4 for 0.8 from Shop world(-180, 79, 244) Owner: Gua_xiao_ye - d936b068-5204-3eda-a28c-4dc894e7fce8 Price: 0.2 Item: ItemStack{CHORUS_FRUIT x 1}
[2017-08-04 21:55:49.68] Handsome bought 1 for 15.0 from Shop world(-182, 79, 246) Owner: Gua_xiao_ye - d936b068-5204-3eda-a28c-4dc894e7fce8 Price: 15.0 Item: ItemStack{CHORUS_FLOWER x 1}
[2017-08-04 22:13:55.015] Strick sold 44 for 440.0 to Shop world(-186, 61, 171) Owner: 系统商店 - b741858e-4ac8-31dc-9218-2cef4aebf7a0 Unlimited: true Price: 10.0 Item: ItemStack{RAW_FISH x 1}
[2017-08-04 22:13:59.664] Strick sold 26 for 260.0 to Shop world(-186, 61, 169) Owner: 系统商店 - b741858e-4ac8-31dc-9218-2cef4aebf7a0 Unlimited: true Price: 10.0 Item: ItemStack{RAW_FISH x 1}
[2017-08-04 22:18:01.048] Handsome bought 32 for 6.4 from Shop world(-180, 79, 244) Owner: Gua_xiao_ye - d936b068-5204-3eda-a28c-4dc894e7fce8 Price: 0.2 Item: ItemStack{CHORUS_FRUIT x 1}
[2017-08-05 00:20:46.783] JasonHung721 sold 25 for 10.0 to Shop world(-186, 61, 167) Owner: 系统商店 - b741858e-4ac8-31dc-9218-2cef4aebf7a0 Unlimited: true Price: 0.4 Item: ItemStack{SUGAR_CANE x 1}
[2017-08-05 00:21:04.647] JasonHung721 sold 3 for 1.5 to Shop world(-184, 61, 169) Owner: 系统商店 - b741858e-4ac8-31dc-9218-2cef4aebf7a0 Unlimited: true Price: 0.5 Item: ItemStack{WHEAT x 1}
[2017-08-05 00:57:25.813] Hailay created a Purpur Block  shop at (world - -177.0,61.0,175.0)
[2017-08-05 00:57:40.705] Gua_xiao_ye bought 132 for 264.0 from Shop world(-177, 61, 175) Owner: 系统商店 - b741858e-4ac8-31dc-9218-2cef4aebf7a0 Unlimited: true Price: 2.0 Item: ItemStack{PURPUR_BLOCK x 1}
[2017-08-05 00:57:55.451] Gua_xiao_ye bought 132 for 264.0 from Shop world(-177, 61, 175) Owner: 系统商店 - b741858e-4ac8-31dc-9218-2cef4aebf7a0 Unlimited: true Price: 2.0 Item: ItemStack{PURPUR_BLOCK x 1}
[2017-08-05 00:58:02.251] Gua_xiao_ye bought 132 for 264.0 from Shop world(-177, 61, 175) Owner: 系统商店 - b741858e-4ac8-31dc-9218-2cef4aebf7a0 Unlimited: true Price: 2.0 Item: ItemStack{PURPUR_BLOCK x 1}
[2017-08-05 00:58:09.351] Gua_xiao_ye bought 132 for 264.0 from Shop world(-177, 61, 175) Owner: 系统商店 - b741858e-4ac8-31dc-9218-2cef4aebf7a0 Unlimited: true Price: 2.0 Item: ItemStack{PURPUR_BLOCK x 1}
[2017-08-05 00:58:19.253] Gua_xiao_ye bought 132 for 264.0 from Shop world(-177, 61, 175) Owner: 系统商店 - b741858e-4ac8-31dc-9218-2cef4aebf7a0 Unlimited: true Price: 2.0 Item: ItemStack{PURPUR_BLOCK x 1}
[2017-08-05 00:58:32.509] Gua_xiao_ye bought 132 for 264.0 from Shop world(-177, 61, 175) Owner: 系统商店 - b741858e-4ac8-31dc-9218-2cef4aebf7a0 Unlimited: true Price: 2.0 Item: ItemStack{PURPUR_BLOCK x 1}
[2017-08-05 00:58:38.459] Gua_xiao_ye bought 64 for 128.0 from Shop world(-177, 61, 175) Owner: 系统商店 - b741858e-4ac8-31dc-9218-2cef4aebf7a0 Unlimited: true Price: 2.0 Item: ItemStack{PURPUR_BLOCK x 1}
[2017-08-05 01:00:31.463] Gua_xiao_ye sold 3 for 1.5 to Shop world(-184, 61, 163) Owner: 系统商店 - b741858e-4ac8-31dc-9218-2cef4aebf7a0 Unlimited: true Price: 0.5 Item: ItemStack{CARROT_ITEM x 1}
[2017-08-05 01:00:35.214] Gua_xiao_ye sold 3 for 1.5 to Shop world(-184, 61, 163) Owner: 系统商店 - b741858e-4ac8-31dc-9218-2cef4aebf7a0 Unlimited: true Price: 0.5 Item: ItemStack{CARROT_ITEM x 1}
[2017-08-05 01:00:41.68] Hailay created a Glass shop at (world - -175.0,61.0,175.0)
[2017-08-05 01:00:56.87] Gua_xiao_ye bought 64 for 128.0 from Shop world(-175, 61, 175) Owner: 系统商店 - b741858e-4ac8-31dc-9218-2cef4aebf7a0 Unlimited: true Price: 2.0 Item: ItemStack{GLASS x 1}
[2017-08-05 01:01:01.47] Gua_xiao_ye bought 60 for 120.0 from Shop world(-175, 61, 175) Owner: 系统商店 - b741858e-4ac8-31dc-9218-2cef4aebf7a0 Unlimited: true Price: 2.0 Item: ItemStack{GLASS x 1}
[2017-08-05 09:32:12.189] kid sold 512 for 256.0 to Shop world(-184, 61, 167) Owner: 系统商店 - b741858e-4ac8-31dc-9218-2cef4aebf7a0 Unlimited: true Price: 0.5 Item: ItemStack{POTATO_ITEM x 1}
[2017-08-05 09:32:29.637] kid sold 224 for 89.60000000000001 to Shop world(-186, 61, 167) Owner: 系统商店 - b741858e-4ac8-31dc-9218-2cef4aebf7a0 Unlimited: true Price: 0.4 Item: ItemStack{SUGAR_CANE x 1}
[2017-08-05 09:32:55.996] kid sold 30 for 7500.0 to Shop world(-183, 70, 173) Owner: 系统商店 - b741858e-4ac8-31dc-9218-2cef4aebf7a0 Unlimited: true Price: 250.0 Item: ItemStack{LAPIS_BLOCK x 1}
[2017-08-05 09:33:02.489] kid sold 2 for 800.0 to Shop world(-182, 70, 168) Owner: 系统商店 - b741858e-4ac8-31dc-9218-2cef4aebf7a0 Unlimited: true Price: 400.0 Item: ItemStack{GOLD_BLOCK x 1}
[2017-08-05 09:33:07.639] kid sold 10 for 1600.0 to Shop world(-184, 70, 168) Owner: 系统商店 - b741858e-4ac8-31dc-9218-2cef4aebf7a0 Unlimited: true Price: 160.0 Item: ItemStack{IRON_BLOCK x 1}
[2017-08-05 09:33:15.046] kid sold 20 for 400.0 to Shop world(-183, 70, 175) Owner: 系统商店 - b741858e-4ac8-31dc-9218-2cef4aebf7a0 Unlimited: true Price: 20.0 Item: ItemStack{REDSTONE_BLOCK x 1}
[2017-08-05 09:33:52.748] kid sold 2 for 40.0 to Shop world(-183, 70, 175) Owner: 系统商店 - b741858e-4ac8-31dc-9218-2cef4aebf7a0 Unlimited: true Price: 20.0 Item: ItemStack{REDSTONE_BLOCK x 1}
[2017-08-05 09:37:02.696] kid sold 10 for 2500.0 to Shop world(-183, 70, 173) Owner: 系统商店 - b741858e-4ac8-31dc-9218-2cef4aebf7a0 Unlimited: true Price: 250.0 Item: ItemStack{LAPIS_BLOCK x 1}
[2017-08-05 17:02:19.361] Sailay sold 1 for 400.0 to Shop world(-182, 70, 168) Owner: 系统商店 - b741858e-4ac8-31dc-9218-2cef4aebf7a0 Unlimited: true Price: 400.0 Item: ItemStack{GOLD_BLOCK x 1}
[2017-08-05 17:02:27.51] Sailay sold 1 for 160.0 to Shop world(-184, 70, 168) Owner: 系统商店 - b741858e-4ac8-31dc-9218-2cef4aebf7a0 Unlimited: true Price: 160.0 Item: ItemStack{IRON_BLOCK x 1}
[2017-08-05 19:22:30.253] Gua_xiao_ye bought 64 for 128.0 from Shop world(-175, 61, 175) Owner: 系统商店 - b741858e-4ac8-31dc-9218-2cef4aebf7a0 Unlimited: true Price: 2.0 Item: ItemStack{GLASS x 1}
[2017-08-05 19:44:55.512] Gua_xiao_ye bought 164 for 328.0 from Shop world(-177, 61, 175) Owner: 系统商店 - b741858e-4ac8-31dc-9218-2cef4aebf7a0 Unlimited: true Price: 2.0 Item: ItemStack{PURPUR_BLOCK x 1}
[2017-08-05 19:45:05.06] Gua_xiao_ye bought 64 for 128.0 from Shop world(-177, 61, 175) Owner: 系统商店 - b741858e-4ac8-31dc-9218-2cef4aebf7a0 Unlimited: true Price: 2.0 Item: ItemStack{PURPUR_BLOCK x 1}
[2017-08-05 19:49:47.49] FYJL sold 12 for 120.0 to Shop world(-186, 61, 171) Owner: 系统商店 - b741858e-4ac8-31dc-9218-2cef4aebf7a0 Unlimited: true Price: 10.0 Item: ItemStack{RAW_FISH x 1}
[2017-08-05 19:49:52.59] FYJL sold 5 for 50.0 to Shop world(-186, 61, 169) Owner: 系统商店 - b741858e-4ac8-31dc-9218-2cef4aebf7a0 Unlimited: true Price: 10.0 Item: ItemStack{RAW_FISH x 1}
[2017-08-05 19:51:56.786] Gua_xiao_ye bought 256 for 512.0 from Shop world(-177, 61, 175) Owner: 系统商店 - b741858e-4ac8-31dc-9218-2cef4aebf7a0 Unlimited: true Price: 2.0 Item: ItemStack{PURPUR_BLOCK x 1}
[2017-08-05 19:52:07.646] Gua_xiao_ye bought 100 for 200.0 from Shop world(-177, 61, 175) Owner: 系统商店 - b741858e-4ac8-31dc-9218-2cef4aebf7a0 Unlimited: true Price: 2.0 Item: ItemStack{PURPUR_BLOCK x 1}
[2017-08-05 19:52:26.35] Gua_xiao_ye bought 22 for 44.0 from Shop world(-177, 61, 175) Owner: 系统商店 - b741858e-4ac8-31dc-9218-2cef4aebf7a0 Unlimited: true Price: 2.0 Item: ItemStack{PURPUR_BLOCK x 1}
[2017-08-05 20:00:13.789] Hailay created a Grass shop at (world - -173.0,61.0,175.0)
[2017-08-05 20:06:11.087] GuiQi bought 1 for 2.0 from Shop world(-173, 61, 175) Owner: 系统商店 - b741858e-4ac8-31dc-9218-2cef4aebf7a0 Unlimited: true Price: 2.0 Item: ItemStack{GRASS x 1}
[2017-08-05 20:06:51.768] GuiQi bought 30 for 60.0 from Shop world(-177, 61, 175) Owner: 系统商店 - b741858e-4ac8-31dc-9218-2cef4aebf7a0 Unlimited: true Price: 2.0 Item: ItemStack{PURPUR_BLOCK x 1}
[2017-08-05 20:09:47.863] yeiloucd bought 1 for 0.8 from Shop world(-35, 64, 189) Owner: Strick - 16fef344-06c8-3c27-b30a-f46390d529b6 Price: 0.8 Item: ItemStack{POTATO_ITEM x 1}
[2017-08-05 20:09:56.112] yeiloucd bought 1 for 0.8 from Shop world(-31, 64, 185) Owner: Strick - 16fef344-06c8-3c27-b30a-f46390d529b6 Price: 0.8 Item: ItemStack{CARROT_ITEM x 1}
[2017-08-05 20:10:00.059] yeiloucd bought 1 for 0.8 from Shop world(-31, 64, 189) Owner: Strick - 16fef344-06c8-3c27-b30a-f46390d529b6 Price: 0.8 Item: ItemStack{MELON x 1}
[2017-08-05 20:10:05.744] yeiloucd bought 1 for 0.8 from Shop world(-37, 64, 189) Owner: Strick - 16fef344-06c8-3c27-b30a-f46390d529b6 Price: 0.8 Item: ItemStack{SUGAR_CANE x 1}
[2017-08-05 20:21:10.36] yeiloucd sold 64 for 64.0 to Shop world(-184, 70, 178) Owner: 系统商店 - b741858e-4ac8-31dc-9218-2cef4aebf7a0 Unlimited: true Price: 1.0 Item: ItemStack{LOG x 1}
[2017-08-05 20:21:12.66] yeiloucd sold 64 for 64.0 to Shop world(-184, 70, 178) Owner: 系统商店 - b741858e-4ac8-31dc-9218-2cef4aebf7a0 Unlimited: true Price: 1.0 Item: ItemStack{LOG x 1}
[2017-08-05 20:48:16.037] FYJL bought 1 for 100.0 from Shop world(-178, 61, 169) Owner: 系统商店 - b741858e-4ac8-31dc-9218-2cef4aebf7a0 Unlimited: true Price: 100.0 Item: ItemStack{DIAMOND x 1}
[2017-08-05 20:52:08.201] FYJL bought 1 for 100.0 from Shop world(-178, 61, 169) Owner: 系统商店 - b741858e-4ac8-31dc-9218-2cef4aebf7a0 Unlimited: true Price: 100.0 Item: ItemStack{DIAMOND x 1}
[2017-08-05 21:16:10.574] Sailay bought 5 for 10.0 from Shop world(-175, 61, 175) Owner: 系统商店 - b741858e-4ac8-31dc-9218-2cef4aebf7a0 Unlimited: true Price: 2.0 Item: ItemStack{GLASS x 1}
[2017-08-05 21:22:59.786] Sailay bought 10 for 20.0 from Shop world(-177, 61, 175) Owner: 系统商店 - b741858e-4ac8-31dc-9218-2cef4aebf7a0 Unlimited: true Price: 2.0 Item: ItemStack{PURPUR_BLOCK x 1}
[2017-08-05 21:27:03.949] Sailay bought 2 for 4.0 from Shop world(-177, 61, 175) Owner: 系统商店 - b741858e-4ac8-31dc-9218-2cef4aebf7a0 Unlimited: true Price: 2.0 Item: ItemStack{PURPUR_BLOCK x 1}
[2017-08-05 21:29:58.017] Tinatinatina sold 25 for 25.0 to Shop world(-184, 70, 178) Owner: 系统商店 - b741858e-4ac8-31dc-9218-2cef4aebf7a0 Unlimited: true Price: 1.0 Item: ItemStack{LOG x 1}
[2017-08-05 21:34:23.88] Tinatinatina bought 50 for 40.0 from Shop world(-31, 64, 185) Owner: Strick - 16fef344-06c8-3c27-b30a-f46390d529b6 Price: 0.8 Item: ItemStack{CARROT_ITEM x 1}
[2017-08-05 21:52:55.225] FFF sold 1 for 600.0 to Shop world(-180, 70, 168) Owner: 系统商店 - b741858e-4ac8-31dc-9218-2cef4aebf7a0 Unlimited: true Price: 600.0 Item: ItemStack{DIAMOND_BLOCK x 1}
[2017-08-05 21:57:42.421] FYJL sold 28 for 560.0 to Shop world(-183, 70, 175) Owner: 系统商店 - b741858e-4ac8-31dc-9218-2cef4aebf7a0 Unlimited: true Price: 20.0 Item: ItemStack{REDSTONE_BLOCK x 1}
[2017-08-05 21:57:46.893] FYJL sold 13 for 3250.0 to Shop world(-183, 70, 173) Owner: 系统商店 - b741858e-4ac8-31dc-9218-2cef4aebf7a0 Unlimited: true Price: 250.0 Item: ItemStack{LAPIS_BLOCK x 1}
[2017-08-05 22:00:51.646] Gua_xiao_ye sold 7 for 4200.0 to Shop world(-180, 70, 168) Owner: 系统商店 - b741858e-4ac8-31dc-9218-2cef4aebf7a0 Unlimited: true Price: 600.0 Item: ItemStack{DIAMOND_BLOCK x 1}
[2017-08-05 22:01:18.72] HailayLin created a Quartz Block  shop at (world - -171.0,61.0,175.0)
[2017-08-05 22:01:31.816] Gua_xiao_ye sold 12 for 3000.0 to Shop world(-183, 70, 173) Owner: 系统商店 - b741858e-4ac8-31dc-9218-2cef4aebf7a0 Unlimited: true Price: 250.0 Item: ItemStack{LAPIS_BLOCK x 1}
[2017-08-05 22:02:01.897] Gua_xiao_ye bought 300 for 600.0 from Shop world(-177, 61, 175) Owner: 系统商店 - b741858e-4ac8-31dc-9218-2cef4aebf7a0 Unlimited: true Price: 2.0 Item: ItemStack{PURPUR_BLOCK x 1}
[2017-08-05 22:02:10.397] Gua_xiao_ye bought 64 for 128.0 from Shop world(-175, 61, 175) Owner: 系统商店 - b741858e-4ac8-31dc-9218-2cef4aebf7a0 Unlimited: true Price: 2.0 Item: ItemStack{GLASS x 1}
[2017-08-05 22:02:17.436] Gua_xiao_ye bought 300 for 600.0 from Shop world(-171, 61, 175) Owner: 系统商店 - 3c8bba07-75a6-31c0-a418-3d80014af2ca Unlimited: true Price: 2.0 Item: ItemStack{QUARTZ_BLOCK x 1}
[2017-08-05 22:02:55.204] Gua_xiao_ye bought 128 for 256.0 from Shop world(-177, 61, 175) Owner: 系统商店 - b741858e-4ac8-31dc-9218-2cef4aebf7a0 Unlimited: true Price: 2.0 Item: ItemStack{PURPUR_BLOCK x 1}
[2017-08-05 22:03:02.517] Gua_xiao_ye bought 20 for 40.0 from Shop world(-177, 61, 175) Owner: 系统商店 - b741858e-4ac8-31dc-9218-2cef4aebf7a0 Unlimited: true Price: 2.0 Item: ItemStack{PURPUR_BLOCK x 1}
[2017-08-05 22:03:17.701] Gua_xiao_ye bought 64 for 128.0 from Shop world(-175, 61, 175) Owner: 系统商店 - b741858e-4ac8-31dc-9218-2cef4aebf7a0 Unlimited: true Price: 2.0 Item: ItemStack{GLASS x 1}
[2017-08-05 22:05:12.267] HailayLin created a Leather shop at (world - -186.0,61.0,169.0)
[2017-08-05 22:06:51.389] FYJL sold 10 for 200.0 to Shop world(-183, 70, 175) Owner: 系统商店 - b741858e-4ac8-31dc-9218-2cef4aebf7a0 Unlimited: true Price: 20.0 Item: ItemStack{REDSTONE_BLOCK x 1}
[2017-08-05 22:06:53.991] FYJL sold 10 for 2500.0 to Shop world(-183, 70, 173) Owner: 系统商店 - b741858e-4ac8-31dc-9218-2cef4aebf7a0 Unlimited: true Price: 250.0 Item: ItemStack{LAPIS_BLOCK x 1}
[2017-08-05 22:06:56.94] FYJL sold 4 for 80.0 to Shop world(-183, 70, 175) Owner: 系统商店 - b741858e-4ac8-31dc-9218-2cef4aebf7a0 Unlimited: true Price: 20.0 Item: ItemStack{REDSTONE_BLOCK x 1}
[2017-08-05 22:23:56.699] FYJL sold 13 for 260.0 to Shop world(-183, 70, 175) Owner: 系统商店 - b741858e-4ac8-31dc-9218-2cef4aebf7a0 Unlimited: true Price: 20.0 Item: ItemStack{REDSTONE_BLOCK x 1}
[2017-08-05 22:24:59.176] FYJL sold 1 for 600.0 to Shop world(-180, 70, 168) Owner: 系统商店 - b741858e-4ac8-31dc-9218-2cef4aebf7a0 Unlimited: true Price: 600.0 Item: ItemStack{DIAMOND_BLOCK x 1}
[2017-08-05 22:26:19.464] HailayLin created a Stained Clay:1  shop at (world - -177.0,61.0,177.0)
[2017-08-05 22:28:18.984] HailayLin created a Oak Log  shop at (world - -175.0,61.0,177.0)
[2017-08-05 22:29:16.954] Tinatinatina bought 30 for 60.0 from Shop world(-175, 61, 177) Owner: 系统商店 - 3c8bba07-75a6-31c0-a418-3d80014af2ca Unlimited: true Price: 2.0 Item: ItemStack{LOG x 1}
[2017-08-05 22:30:16.947] Jioke bought 64 for 128.0 from Shop world(-177, 61, 177) Owner: 系统商店 - 3c8bba07-75a6-31c0-a418-3d80014af2ca Unlimited: true Price: 2.0 Item: ItemStack{STAINED_CLAY x 1}
[2017-08-05 22:31:31.416] HailayLin created a Pine Log  shop at (world - -173.0,61.0,177.0)
[2017-08-05 22:31:38.636] HailayLin created a Birch Log  shop at (world - -171.0,61.0,177.0)
[2017-08-05 22:31:42.787] HailayLin created a Jungle Log  shop at (world - -171.0,61.0,179.0)
[2017-08-05 22:31:45.97] HailayLin created a Log 2  shop at (world - -173.0,61.0,179.0)
[2017-08-05 22:31:49.613] HailayLin created a Log 2:1  shop at (world - -175.0,61.0,179.0)
[2017-08-05 22:33:49.261] Orange0JuIcE sold 2 for 0.8 to Shop world(-186, 61, 167) Owner: 系统商店 - b741858e-4ac8-31dc-9218-2cef4aebf7a0 Unlimited: true Price: 0.4 Item: ItemStack{SUGAR_CANE x 1}
[2017-08-05 22:35:06.8] Orange0JuIcE sold 2 for 1200.0 to Shop world(-180, 70, 168) Owner: 系统商店 - b741858e-4ac8-31dc-9218-2cef4aebf7a0 Unlimited: true Price: 600.0 Item: ItemStack{DIAMOND_BLOCK x 1}
[2017-08-05 22:40:57.47] Tinatinatina sold 19 for 19.0 to Shop world(-186, 70, 176) Owner: 系统商店 - b741858e-4ac8-31dc-9218-2cef4aebf7a0 Unlimited: true Price: 1.0 Item: ItemStack{LOG x 1}
[2017-08-05 22:41:22.224] Tinatinatina sold 8 for 3.2 to Shop world(-186, 61, 167) Owner: 系统商店 - b741858e-4ac8-31dc-9218-2cef4aebf7a0 Unlimited: true Price: 0.4 Item: ItemStack{SUGAR_CANE x 1}
[2017-08-05 22:42:25.239] Tinatinatina bought 1 for 5.0 from Shop world(-80, 80, 247) Owner: JasonHung721 - 09942b49-4954-32e2-8337-c912e00069f9 Price: 5.0 Item: ItemStack{COOKED_MUTTON x 1}
[2017-08-05 22:42:32.359] Orange0JuIcE sold 7 for 1750.0 to Shop world(-183, 70, 173) Owner: 系统商店 - b741858e-4ac8-31dc-9218-2cef4aebf7a0 Unlimited: true Price: 250.0 Item: ItemStack{LAPIS_BLOCK x 1}
[2017-08-05 22:42:46.061] Orange0JuIcE sold 28 for 560.0 to Shop world(-183, 70, 175) Owner: 系统商店 - b741858e-4ac8-31dc-9218-2cef4aebf7a0 Unlimited: true Price: 20.0 Item: ItemStack{REDSTONE_BLOCK x 1}
[2017-08-05 22:43:01.08] Orange0JuIcE sold 8 for 8.0 to Shop world(-186, 70, 170) Owner: 系统商店 - b741858e-4ac8-31dc-9218-2cef4aebf7a0 Unlimited: true Price: 1.0 Item: ItemStack{COAL_BLOCK x 1}
[2017-08-05 22:43:14.594] Orange0JuIcE sold 3 for 1200.0 to Shop world(-182, 70, 168) Owner: 系统商店 - b741858e-4ac8-31dc-9218-2cef4aebf7a0 Unlimited: true Price: 400.0 Item: ItemStack{GOLD_BLOCK x 1}
[2017-08-05 22:43:27.222] Orange0JuIcE sold 3 for 1800.0 to Shop world(-180, 70, 168) Owner: 系统商店 - b741858e-4ac8-31dc-9218-2cef4aebf7a0 Unlimited: true Price: 600.0 Item: ItemStack{DIAMOND_BLOCK x 1}
[2017-08-05 22:44:59.844] Orange0JuIcE bought 1 for 30.0 from Shop world(-178, 61, 165) Owner: 系统商店 - b741858e-4ac8-31dc-9218-2cef4aebf7a0 Unlimited: true Price: 30.0 Item: ItemStack{BLAZE_ROD x 1}
[2017-08-05 22:45:33.248] Tinatinatina sold 54 for 21.6 to Shop world(-186, 61, 167) Owner: 系统商店 - b741858e-4ac8-31dc-9218-2cef4aebf7a0 Unlimited: true Price: 0.4 Item: ItemStack{SUGAR_CANE x 1}
[2017-08-05 22:45:50.379] Tinatinatina sold 77 for 38.5 to Shop world(-184, 61, 165) Owner: 系统商店 - b741858e-4ac8-31dc-9218-2cef4aebf7a0 Unlimited: true Price: 0.5 Item: ItemStack{MELON x 1}
[2017-08-05 22:47:15.625] Tinatinatina bought 25 for 50.0 from Shop world(-173, 61, 177) Owner: 系统商店 - 3c8bba07-75a6-31c0-a418-3d80014af2ca Unlimited: true Price: 2.0 Item: ItemStack{LOG x 1}
[2017-08-05 23:21:45.467] Jioke bought 64 for 128.0 from Shop world(-177, 61, 177) Owner: 系统商店 - 3c8bba07-75a6-31c0-a418-3d80014af2ca Unlimited: true Price: 2.0 Item: ItemStack{STAINED_CLAY x 1}
[2017-08-05 23:36:30.482] HailayLin created a White Wool  shop at (world - -177.0,61.0,179.0)
[2017-08-05 23:36:44.577] HailayLin created a Sandstone shop at (world - -177.0,61.0,179.0)
[2017-08-05 23:37:08.097] Jioke bought 128 for 256.0 from Shop world(-177, 61, 179) Owner: 系统商店 - 3c8bba07-75a6-31c0-a418-3d80014af2ca Unlimited: true Price: 2.0 Item: ItemStack{SANDSTONE x 1}
[2017-08-05 23:37:48.893] HailayLin created a Ice shop at (world - -177.0,61.0,181.0)
[2017-08-05 23:37:55.078] HailayLin created a Glowstone shop at (world - -175.0,61.0,181.0)
[2017-08-05 23:38:03.432] HailayLin created a Mossy Cobblestone  shop at (world - -173.0,61.0,181.0)
[2017-08-05 23:43:41.716] 1025 bought 6 for 12.0 from Shop world(-175, 61, 181) Owner: 系统商店 - 3c8bba07-75a6-31c0-a418-3d80014af2ca Unlimited: true Price: 2.0 Item: ItemStack{GLOWSTONE x 1}
[2017-08-05 23:45:24.064] 1025 bought 6 for 12.0 from Shop world(-173, 61, 175) Owner: 系统商店 - b741858e-4ac8-31dc-9218-2cef4aebf7a0 Unlimited: true Price: 2.0 Item: ItemStack{GRASS x 1}
[2017-08-05 23:45:42.202] 1025 bought 6 for 12.0 from Shop world(-177, 61, 181) Owner: 系统商店 - 3c8bba07-75a6-31c0-a418-3d80014af2ca Unlimited: true Price: 2.0 Item: ItemStack{ICE x 1}
[2017-08-06 00:18:23.411] HailayLin created a Ender Pearl  shop at (world - -178.0,61.0,161.0)
[2017-08-06 09:53:16.339] GuiQi bought 1 for 5.0 from Shop world(-80, 80, 247) Owner: JasonHung721 - 09942b49-4954-32e2-8337-c912e00069f9 Price: 5.0 Item: ItemStack{COOKED_MUTTON x 1}
[2017-08-06 10:45:39.118] kid sold 96 for 1920.0 to Shop world(-183, 70, 175) Owner: 系统商店 - b741858e-4ac8-31dc-9218-2cef4aebf7a0 Unlimited: true Price: 20.0 Item: ItemStack{REDSTONE_BLOCK x 1}
[2017-08-06 10:45:45.801] kid sold 22 for 5500.0 to Shop world(-183, 70, 173) Owner: 系统商店 - b741858e-4ac8-31dc-9218-2cef4aebf7a0 Unlimited: true Price: 250.0 Item: ItemStack{LAPIS_BLOCK x 1}
[2017-08-06 10:45:52.528] kid sold 13 for 2080.0 to Shop world(-184, 70, 168) Owner: 系统商店 - b741858e-4ac8-31dc-9218-2cef4aebf7a0 Unlimited: true Price: 160.0 Item: ItemStack{IRON_BLOCK x 1}
[2017-08-06 10:45:56.561] kid sold 1 for 600.0 to Shop world(-180, 70, 168) Owner: 系统商店 - b741858e-4ac8-31dc-9218-2cef4aebf7a0 Unlimited: true Price: 600.0 Item: ItemStack{DIAMOND_BLOCK x 1}
[2017-08-06 12:34:07.423] Gua_xiao_ye bought 64 for 128.0 from Shop world(-171, 61, 175) Owner: 系统商店 - 3c8bba07-75a6-31c0-a418-3d80014af2ca Unlimited: true Price: 2.0 Item: ItemStack{QUARTZ_BLOCK x 1}
[2017-08-06 12:34:13.841] Gua_xiao_ye bought 64 for 128.0 from Shop world(-177, 61, 175) Owner: 系统商店 - b741858e-4ac8-31dc-9218-2cef4aebf7a0 Unlimited: true Price: 2.0 Item: ItemStack{PURPUR_BLOCK x 1}
[2017-08-06 12:34:28.38] Gua_xiao_ye bought 128 for 256.0 from Shop world(-177, 61, 175) Owner: 系统商店 - b741858e-4ac8-31dc-9218-2cef4aebf7a0 Unlimited: true Price: 2.0 Item: ItemStack{PURPUR_BLOCK x 1}
[2017-08-06 12:34:33.183] Gua_xiao_ye bought 128 for 256.0 from Shop world(-177, 61, 175) Owner: 系统商店 - b741858e-4ac8-31dc-9218-2cef4aebf7a0 Unlimited: true Price: 2.0 Item: ItemStack{PURPUR_BLOCK x 1}
[2017-08-06 12:34:40.648] Gua_xiao_ye bought 128 for 256.0 from Shop world(-171, 61, 175) Owner: 系统商店 - 3c8bba07-75a6-31c0-a418-3d80014af2ca Unlimited: true Price: 2.0 Item: ItemStack{QUARTZ_BLOCK x 1}
[2017-08-06 12:34:45.419] Gua_xiao_ye bought 128 for 256.0 from Shop world(-171, 61, 175) Owner: 系统商店 - 3c8bba07-75a6-31c0-a418-3d80014af2ca Unlimited: true Price: 2.0 Item: ItemStack{QUARTZ_BLOCK x 1}
[2017-08-06 12:44:10.125] 1025 bought 64 for 128.0 from Shop world(-177, 61, 177) Owner: 系统商店 - 3c8bba07-75a6-31c0-a418-3d80014af2ca Unlimited: true Price: 2.0 Item: ItemStack{STAINED_CLAY x 1}
[2017-08-06 12:44:17.651] 1025 bought 64 for 128.0 from Shop world(-177, 61, 177) Owner: 系统商店 - 3c8bba07-75a6-31c0-a418-3d80014af2ca Unlimited: true Price: 2.0 Item: ItemStack{STAINED_CLAY x 1}
[2017-08-06 12:44:24.64] 1025 bought 64 for 128.0 from Shop world(-177, 61, 177) Owner: 系统商店 - 3c8bba07-75a6-31c0-a418-3d80014af2ca Unlimited: true Price: 2.0 Item: ItemStack{STAINED_CLAY x 1}
[2017-08-06 12:45:07.6] 1025 bought 64 for 128.0 from Shop world(-171, 61, 175) Owner: 系统商店 - 3c8bba07-75a6-31c0-a418-3d80014af2ca Unlimited: true Price: 2.0 Item: ItemStack{QUARTZ_BLOCK x 1}
[2017-08-06 12:45:13.967] 1025 bought 64 for 128.0 from Shop world(-171, 61, 175) Owner: 系统商店 - 3c8bba07-75a6-31c0-a418-3d80014af2ca Unlimited: true Price: 2.0 Item: ItemStack{QUARTZ_BLOCK x 1}
[2017-08-06 12:45:22.869] 1025 bought 64 for 128.0 from Shop world(-171, 61, 175) Owner: 系统商店 - 3c8bba07-75a6-31c0-a418-3d80014af2ca Unlimited: true Price: 2.0 Item: ItemStack{QUARTZ_BLOCK x 1}
[2017-08-06 12:45:54.011] 1025 bought 64 for 128.0 from Shop world(-175, 61, 177) Owner: 系统商店 - 3c8bba07-75a6-31c0-a418-3d80014af2ca Unlimited: true Price: 2.0 Item: ItemStack{LOG x 1}
[2017-08-06 12:53:13.645] 1025 bought 30 for 60.0 from Shop world(-171, 61, 175) Owner: 系统商店 - 3c8bba07-75a6-31c0-a418-3d80014af2ca Unlimited: true Price: 2.0 Item: ItemStack{QUARTZ_BLOCK x 1}
[2017-08-06 12:53:24.483] kid sold 512 for 256.0 to Shop world(-184, 61, 165) Owner: 系统商店 - b741858e-4ac8-31dc-9218-2cef4aebf7a0 Unlimited: true Price: 0.5 Item: ItemStack{MELON x 1}
[2017-08-06 12:53:41.944] kid sold 7 for 3.5 to Shop world(-184, 61, 165) Owner: 系统商店 - b741858e-4ac8-31dc-9218-2cef4aebf7a0 Unlimited: true Price: 0.5 Item: ItemStack{MELON x 1}
[2017-08-06 13:01:44.239] 1025 bought 64 for 128.0 from Shop world(-177, 61, 177) Owner: 系统商店 - 3c8bba07-75a6-31c0-a418-3d80014af2ca Unlimited: true Price: 2.0 Item: ItemStack{STAINED_CLAY x 1}
[2017-08-06 13:01:51.1] 1025 bought 64 for 128.0 from Shop world(-177, 61, 177) Owner: 系统商店 - 3c8bba07-75a6-31c0-a418-3d80014af2ca Unlimited: true Price: 2.0 Item: ItemStack{STAINED_CLAY x 1}
[2017-08-06 13:01:56.741] 1025 bought 64 for 128.0 from Shop world(-175, 61, 177) Owner: 系统商店 - 3c8bba07-75a6-31c0-a418-3d80014af2ca Unlimited: true Price: 2.0 Item: ItemStack{LOG x 1}
[2017-08-06 13:02:05.043] 1025 bought 64 for 128.0 from Shop world(-175, 61, 177) Owner: 系统商店 - 3c8bba07-75a6-31c0-a418-3d80014af2ca Unlimited: true Price: 2.0 Item: ItemStack{LOG x 1}
[2017-08-06 13:24:51.184] Gua_xiao_ye bought 64 for 128.0 from Shop world(-171, 61, 175) Owner: 系统商店 - 3c8bba07-75a6-31c0-a418-3d80014af2ca Unlimited: true Price: 2.0 Item: ItemStack{QUARTZ_BLOCK x 1}
[2017-08-06 13:28:26.206] Gua_xiao_ye bought 128 for 256.0 from Shop world(-177, 61, 175) Owner: 系统商店 - b741858e-4ac8-31dc-9218-2cef4aebf7a0 Unlimited: true Price: 2.0 Item: ItemStack{PURPUR_BLOCK x 1}
[2017-08-06 13:33:42.632] Gua_xiao_ye bought 256 for 512.0 from Shop world(-177, 61, 175) Owner: 系统商店 - b741858e-4ac8-31dc-9218-2cef4aebf7a0 Unlimited: true Price: 2.0 Item: ItemStack{PURPUR_BLOCK x 1}
[2017-08-06 13:37:06.015] Jioke bought 100 for 200.0 from Shop world(-173, 61, 177) Owner: 系统商店 - 3c8bba07-75a6-31c0-a418-3d80014af2ca Unlimited: true Price: 2.0 Item: ItemStack{LOG x 1}
[2017-08-06 13:37:20.446] Jioke bought 700 for 1400.0 from Shop world(-173, 61, 177) Owner: 系统商店 - 3c8bba07-75a6-31c0-a418-3d80014af2ca Unlimited: true Price: 2.0 Item: ItemStack{LOG x 1}
[2017-08-06 13:43:17.574] Gua_xiao_ye bought 256 for 512.0 from Shop world(-177, 61, 175) Owner: 系统商店 - b741858e-4ac8-31dc-9218-2cef4aebf7a0 Unlimited: true Price: 2.0 Item: ItemStack{PURPUR_BLOCK x 1}
[2017-08-06 13:43:24.1] Gua_xiao_ye bought 200 for 400.0 from Shop world(-177, 61, 175) Owner: 系统商店 - b741858e-4ac8-31dc-9218-2cef4aebf7a0 Unlimited: true Price: 2.0 Item: ItemStack{PURPUR_BLOCK x 1}
[2017-08-06 13:43:29.517] Gua_xiao_ye bought 20 for 40.0 from Shop world(-177, 61, 175) Owner: 系统商店 - b741858e-4ac8-31dc-9218-2cef4aebf7a0 Unlimited: true Price: 2.0 Item: ItemStack{PURPUR_BLOCK x 1}
[2017-08-06 14:11:57.876] lovely_FENGLIAO bought 500 for 1000.0 from Shop world(-177, 61, 175) Owner: 系统商店 - b741858e-4ac8-31dc-9218-2cef4aebf7a0 Unlimited: true Price: 2.0 Item: ItemStack{PURPUR_BLOCK x 1}
[2017-08-06 14:12:49.667] Gua_xiao_ye bought 64 for 128.0 from Shop world(-171, 61, 175) Owner: 系统商店 - b741858e-4ac8-31dc-9218-2cef4aebf7a0 Unlimited: true Price: 2.0 Item: ItemStack{QUARTZ_BLOCK x 1}
[2017-08-06 14:17:22.106] lovely_FENGLIAO bought 400 for 800.0 from Shop world(-173, 61, 177) Owner: 系统商店 - b741858e-4ac8-31dc-9218-2cef4aebf7a0 Unlimited: true Price: 2.0 Item: ItemStack{LOG x 1}
[2017-08-06 14:17:43.169] lovely_FENGLIAO bought 300 for 600.0 from Shop world(-175, 61, 177) Owner: 系统商店 - b741858e-4ac8-31dc-9218-2cef4aebf7a0 Unlimited: true Price: 2.0 Item: ItemStack{LOG x 1}
[2017-08-06 14:52:19.393] 1025 sold 7 for 4200.0 to Shop world(-180, 70, 168) Owner: 系统商店 - b741858e-4ac8-31dc-9218-2cef4aebf7a0 Unlimited: true Price: 600.0 Item: ItemStack{DIAMOND_BLOCK x 1}
[2017-08-06 14:52:53.47] 1025 bought 64 for 128.0 from Shop world(-177, 61, 177) Owner: 系统商店 - b741858e-4ac8-31dc-9218-2cef4aebf7a0 Unlimited: true Price: 2.0 Item: ItemStack{STAINED_CLAY x 1}
[2017-08-06 14:53:38.281] 1025 bought 64 for 128.0 from Shop world(-175, 61, 179) Owner: 系统商店 - b741858e-4ac8-31dc-9218-2cef4aebf7a0 Unlimited: true Price: 2.0 Item: ItemStack{LOG_2 x 1}
[2017-08-06 14:56:49.181] Gua_xiao_ye bought 64 for 128.0 from Shop world(-177, 61, 175) Owner: 系统商店 - b741858e-4ac8-31dc-9218-2cef4aebf7a0 Unlimited: true Price: 2.0 Item: ItemStack{PURPUR_BLOCK x 1}
[2017-08-06 15:29:17.196] strickczq created a Bow shop at (world - -31.0,64.0,191.0)
[2017-08-06 15:29:27.028] kid bought 1 for 1000.0 from Shop world(-31, 64, 191) Owner: strickczq - 36f31fca-efd9-3e69-9047-11a246eec88f Price: 1000.0 Item: ItemStack{BOW x 1, UNSPECIFIC_META:{meta-type=UNSPECIFIC, enchants={ARROW_KNOCKBACK=1, ARROW_INFINITE=1}}}
[2017-08-06 15:31:46.991] strickczq created a Bow shop at (world - -33.0,64.0,187.0)
[2017-08-06 15:32:06.131] kid bought 1 for 1500.0 from Shop world(-33, 64, 187) Owner: strickczq - 36f31fca-efd9-3e69-9047-11a246eec88f Price: 1500.0 Item: ItemStack{BOW x 1, UNSPECIFIC_META:{meta-type=UNSPECIFIC, enchants={DURABILITY=3, ARROW_DAMAGE=3, MENDING=1}}}
[2017-08-06 15:46:53.107] 1025 bought 128 for 256.0 from Shop world(-171, 61, 175) Owner: 系统商店 - b741858e-4ac8-31dc-9218-2cef4aebf7a0 Unlimited: true Price: 2.0 Item: ItemStack{QUARTZ_BLOCK x 1}
[2017-08-06 15:47:01.906] 1025 bought 128 for 256.0 from Shop world(-175, 61, 179) Owner: 系统商店 - b741858e-4ac8-31dc-9218-2cef4aebf7a0 Unlimited: true Price: 2.0 Item: ItemStack{LOG_2 x 1}
[2017-08-06 15:47:06.46] 1025 bought 128 for 256.0 from Shop world(-175, 61, 179) Owner: 系统商店 - b741858e-4ac8-31dc-9218-2cef4aebf7a0 Unlimited: true Price: 2.0 Item: ItemStack{LOG_2 x 1}
[2017-08-06 15:47:35.153] 1025 bought 64 for 128.0 from Shop world(-175, 61, 175) Owner: 系统商店 - b741858e-4ac8-31dc-9218-2cef4aebf7a0 Unlimited: true Price: 2.0 Item: ItemStack{GLASS x 1}
[2017-08-06 16:38:43.61] 1025 bought 64 for 128.0 from Shop world(-171, 61, 175) Owner: 系统商店 - b741858e-4ac8-31dc-9218-2cef4aebf7a0 Unlimited: true Price: 2.0 Item: ItemStack{QUARTZ_BLOCK x 1}
[2017-08-06 16:59:55.621] lovely_FENGLIAO bought 100 for 200.0 from Shop world(-175, 61, 175) Owner: 系统商店 - b741858e-4ac8-31dc-9218-2cef4aebf7a0 Unlimited: true Price: 2.0 Item: ItemStack{GLASS x 1}
[2017-08-06 17:56:36.628] Gua_xiao_ye sold 2 for 800.0 to Shop world(-182, 70, 168) Owner: 系统商店 - b741858e-4ac8-31dc-9218-2cef4aebf7a0 Unlimited: true Price: 400.0 Item: ItemStack{GOLD_BLOCK x 1}
[2017-08-06 17:56:41.529] Gua_xiao_ye sold 2 for 1200.0 to Shop world(-180, 70, 168) Owner: 系统商店 - b741858e-4ac8-31dc-9218-2cef4aebf7a0 Unlimited: true Price: 600.0 Item: ItemStack{DIAMOND_BLOCK x 1}
[2017-08-06 17:57:08.078] Gua_xiao_ye sold 3 for 60.0 to Shop world(-183, 70, 175) Owner: 系统商店 - b741858e-4ac8-31dc-9218-2cef4aebf7a0 Unlimited: true Price: 20.0 Item: ItemStack{REDSTONE_BLOCK x 1}
[2017-08-06 19:37:41.068] Tinatinatina sold 13 for 6.5 to Shop world(-184, 61, 163) Owner: 系统商店 - b741858e-4ac8-31dc-9218-2cef4aebf7a0 Unlimited: true Price: 0.5 Item: ItemStack{CARROT_ITEM x 1}
[2017-08-06 19:37:48.777] Tinatinatina sold 13 for 6.5 to Shop world(-184, 61, 163) Owner: 系统商店 - b741858e-4ac8-31dc-9218-2cef4aebf7a0 Unlimited: true Price: 0.5 Item: ItemStack{CARROT_ITEM x 1}
[2017-08-06 20:03:58.28] Tinatinatina sold 14 for 280.0 to Shop world(-186, 70, 170) Owner: 系统商店 - b741858e-4ac8-31dc-9218-2cef4aebf7a0 Unlimited: true Price: 20.0 Item: ItemStack{COAL_BLOCK x 1}
[2017-08-06 20:05:28.653] YanYuJiang_owo sold 10 for 10.0 to Shop world(-184, 70, 178) Owner: 系统商店 - b741858e-4ac8-31dc-9218-2cef4aebf7a0 Unlimited: true Price: 1.0 Item: ItemStack{LOG x 1}
[2017-08-06 20:05:33.957] YanYuJiang_owo sold 5 for 5.0 to Shop world(-186, 70, 176) Owner: 系统商店 - b741858e-4ac8-31dc-9218-2cef4aebf7a0 Unlimited: true Price: 1.0 Item: ItemStack{LOG x 1}
[2017-08-06 20:19:02.98] Xi_Luo sold 7 for 4200.0 to Shop world(-180, 70, 168) Owner: 系统商店 - b741858e-4ac8-31dc-9218-2cef4aebf7a0 Unlimited: true Price: 600.0 Item: ItemStack{DIAMOND_BLOCK x 1}
[2017-08-06 20:19:08.537] Xi_Luo sold 7 for 1120.0 to Shop world(-184, 70, 168) Owner: 系统商店 - b741858e-4ac8-31dc-9218-2cef4aebf7a0 Unlimited: true Price: 160.0 Item: ItemStack{IRON_BLOCK x 1}
[2017-08-06 20:43:12.694] Xi_Luo bought 100 for 200.0 from Shop world(-177, 61, 179) Owner: 系统商店 - b741858e-4ac8-31dc-9218-2cef4aebf7a0 Unlimited: true Price: 2.0 Item: ItemStack{SANDSTONE x 1}
[2017-08-06 20:48:30.921] Xi_Luo bought 200 for 400.0 from Shop world(-177, 61, 179) Owner: 系统商店 - b741858e-4ac8-31dc-9218-2cef4aebf7a0 Unlimited: true Price: 2.0 Item: ItemStack{SANDSTONE x 1}
[2017-08-06 20:50:48.335] Xi_Luo bought 1000 for 2000.0 from Shop world(-177, 61, 179) Owner: 系统商店 - b741858e-4ac8-31dc-9218-2cef4aebf7a0 Unlimited: true Price: 2.0 Item: ItemStack{SANDSTONE x 1}
[2017-08-06 20:57:07.522] Xi_Luo bought 500 for 1000.0 from Shop world(-175, 61, 177) Owner: 系统商店 - b741858e-4ac8-31dc-9218-2cef4aebf7a0 Unlimited: true Price: 2.0 Item: ItemStack{LOG x 1}
[2017-08-06 21:00:37.963] Gua_xiao_ye sold 35 for 4550.0 to Shop world(-183, 70, 173) Owner: 系统商店 - b741858e-4ac8-31dc-9218-2cef4aebf7a0 Unlimited: true Price: 130.0 Item: ItemStack{LAPIS_BLOCK x 1}
[2017-08-06 21:00:45.266] Gua_xiao_ye bought 4 for 4800.0 from Shop world(-178, 61, 163) Owner: 系统商店 - b741858e-4ac8-31dc-9218-2cef4aebf7a0 Unlimited: true Price: 1200.0 Item: ItemStack{GHAST_TEAR x 1}
[2017-08-06 21:00:49.113] Gua_xiao_ye bought 4 for 40.0 from Shop world(-178, 61, 161) Owner: 系统商店 - b741858e-4ac8-31dc-9218-2cef4aebf7a0 Unlimited: true Price: 10.0 Item: ItemStack{ENDER_PEARL x 1}
[2017-08-06 21:01:56.192] Gua_xiao_ye bought 64 for 128.0 from Shop world(-175, 61, 175) Owner: 系统商店 - b741858e-4ac8-31dc-9218-2cef4aebf7a0 Unlimited: true Price: 2.0 Item: ItemStack{GLASS x 1}
[2017-08-06 21:21:46.888] Xi_Luo sold 4 for 640.0 to Shop world(-184, 70, 168) Owner: 系统商店 - b741858e-4ac8-31dc-9218-2cef4aebf7a0 Unlimited: true Price: 160.0 Item: ItemStack{IRON_BLOCK x 1}
[2017-08-06 21:22:02.39] Xi_Luo bought 500 for 1000.0 from Shop world(-175, 61, 177) Owner: 系统商店 - b741858e-4ac8-31dc-9218-2cef4aebf7a0 Unlimited: true Price: 2.0 Item: ItemStack{LOG x 1}
[2017-08-06 21:22:14.005] Xi_Luo bought 500 for 1000.0 from Shop world(-175, 61, 175) Owner: 系统商店 - b741858e-4ac8-31dc-9218-2cef4aebf7a0 Unlimited: true Price: 2.0 Item: ItemStack{GLASS x 1}
[2017-08-06 21:31:20.599] Xi_Luo bought 64 for 128.0 from Shop world(-175, 61, 181) Owner: 系统商店 - b741858e-4ac8-31dc-9218-2cef4aebf7a0 Unlimited: true Price: 2.0 Item: ItemStack{GLOWSTONE x 1}
